2025-04-29 23:55:32 [main] INFO  LoggerUtils - Test Suite Started: Default test
2025-04-29 23:55:32 [main] INFO  LoggerUtils - Browser passed from testng.xml or Hooks: chrome
2025-04-29 23:56:06 [main] INFO  LoggerUtils - Navigated to application and LoginPage initialized
2025-04-29 23:56:06 [main] INFO  LoggerUtils - Test Started: loginToApplication
2025-04-29 23:56:16 [main] INFO  LoggerUtils - Clicked on element: [[ChromeDriver: chrome on mac (eabb4ba578184ce86611f6c9ec2c22cf)] -> xpath: //a[normalize-space()='Signup / Login']]
2025-04-29 23:56:16 [main] INFO  LoggerUtils - Fetched text: New User Signup!
2025-04-29 23:57:38 [main] INFO  LoggerUtils - Entered text: rohit
2025-04-29 23:58:59 [main] INFO  LoggerUtils - Entered text: qrrxco@gmail.com
2025-04-29 23:59:46 [main] INFO  LoggerUtils - Clicked on element: Proxy element for: DefaultElementLocator 'By.xpath: //div[@class='signup-form']//button[@type='submit']'
2025-04-30 00:00:26 [main] INFO  LoggerUtils - Fetched attribute [value] with value: rohit
2025-04-30 00:00:26 [main] INFO  LoggerUtils - Fetched attribute [value] with value: qrrxco@gmail.com
2025-04-30 00:00:28 [main] INFO  LoggerUtils - Clicked on element: [[ChromeDriver: chrome on mac (eabb4ba578184ce86611f6c9ec2c22cf)] -> css selector: #uniform-id_gender1]
2025-04-30 00:00:28 [main] INFO  LoggerUtils - Entered text: Nov@1122!0091
2025-04-30 00:00:30 [main] INFO  LoggerUtils - Selected value from dropdown by value: 5
2025-04-30 00:00:30 [main] INFO  LoggerUtils - Selected value from dropdown by value: 4
2025-04-30 00:00:31 [main] INFO  LoggerUtils - Selected value from dropdown by value: 2020
2025-04-30 00:00:32 [main] INFO  LoggerUtils - Entered text: rohit
2025-04-30 00:00:32 [main] INFO  LoggerUtils - Entered text: singh
2025-04-30 00:00:32 [main] INFO  LoggerUtils - Entered text: Coforge
2025-04-30 00:00:32 [main] INFO  LoggerUtils - Entered text: noida
2025-04-30 00:00:32 [main] INFO  LoggerUtils - Selected value from dropdown by value: India
2025-04-30 00:00:33 [main] INFO  LoggerUtils - Entered text: UP
2025-04-30 00:00:33 [main] INFO  LoggerUtils - Entered text: noida
2025-04-30 00:00:33 [main] INFO  LoggerUtils - Entered text: 541234
2025-04-30 00:00:34 [main] INFO  LoggerUtils - Entered text: 7643551111
2025-04-30 00:00:43 [main] INFO  LoggerUtils - Clicked element using JavaScript.
2025-04-30 00:00:45 [main] INFO  LoggerUtils - Fetched text: ACCOUNT CREATED!
2025-04-30 00:00:46 [main] INFO  LoggerUtils - Fetched text: Congratulations! Your new account has been successfully created!
2025-04-30 00:01:01 [main] INFO  LoggerUtils - Clicked element using JavaScript.
2025-04-30 00:01:02 [main] INFO  LoggerUtils - Fetched text: rohit
2025-04-30 00:01:51 [main] INFO  LoggerUtils - Clicked on element: Proxy element for: DefaultElementLocator 'By.xpath: //a[normalize-space()='Delete Account']'
2025-04-30 00:02:31 [main] INFO  LoggerUtils - Fetched text: ACCOUNT DELETED!
2025-04-30 00:02:31 [main] INFO  LoggerUtils - Fetched text: Your account has been permanently deleted!
2025-04-30 00:03:26 [main] INFO  LoggerUtils - Clicked on element: Proxy element for: DefaultElementLocator 'By.xpath: //a[text()='Continue']'
2025-04-30 00:04:46 [main] INFO  LoggerUtils - Test Passed: loginToApplication
2025-04-30 00:04:46 [main] INFO  LoggerUtils - Test Suite Finished: Default test
2025-04-30 00:06:40 [main] INFO  LoggerUtils - Browser passed from testng.xml or Hooks: chrome
2025-04-30 00:07:05 [main] INFO  LoggerUtils - Navigated to application and LoginPage initialized
2025-04-30 00:07:15 [main] INFO  LoggerUtils - Clicked on element: [[ChromeDriver: chrome on mac (448a09f93497061e2ae107629a71523f)] -> xpath: //a[normalize-space()='Signup / Login']]
2025-04-30 00:32:23 [main] INFO  LoggerUtils - Browser passed from testng.xml or Hooks: chrome
2025-04-30 00:32:39 [main] INFO  LoggerUtils - Navigated to application and LoginPage initialized
2025-04-30 00:32:49 [main] INFO  LoggerUtils - Clicked on element: [[ChromeDriver: chrome on mac (c6e1bf496470d93bbf18f3c77f092385)] -> xpath: //a[normalize-space()='Signup / Login']]
2025-04-30 00:36:51 [main] INFO  LoggerUtils - Browser passed from testng.xml or Hooks: chrome
2025-04-30 00:37:13 [main] INFO  LoggerUtils - Navigated to application and LoginPage initialized
2025-04-30 00:37:28 [main] INFO  LoggerUtils - Clicked on element: [[ChromeDriver: chrome on mac (747bc67678bddce2f1de427e0eb3ea94)] -> xpath: //a[normalize-space()='Signup / Login']]
2025-04-30 00:57:05 [main] INFO  LoggerUtils - Browser passed from testng.xml or Hooks: chrome
2025-04-30 00:57:20 [main] INFO  LoggerUtils - Navigated to application and LoginPage initialized
2025-04-30 00:57:33 [main] INFO  LoggerUtils - Clicked on element: [[ChromeDriver: chrome on mac (9f641e5e1ff2c5734eea0269062d810d)] -> xpath: //a[normalize-space()='Signup / Login']]
2025-04-30 01:02:25 [main] INFO  LoggerUtils - Browser passed from testng.xml or Hooks: chrome
2025-04-30 01:02:47 [main] INFO  LoggerUtils - Navigated to application and LoginPage initialized
2025-04-30 01:02:58 [main] INFO  LoggerUtils - Clicked on element: [[ChromeDriver: chrome on mac (f41a8008935fffbf2296a167f7c06f17)] -> xpath: //a[normalize-space()='Signup / Login']]
2025-04-30 01:13:40 [main] INFO  LoggerUtils - Browser passed from testng.xml or Hooks: chrome
2025-04-30 01:13:56 [main] INFO  LoggerUtils - Navigated to application and LoginPage initialized
2025-04-30 01:14:07 [main] INFO  LoggerUtils - Clicked on element: [[ChromeDriver: chrome on mac (83f275480c814e4a488094d61680a2fc)] -> xpath: //a[normalize-space()='Signup / Login']]
2025-04-30 01:16:55 [main] INFO  LoggerUtils - Browser passed from testng.xml or Hooks: chrome
2025-04-30 01:17:14 [main] INFO  LoggerUtils - Navigated to application and LoginPage initialized
2025-04-30 01:17:22 [main] INFO  LoggerUtils - Clicked on element: [[ChromeDriver: chrome on mac (52196b4fb44f47ed0a4246a1a206b5e7)] -> xpath: //a[normalize-space()='Signup / Login']]
2025-04-30 23:37:18 [main] INFO  LoggerUtils - Browser passed from testng.xml or Hooks: chrome
2025-04-30 23:37:36 [main] INFO  LoggerUtils - Navigated to application and LoginPage initialized
2025-04-30 23:37:53 [main] INFO  LoggerUtils - Clicked on element: [[ChromeDriver: chrome on mac (c65c99c17abea4a49b0bc07eae9b0918)] -> xpath: //a[normalize-space()='Signup / Login']]
2025-05-02 00:04:02 [main] INFO  LoggerUtils - Browser passed from testng.xml or Hooks: chrome
2025-05-02 00:04:26 [main] INFO  LoggerUtils - Navigated to application and LoginPage initialized
2025-05-02 00:07:21 [main] INFO  LoggerUtils - Test Suite Started: Default test
2025-05-02 00:07:21 [main] INFO  LoggerUtils - Browser passed from testng.xml or Hooks: chrome
2025-05-02 00:07:38 [main] INFO  LoggerUtils - Navigated to application and LoginPage initialized
2025-05-02 00:07:38 [main] INFO  LoggerUtils - Test Started: loginWithvalidUserTest
2025-05-02 00:07:54 [main] INFO  LoggerUtils - Clicked on element: [[ChromeDriver: chrome on mac (c7e8a8c33fcd950aebb4ad94d3b5f9bd)] -> xpath: //a[normalize-space()='Signup / Login']]
2025-05-02 00:07:58 [main] INFO  LoggerUtils - Fetched text: New User Signup!
2025-05-02 00:09:20 [main] INFO  LoggerUtils - Entered text: rohit
2025-05-02 00:10:41 [main] INFO  LoggerUtils - Entered text: hnjvkt@gmail.com
2025-05-02 00:10:53 [main] ERROR LoggerUtils - Failed to click element: invalid session id: session deleted as the browser has closed the connection
from disconnected: Unable to receive message from renderer
  (Session info: chrome=135.0.7049.115)
Build info: version: '4.29.0', revision: '5fc1ec94cb'
System info: os.name: 'Mac OS X', os.arch: 'x86_64', os.version: '15.4.1', java.version: '17.0.7'
Driver info: org.openqa.selenium.chrome.ChromeDriver
Command: [c7e8a8c33fcd950aebb4ad94d3b5f9bd, findElement {using=xpath, value=//div[@class='signup-form']//button[@type='submit']}]
Capabilities {acceptInsecureCerts: false, browserName: chrome, browserVersion: 135.0.7049.115, chrome: {chromedriverVersion: 135.0.7049.114 (63fd8a7d9d0..., userDataDir: /var/folders/f3/7d9mby7j7yj...}, fedcm:accounts: true, goog:chromeOptions: {debuggerAddress: localhost:63896}, networkConnectionEnabled: false, pageLoadStrategy: normal, platformName: mac, proxy: Proxy(), se:cdp: ws://localhost:63896/devtoo..., se:cdpVersion: 135.0.7049.115, setWindowRect: true, strictFileInteractability: false, timeouts: {implicit: 0, pageLoad: 300000, script: 30000}, unhandledPromptBehavior: dismiss and notify, webauthn:extension:credBlob: true, webauthn:extension:largeBlob: true, webauthn:extension:minPinLength: true, webauthn:extension:prf: true, webauthn:virtualAuthenticators: true}
Session ID: c7e8a8c33fcd950aebb4ad94d3b5f9bd
2025-05-02 00:10:53 [main] ERROR LoggerUtils - Test Failed: loginWithvalidUserTest
2025-05-02 00:10:53 [main] ERROR LoggerUtils - Exception: 
org.openqa.selenium.NoSuchSessionException: invalid session id
Build info: version: '4.29.0', revision: '5fc1ec94cb'
System info: os.name: 'Mac OS X', os.arch: 'x86_64', os.version: '15.4.1', java.version: '17.0.7'
Driver info: org.openqa.selenium.chrome.ChromeDriver
Command: [c7e8a8c33fcd950aebb4ad94d3b5f9bd, findElement {using=xpath, value=//div[@class='signup-form']//button[@type='submit']}]
Capabilities {acceptInsecureCerts: false, browserName: chrome, browserVersion: 135.0.7049.115, chrome: {chromedriverVersion: 135.0.7049.114 (63fd8a7d9d0..., userDataDir: /var/folders/f3/7d9mby7j7yj...}, fedcm:accounts: true, goog:chromeOptions: {debuggerAddress: localhost:63896}, networkConnectionEnabled: false, pageLoadStrategy: normal, platformName: mac, proxy: Proxy(), se:cdp: ws://localhost:63896/devtoo..., se:cdpVersion: 135.0.7049.115, setWindowRect: true, strictFileInteractability: false, timeouts: {implicit: 0, pageLoad: 300000, script: 30000}, unhandledPromptBehavior: dismiss and notify, webauthn:extension:credBlob: true, webauthn:extension:largeBlob: true, webauthn:extension:minPinLength: true, webauthn:extension:prf: true, webauthn:virtualAuthenticators: true}
Session ID: c7e8a8c33fcd950aebb4ad94d3b5f9bd
	at java.base/jdk.internal.reflect.NativeConstructorAccessorImpl.newInstance0(Native Method) ~[?:?]
	at java.base/jdk.internal.reflect.NativeConstructorAccessorImpl.newInstance(NativeConstructorAccessorImpl.java:77) ~[?:?]
	at java.base/jdk.internal.reflect.DelegatingConstructorAccessorImpl.newInstance(DelegatingConstructorAccessorImpl.java:45) ~[?:?]
	at java.base/java.lang.reflect.Constructor.newInstanceWithCaller(Constructor.java:499) ~[?:?]
	at java.base/java.lang.reflect.Constructor.newInstance(Constructor.java:480) ~[?:?]
	at org.openqa.selenium.remote.ErrorCodec.decode(ErrorCodec.java:167) ~[selenium-remote-driver-4.29.0.jar:?]
	at org.openqa.selenium.remote.codec.w3c.W3CHttpResponseCodec.decode(W3CHttpResponseCodec.java:138) ~[selenium-remote-driver-4.29.0.jar:?]
	at org.openqa.selenium.remote.codec.w3c.W3CHttpResponseCodec.decode(W3CHttpResponseCodec.java:50) ~[selenium-remote-driver-4.29.0.jar:?]
	at org.openqa.selenium.remote.HttpCommandExecutor.execute(HttpCommandExecutor.java:215) ~[selenium-remote-driver-4.29.0.jar:?]
	at org.openqa.selenium.remote.service.DriverCommandExecutor.invokeExecute(DriverCommandExecutor.java:216) ~[selenium-remote-driver-4.29.0.jar:?]
	at org.openqa.selenium.remote.service.DriverCommandExecutor.execute(DriverCommandExecutor.java:174) ~[selenium-remote-driver-4.29.0.jar:?]
	at org.openqa.selenium.remote.RemoteWebDriver.execute(RemoteWebDriver.java:545) ~[selenium-remote-driver-4.29.0.jar:?]
	at org.openqa.selenium.remote.ElementLocation$ElementFinder$2.findElement(ElementLocation.java:165) ~[selenium-remote-driver-4.29.0.jar:?]
	at org.openqa.selenium.remote.ElementLocation.findElement(ElementLocation.java:59) ~[selenium-remote-driver-4.29.0.jar:?]
	at org.openqa.selenium.remote.RemoteWebDriver.findElement(RemoteWebDriver.java:368) ~[selenium-remote-driver-4.29.0.jar:?]
	at org.openqa.selenium.remote.RemoteWebDriver.findElement(RemoteWebDriver.java:362) ~[selenium-remote-driver-4.29.0.jar:?]
	at org.openqa.selenium.support.pagefactory.DefaultElementLocator.findElement(DefaultElementLocator.java:68) ~[selenium-support-4.29.0.jar:?]
	at org.openqa.selenium.support.pagefactory.internal.LocatingElementHandler.invoke(LocatingElementHandler.java:38) ~[selenium-support-4.29.0.jar:?]
	at jdk.proxy2/jdk.proxy2.$Proxy30.toString(Unknown Source) ~[?:?]
	at java.base/java.lang.String.valueOf(String.java:4216) ~[?:?]
	at java.base/java.lang.StringBuilder.append(StringBuilder.java:173) ~[?:?]
	at utlity.SeleniumCommonUtils.clickElement(SeleniumCommonUtils.java:42) ~[classes/:?]
	at pages.NewUserSignUpPage.signupWithNameEmail(NewUserSignUpPage.java:135) ~[classes/:?]
	at ui.testcases.LoginWithvaliduserTest.loginWithvalidUserTest(LoginWithvaliduserTest.java:29) ~[test-classes/:?]
	at java.base/jdk.internal.reflect.NativeMethodAccessorImpl.invoke0(Native Method) ~[?:?]
	at java.base/jdk.internal.reflect.NativeMethodAccessorImpl.invoke(NativeMethodAccessorImpl.java:77) ~[?:?]
	at java.base/jdk.internal.reflect.DelegatingMethodAccessorImpl.invoke(DelegatingMethodAccessorImpl.java:43) ~[?:?]
	at java.base/java.lang.reflect.Method.invoke(Method.java:568) ~[?:?]
	at org.testng.internal.MethodInvocationHelper.invokeMethod(MethodInvocationHelper.java:133) ~[org.testng_7.4.0.r202105021533.jar:7.4.0]
	at org.testng.internal.TestInvoker.invokeMethod(TestInvoker.java:598) ~[org.testng_7.4.0.r202105021533.jar:7.4.0]
	at org.testng.internal.TestInvoker.invokeTestMethod(TestInvoker.java:173) ~[org.testng_7.4.0.r202105021533.jar:7.4.0]
	at org.testng.internal.MethodRunner.runInSequence(MethodRunner.java:46) ~[org.testng_7.4.0.r202105021533.jar:7.4.0]
	at org.testng.internal.TestInvoker$MethodInvocationAgent.invoke(TestInvoker.java:824) ~[org.testng_7.4.0.r202105021533.jar:7.4.0]
	at org.testng.internal.TestInvoker.invokeTestMethods(TestInvoker.java:146) ~[org.testng_7.4.0.r202105021533.jar:7.4.0]
	at org.testng.internal.TestMethodWorker.invokeTestMethods(TestMethodWorker.java:146) ~[org.testng_7.4.0.r202105021533.jar:7.4.0]
	at org.testng.internal.TestMethodWorker.run(TestMethodWorker.java:128) ~[org.testng_7.4.0.r202105021533.jar:7.4.0]
	at java.base/java.util.ArrayList.forEach(ArrayList.java:1511) [?:?]
	at org.testng.TestRunner.privateRun(TestRunner.java:794) [org.testng_7.4.0.r202105021533.jar:7.4.0]
	at org.testng.TestRunner.run(TestRunner.java:596) [org.testng_7.4.0.r202105021533.jar:7.4.0]
	at org.testng.SuiteRunner.runTest(SuiteRunner.java:377) [org.testng_7.4.0.r202105021533.jar:7.4.0]
	at org.testng.SuiteRunner.runSequentially(SuiteRunner.java:371) [org.testng_7.4.0.r202105021533.jar:7.4.0]
	at org.testng.SuiteRunner.privateRun(SuiteRunner.java:332) [org.testng_7.4.0.r202105021533.jar:7.4.0]
	at org.testng.SuiteRunner.run(SuiteRunner.java:276) [org.testng_7.4.0.r202105021533.jar:7.4.0]
	at org.testng.SuiteRunnerWorker.runSuite(SuiteRunnerWorker.java:53) [org.testng_7.4.0.r202105021533.jar:7.4.0]
	at org.testng.SuiteRunnerWorker.run(SuiteRunnerWorker.java:96) [org.testng_7.4.0.r202105021533.jar:7.4.0]
	at org.testng.TestNG.runSuitesSequentially(TestNG.java:1212) [org.testng_7.4.0.r202105021533.jar:7.4.0]
	at org.testng.TestNG.runSuitesLocally(TestNG.java:1134) [org.testng_7.4.0.r202105021533.jar:7.4.0]
	at org.testng.TestNG.runSuites(TestNG.java:1063) [org.testng_7.4.0.r202105021533.jar:7.4.0]
	at org.testng.TestNG.run(TestNG.java:1031) [org.testng_7.4.0.r202105021533.jar:7.4.0]
	at org.testng.remote.AbstractRemoteTestNG.run(AbstractRemoteTestNG.java:115) [testng-remote.jar:?]
	at org.testng.remote.RemoteTestNG.initAndRun(RemoteTestNG.java:251) [testng-remote.jar:?]
	at org.testng.remote.RemoteTestNG.main(RemoteTestNG.java:77) [testng-remote.jar:?]
2025-05-02 00:10:53 [main] ERROR LoggerUtils - Test Failed: loginWithvalidUserTest
2025-05-02 00:10:53 [main] ERROR LoggerUtils - Exception: 
org.openqa.selenium.NoSuchSessionException: invalid session id
Build info: version: '4.29.0', revision: '5fc1ec94cb'
System info: os.name: 'Mac OS X', os.arch: 'x86_64', os.version: '15.4.1', java.version: '17.0.7'
Driver info: org.openqa.selenium.chrome.ChromeDriver
Command: [c7e8a8c33fcd950aebb4ad94d3b5f9bd, screenshot {}]
Capabilities {acceptInsecureCerts: false, browserName: chrome, browserVersion: 135.0.7049.115, chrome: {chromedriverVersion: 135.0.7049.114 (63fd8a7d9d0..., userDataDir: /var/folders/f3/7d9mby7j7yj...}, fedcm:accounts: true, goog:chromeOptions: {debuggerAddress: localhost:63896}, networkConnectionEnabled: false, pageLoadStrategy: normal, platformName: mac, proxy: Proxy(), se:cdp: ws://localhost:63896/devtoo..., se:cdpVersion: 135.0.7049.115, setWindowRect: true, strictFileInteractability: false, timeouts: {implicit: 0, pageLoad: 300000, script: 30000}, unhandledPromptBehavior: dismiss and notify, webauthn:extension:credBlob: true, webauthn:extension:largeBlob: true, webauthn:extension:minPinLength: true, webauthn:extension:prf: true, webauthn:virtualAuthenticators: true}
Session ID: c7e8a8c33fcd950aebb4ad94d3b5f9bd
	at java.base/jdk.internal.reflect.NativeConstructorAccessorImpl.newInstance0(Native Method) ~[?:?]
	at java.base/jdk.internal.reflect.NativeConstructorAccessorImpl.newInstance(NativeConstructorAccessorImpl.java:77) ~[?:?]
	at java.base/jdk.internal.reflect.DelegatingConstructorAccessorImpl.newInstance(DelegatingConstructorAccessorImpl.java:45) ~[?:?]
	at java.base/java.lang.reflect.Constructor.newInstanceWithCaller(Constructor.java:499) ~[?:?]
	at java.base/java.lang.reflect.Constructor.newInstance(Constructor.java:480) ~[?:?]
	at org.openqa.selenium.remote.ErrorCodec.decode(ErrorCodec.java:167) ~[selenium-remote-driver-4.29.0.jar:?]
	at org.openqa.selenium.remote.codec.w3c.W3CHttpResponseCodec.decode(W3CHttpResponseCodec.java:138) ~[selenium-remote-driver-4.29.0.jar:?]
	at org.openqa.selenium.remote.codec.w3c.W3CHttpResponseCodec.decode(W3CHttpResponseCodec.java:50) ~[selenium-remote-driver-4.29.0.jar:?]
	at org.openqa.selenium.remote.HttpCommandExecutor.execute(HttpCommandExecutor.java:215) ~[selenium-remote-driver-4.29.0.jar:?]
	at org.openqa.selenium.remote.service.DriverCommandExecutor.invokeExecute(DriverCommandExecutor.java:216) ~[selenium-remote-driver-4.29.0.jar:?]
	at org.openqa.selenium.remote.service.DriverCommandExecutor.execute(DriverCommandExecutor.java:174) ~[selenium-remote-driver-4.29.0.jar:?]
	at org.openqa.selenium.remote.RemoteWebDriver.execute(RemoteWebDriver.java:545) ~[selenium-remote-driver-4.29.0.jar:?]
	at org.openqa.selenium.remote.RemoteWebDriver.execute(RemoteWebDriver.java:618) ~[selenium-remote-driver-4.29.0.jar:?]
	at org.openqa.selenium.remote.RemoteWebDriver.execute(RemoteWebDriver.java:622) ~[selenium-remote-driver-4.29.0.jar:?]
	at org.openqa.selenium.remote.RemoteWebDriver.getScreenshotAs(RemoteWebDriver.java:334) ~[selenium-remote-driver-4.29.0.jar:?]
	at utlity.SeleniumCommonUtils.captureScreenshot(SeleniumCommonUtils.java:104) ~[classes/:?]
	at listeners.SeleniumListener.onTestFailure(SeleniumListener.java:43) ~[classes/:?]
	at org.testng.internal.TestListenerHelper.runTestListeners(TestListenerHelper.java:96) ~[org.testng_7.4.0.r202105021533.jar:7.4.0]
	at org.testng.internal.TestInvoker.runTestResultListener(TestInvoker.java:219) ~[org.testng_7.4.0.r202105021533.jar:7.4.0]
	at org.testng.internal.TestInvoker.invokeMethod(TestInvoker.java:656) ~[org.testng_7.4.0.r202105021533.jar:7.4.0]
	at org.testng.internal.TestInvoker.invokeTestMethod(TestInvoker.java:173) ~[org.testng_7.4.0.r202105021533.jar:7.4.0]
	at org.testng.internal.MethodRunner.runInSequence(MethodRunner.java:46) ~[org.testng_7.4.0.r202105021533.jar:7.4.0]
	at org.testng.internal.TestInvoker$MethodInvocationAgent.invoke(TestInvoker.java:824) ~[org.testng_7.4.0.r202105021533.jar:7.4.0]
	at org.testng.internal.TestInvoker.invokeTestMethods(TestInvoker.java:146) ~[org.testng_7.4.0.r202105021533.jar:7.4.0]
	at org.testng.internal.TestMethodWorker.invokeTestMethods(TestMethodWorker.java:146) ~[org.testng_7.4.0.r202105021533.jar:7.4.0]
	at org.testng.internal.TestMethodWorker.run(TestMethodWorker.java:128) ~[org.testng_7.4.0.r202105021533.jar:7.4.0]
	at java.base/java.util.ArrayList.forEach(ArrayList.java:1511) [?:?]
	at org.testng.TestRunner.privateRun(TestRunner.java:794) [org.testng_7.4.0.r202105021533.jar:7.4.0]
	at org.testng.TestRunner.run(TestRunner.java:596) [org.testng_7.4.0.r202105021533.jar:7.4.0]
	at org.testng.SuiteRunner.runTest(SuiteRunner.java:377) [org.testng_7.4.0.r202105021533.jar:7.4.0]
	at org.testng.SuiteRunner.runSequentially(SuiteRunner.java:371) [org.testng_7.4.0.r202105021533.jar:7.4.0]
	at org.testng.SuiteRunner.privateRun(SuiteRunner.java:332) [org.testng_7.4.0.r202105021533.jar:7.4.0]
	at org.testng.SuiteRunner.run(SuiteRunner.java:276) [org.testng_7.4.0.r202105021533.jar:7.4.0]
	at org.testng.SuiteRunnerWorker.runSuite(SuiteRunnerWorker.java:53) [org.testng_7.4.0.r202105021533.jar:7.4.0]
	at org.testng.SuiteRunnerWorker.run(SuiteRunnerWorker.java:96) [org.testng_7.4.0.r202105021533.jar:7.4.0]
	at org.testng.TestNG.runSuitesSequentially(TestNG.java:1212) [org.testng_7.4.0.r202105021533.jar:7.4.0]
	at org.testng.TestNG.runSuitesLocally(TestNG.java:1134) [org.testng_7.4.0.r202105021533.jar:7.4.0]
	at org.testng.TestNG.runSuites(TestNG.java:1063) [org.testng_7.4.0.r202105021533.jar:7.4.0]
	at org.testng.TestNG.run(TestNG.java:1031) [org.testng_7.4.0.r202105021533.jar:7.4.0]
	at org.testng.remote.AbstractRemoteTestNG.run(AbstractRemoteTestNG.java:115) [testng-remote.jar:?]
	at org.testng.remote.RemoteTestNG.initAndRun(RemoteTestNG.java:251) [testng-remote.jar:?]
	at org.testng.remote.RemoteTestNG.main(RemoteTestNG.java:77) [testng-remote.jar:?]
2025-05-02 00:10:54 [main] INFO  LoggerUtils - Test Suite Finished: Default test
2025-05-02 00:14:55 [main] INFO  LoggerUtils - Test Suite Started: Default test
2025-05-02 00:14:56 [main] INFO  LoggerUtils - Browser passed from testng.xml or Hooks: chrome
2025-05-02 00:15:11 [main] INFO  LoggerUtils - Navigated to application and LoginPage initialized
2025-05-02 00:15:11 [main] INFO  LoggerUtils - Test Started: loginWithvalidUserTest
2025-05-02 00:15:28 [main] INFO  LoggerUtils - Clicked on element: [[ChromeDriver: chrome on mac (22f84bab096a5ad40979b565fe538286)] -> xpath: //a[normalize-space()='Signup / Login']]
2025-05-02 00:15:29 [main] INFO  LoggerUtils - Fetched text: New User Signup!
2025-05-02 00:16:51 [main] INFO  LoggerUtils - Entered text: rohit
2025-05-02 00:18:12 [main] INFO  LoggerUtils - Entered text: dckuqi@gmail.com
2025-05-02 00:18:23 [main] INFO  LoggerUtils - Clicked on element: [[ChromeDriver: chrome on mac (22f84bab096a5ad40979b565fe538286)] -> xpath: //div[@class='signup-form']//button[@type='submit']]
2025-05-02 00:19:04 [main] INFO  LoggerUtils - Fetched attribute [value] with value: rohit
2025-05-02 00:19:04 [main] INFO  LoggerUtils - Fetched attribute [value] with value: dckuqi@gmail.com
2025-05-02 00:19:05 [main] INFO  LoggerUtils - Clicked on element: [[ChromeDriver: chrome on mac (22f84bab096a5ad40979b565fe538286)] -> css selector: #uniform-id_gender1]
2025-05-02 00:19:06 [main] INFO  LoggerUtils - Entered text: Nov@1122!0091
2025-05-02 00:19:07 [main] INFO  LoggerUtils - Selected value from dropdown by value: 5
2025-05-02 00:19:08 [main] INFO  LoggerUtils - Selected value from dropdown by value: 4
2025-05-02 00:19:08 [main] INFO  LoggerUtils - Selected value from dropdown by value: 2020
2025-05-02 00:19:10 [main] INFO  LoggerUtils - Entered text: rohit
2025-05-02 00:19:10 [main] INFO  LoggerUtils - Entered text: singh
2025-05-02 00:19:10 [main] INFO  LoggerUtils - Entered text: Coforge
2025-05-02 00:19:10 [main] INFO  LoggerUtils - Entered text: noida
2025-05-02 00:19:11 [main] INFO  LoggerUtils - Selected value from dropdown by value: India
2025-05-02 00:19:11 [main] INFO  LoggerUtils - Entered text: UP
2025-05-02 00:19:11 [main] INFO  LoggerUtils - Entered text: noida
2025-05-02 00:19:11 [main] INFO  LoggerUtils - Entered text: 541234
2025-05-02 00:19:11 [main] INFO  LoggerUtils - Entered text: 7643551111
2025-05-02 00:19:20 [main] INFO  LoggerUtils - Clicked element using JavaScript.
2025-05-02 00:19:25 [main] INFO  LoggerUtils - Fetched text: ACCOUNT CREATED!
2025-05-02 00:19:26 [main] INFO  LoggerUtils - Fetched text: Congratulations! Your new account has been successfully created!
2025-05-02 00:19:41 [main] INFO  LoggerUtils - Clicked element using JavaScript.
2025-05-02 00:19:41 [main] INFO  LoggerUtils - Fetched text: rohit
2025-05-02 00:20:29 [main] INFO  LoggerUtils - Clicked on element: Proxy element for: DefaultElementLocator 'By.xpath: //a[normalize-space()='Logout']'
2025-05-02 00:21:21 [main] INFO  LoggerUtils - Clicked on element: [[ChromeDriver: chrome on mac (22f84bab096a5ad40979b565fe538286)] -> xpath: //a[normalize-space()='Signup / Login']]
2025-05-02 00:21:22 [main] INFO  LoggerUtils - Entered text: dckuqi@gmail.com
2025-05-02 00:21:23 [main] INFO  LoggerUtils - Entered text: Nov@1122!0091
2025-05-02 00:21:32 [main] INFO  LoggerUtils - Clicked on element: [[ChromeDriver: chrome on mac (22f84bab096a5ad40979b565fe538286)] -> xpath: //form[@action='/login']/button[text()='Login']]
2025-05-02 00:22:12 [main] INFO  LoggerUtils - Fetched text: rohit
2025-05-02 00:23:05 [main] INFO  LoggerUtils - Clicked on element: Proxy element for: DefaultElementLocator 'By.xpath: //a[normalize-space()='Delete Account']'
2025-05-02 00:23:46 [main] INFO  LoggerUtils - Fetched text: ACCOUNT DELETED!
2025-05-02 00:23:46 [main] INFO  LoggerUtils - Fetched text: Your account has been permanently deleted!
2025-05-02 00:24:39 [main] INFO  LoggerUtils - Clicked on element: Proxy element for: DefaultElementLocator 'By.xpath: //a[text()='Continue']'
2025-05-02 00:25:59 [main] INFO  LoggerUtils - Test Passed: loginWithvalidUserTest
2025-05-02 00:26:00 [main] INFO  LoggerUtils - Test Suite Finished: Default test
2025-05-09 00:12:45 [main] INFO  LoggerUtils - Test Suite Started: Default test
2025-05-09 00:12:45 [main] INFO  LoggerUtils - Browser passed from testng.xml or Hooks: chrome
2025-05-09 00:13:47 [main] INFO  LoggerUtils - Navigated to application and LoginPage initialized
2025-05-09 00:13:47 [main] INFO  LoggerUtils - Test Started: registeruserTest
2025-05-09 00:13:58 [main] INFO  LoggerUtils - Clicked on element: [[ChromeDriver: chrome on mac (30fb026f5fd3e11c4e6080fa89c75700)] -> xpath: //a[normalize-space()='Signup / Login']]
2025-05-09 00:13:59 [main] INFO  LoggerUtils - Fetched text: New User Signup!
2025-05-09 00:15:20 [main] INFO  LoggerUtils - Entered text: rohit
2025-05-09 00:16:41 [main] INFO  LoggerUtils - Entered text: bfffgl@gmail.com
2025-05-09 00:16:48 [main] INFO  LoggerUtils - Clicked on element: [[ChromeDriver: chrome on mac (30fb026f5fd3e11c4e6080fa89c75700)] -> xpath: //div[@class='signup-form']//button[@type='submit']]
2025-05-09 00:17:30 [main] INFO  LoggerUtils - Fetched attribute [value] with value: rohit
2025-05-09 00:17:30 [main] INFO  LoggerUtils - Fetched attribute [value] with value: bfffgl@gmail.com
2025-05-09 00:17:31 [main] INFO  LoggerUtils - Clicked on element: [[ChromeDriver: chrome on mac (30fb026f5fd3e11c4e6080fa89c75700)] -> css selector: #uniform-id_gender1]
2025-05-09 00:17:32 [main] INFO  LoggerUtils - Entered text: Nov@1122!0091
2025-05-09 00:17:33 [main] INFO  LoggerUtils - Selected value from dropdown by value: 5
2025-05-09 00:17:33 [main] INFO  LoggerUtils - Selected value from dropdown by value: 4
2025-05-09 00:17:33 [main] INFO  LoggerUtils - Selected value from dropdown by value: 2020
2025-05-09 00:17:34 [main] INFO  LoggerUtils - Entered text: rohit
2025-05-09 00:17:35 [main] INFO  LoggerUtils - Entered text: singh
2025-05-09 00:17:35 [main] INFO  LoggerUtils - Entered text: Coforge
2025-05-09 00:17:35 [main] INFO  LoggerUtils - Entered text: noida
2025-05-09 00:17:36 [main] INFO  LoggerUtils - Selected value from dropdown by value: India
2025-05-09 00:17:36 [main] INFO  LoggerUtils - Entered text: UP
2025-05-09 00:17:36 [main] INFO  LoggerUtils - Entered text: noida
2025-05-09 00:17:36 [main] INFO  LoggerUtils - Entered text: 541234
2025-05-09 00:17:36 [main] INFO  LoggerUtils - Entered text: 7643551111
2025-05-09 00:17:44 [main] INFO  LoggerUtils - Clicked element using JavaScript.
2025-05-09 00:17:46 [main] INFO  LoggerUtils - Fetched text: ACCOUNT CREATED!
2025-05-09 00:17:46 [main] INFO  LoggerUtils - Fetched text: Congratulations! Your new account has been successfully created!
2025-05-09 00:17:55 [main] INFO  LoggerUtils - Clicked element using JavaScript.
2025-05-09 00:17:56 [main] INFO  LoggerUtils - Fetched text: rohit
2025-05-09 00:18:44 [main] INFO  LoggerUtils - Clicked on element: Proxy element for: DefaultElementLocator 'By.xpath: //a[normalize-space()='Delete Account']'
2025-05-09 00:19:24 [main] INFO  LoggerUtils - Fetched text: ACCOUNT DELETED!
2025-05-09 00:19:24 [main] INFO  LoggerUtils - Fetched text: Your account has been permanently deleted!
2025-05-09 00:20:17 [main] INFO  LoggerUtils - Clicked on element: Proxy element for: DefaultElementLocator 'By.xpath: //a[text()='Continue']'
2025-05-09 00:21:37 [main] INFO  LoggerUtils - Test Passed: registeruserTest
2025-05-09 00:21:38 [main] INFO  LoggerUtils - Test Suite Finished: Default test
2025-05-09 00:22:47 [main] INFO  LoggerUtils - Browser passed from testng.xml or Hooks: chrome
2025-05-09 00:23:03 [main] INFO  LoggerUtils - Navigated to application and LoginPage initialized
2025-05-09 00:23:14 [main] INFO  LoggerUtils - Clicked on element: [[ChromeDriver: chrome on mac (890a27e0ef5cb1393af7fab707486b52)] -> xpath: //a[normalize-space()='Signup / Login']]
2025-05-09 00:28:26 [main] INFO  LoggerUtils - Browser passed from testng.xml or Hooks: chrome
2025-05-09 00:28:41 [main] INFO  LoggerUtils - Navigated to application and LoginPage initialized
2025-05-09 00:28:41 [main] INFO  LoggerUtils - Browser passed from testng.xml or Hooks: chrome
2025-05-09 00:28:54 [main] INFO  LoggerUtils - Navigated to application and LoginPage initialized
2025-05-09 00:28:54 [main] INFO  LoggerUtils - Browser passed from testng.xml or Hooks: chrome
2025-05-09 00:29:07 [main] INFO  LoggerUtils - Navigated to application and LoginPage initialized
2025-05-09 00:29:09 [main] INFO  LoggerUtils - Browser passed from testng.xml or Hooks: chrome
2025-05-09 00:29:23 [main] INFO  LoggerUtils - Navigated to application and LoginPage initialized
2025-05-09 00:29:23 [main] INFO  LoggerUtils - Browser passed from testng.xml or Hooks: chrome
2025-05-09 00:29:35 [main] INFO  LoggerUtils - Navigated to application and LoginPage initialized
2025-05-09 00:29:35 [main] INFO  LoggerUtils - Browser passed from testng.xml or Hooks: chrome
2025-05-09 00:29:47 [main] INFO  LoggerUtils - Navigated to application and LoginPage initialized
2025-05-09 00:55:56 [main] INFO  LoggerUtils - Browser passed from testng.xml or Hooks: chrome
2025-05-09 00:56:11 [main] INFO  LoggerUtils - Navigated to application and LoginPage initialized
2025-05-09 00:56:12 [main] INFO  LoggerUtils - Browser passed from testng.xml or Hooks: chrome
2025-05-09 00:56:26 [main] INFO  LoggerUtils - Navigated to application and LoginPage initialized
2025-05-09 00:56:26 [main] INFO  LoggerUtils - Browser passed from testng.xml or Hooks: chrome
2025-05-09 00:56:38 [main] INFO  LoggerUtils - Navigated to application and LoginPage initialized
2025-05-09 01:03:24 [main] INFO  LoggerUtils - Browser passed from testng.xml or Hooks: chrome
2025-05-09 01:03:40 [main] INFO  LoggerUtils - Navigated to application and LoginPage initialized
2025-05-09 01:03:40 [main] INFO  LoggerUtils - Browser passed from testng.xml or Hooks: chrome
2025-05-09 01:03:52 [main] INFO  LoggerUtils - Navigated to application and LoginPage initialized
2025-05-09 01:03:52 [main] INFO  LoggerUtils - Browser passed from testng.xml or Hooks: chrome
2025-05-09 01:04:06 [main] INFO  LoggerUtils - Navigated to application and LoginPage initialized
2025-05-09 01:16:38 [main] INFO  LoggerUtils - Browser passed from testng.xml or Hooks: chrome
2025-05-09 01:16:53 [main] INFO  LoggerUtils - Navigated to application and LoginPage initialized
2025-05-09 01:20:36 [main] INFO  LoggerUtils - Browser passed from testng.xml or Hooks: chrome
2025-05-09 01:20:52 [main] INFO  LoggerUtils - Navigated to application and LoginPage initialized
2025-05-09 01:20:52 [main] INFO  LoggerUtils - Browser passed from testng.xml or Hooks: chrome
2025-05-09 01:21:05 [main] INFO  LoggerUtils - Navigated to application and LoginPage initialized
2025-05-09 09:26:07 [main] INFO  LoggerUtils - Browser passed from testng.xml or Hooks: chrome
2025-05-09 09:26:22 [main] INFO  LoggerUtils - Navigated to application and LoginPage initialized
2025-05-09 09:31:20 [main] INFO  LoggerUtils - Browser passed from testng.xml or Hooks: chrome
2025-05-09 09:31:36 [main] INFO  LoggerUtils - Navigated to application and LoginPage initialized
2025-05-09 09:32:33 [main] INFO  LoggerUtils - Browser passed from testng.xml or Hooks: chrome
2025-05-09 09:32:47 [main] INFO  LoggerUtils - Navigated to application and LoginPage initialized
2025-05-09 09:36:59 [main] INFO  LoggerUtils - Browser passed from testng.xml or Hooks: chrome
2025-05-09 09:37:14 [main] INFO  LoggerUtils - Navigated to application and LoginPage initialized
2025-05-09 09:39:53 [main] INFO  LoggerUtils - Browser passed from testng.xml or Hooks: chrome
2025-05-09 09:40:07 [main] INFO  LoggerUtils - Navigated to application and LoginPage initialized
2025-05-09 09:40:08 [main] INFO  LoggerUtils - Browser passed from testng.xml or Hooks: chrome
2025-05-09 09:40:19 [main] INFO  LoggerUtils - Navigated to application and LoginPage initialized
2025-05-09 09:40:19 [main] INFO  LoggerUtils - Browser passed from testng.xml or Hooks: chrome
2025-05-09 09:40:30 [main] INFO  LoggerUtils - Navigated to application and LoginPage initialized
2025-05-09 09:42:09 [main] INFO  LoggerUtils - Browser passed from testng.xml or Hooks: chrome
2025-05-09 09:42:23 [main] INFO  LoggerUtils - Navigated to application and LoginPage initialized
2025-05-09 09:42:24 [main] INFO  LoggerUtils - Browser passed from testng.xml or Hooks: chrome
2025-05-09 09:42:35 [main] INFO  LoggerUtils - Navigated to application and LoginPage initialized
2025-05-09 09:42:36 [main] INFO  LoggerUtils - Browser passed from testng.xml or Hooks: chrome
2025-05-09 09:42:47 [main] INFO  LoggerUtils - Navigated to application and LoginPage initialized
2025-05-09 09:54:12 [main] INFO  LoggerUtils - Browser passed from testng.xml or Hooks: chrome
2025-05-09 09:54:26 [main] INFO  LoggerUtils - Navigated to application and LoginPage initialized
2025-05-09 09:54:31 [main] INFO  LoggerUtils - Browser passed from testng.xml or Hooks: chrome
2025-05-09 09:54:43 [main] INFO  LoggerUtils - Navigated to application and LoginPage initialized
2025-05-09 09:54:47 [main] INFO  LoggerUtils - Browser passed from testng.xml or Hooks: chrome
2025-05-09 09:55:01 [main] INFO  LoggerUtils - Navigated to application and LoginPage initialized
2025-05-09 11:13:43 [main] INFO  LoggerUtils - Browser passed from testng.xml or Hooks: chrome
2025-05-09 11:14:03 [main] INFO  LoggerUtils - Navigated to application and LoginPage initialized
2025-05-09 11:14:08 [main] INFO  LoggerUtils - Browser passed from testng.xml or Hooks: chrome
2025-05-09 11:14:20 [main] INFO  LoggerUtils - Navigated to application and LoginPage initialized
2025-05-09 11:14:24 [main] INFO  LoggerUtils - Browser passed from testng.xml or Hooks: chrome
2025-05-09 11:14:36 [main] INFO  LoggerUtils - Navigated to application and LoginPage initialized
2025-05-09 11:18:18 [main] INFO  LoggerUtils - Browser passed from testng.xml or Hooks: chrome
2025-05-09 11:18:33 [main] INFO  LoggerUtils - Navigated to application and LoginPage initialized
2025-05-09 11:18:34 [main] INFO  LoggerUtils - Browser passed from testng.xml or Hooks: chrome
2025-05-09 11:18:46 [main] INFO  LoggerUtils - Navigated to application and LoginPage initialized
2025-05-09 11:18:46 [main] INFO  LoggerUtils - Browser passed from testng.xml or Hooks: chrome
2025-05-09 11:18:59 [main] INFO  LoggerUtils - Navigated to application and LoginPage initialized
2025-05-09 12:13:14 [main] INFO  LoggerUtils - Browser passed from testng.xml or Hooks: chrome
2025-05-09 12:13:31 [main] INFO  LoggerUtils - Navigated to application and LoginPage initialized
2025-05-09 12:20:27 [main] INFO  LoggerUtils - Browser passed from testng.xml or Hooks: chrome
2025-05-09 12:20:44 [main] INFO  LoggerUtils - Navigated to application and LoginPage initialized
2025-05-09 12:27:00 [main] INFO  LoggerUtils - Browser passed from testng.xml or Hooks: chrome
2025-05-09 12:27:19 [main] INFO  LoggerUtils - Navigated to application and LoginPage initialized
2025-05-09 12:31:17 [main] INFO  LoggerUtils - Browser passed from testng.xml or Hooks: chrome
2025-05-09 12:31:32 [main] INFO  LoggerUtils - Navigated to application and LoginPage initialized
2025-05-09 12:35:06 [main] INFO  LoggerUtils - Browser passed from testng.xml or Hooks: chrome
2025-05-09 12:35:21 [main] INFO  LoggerUtils - Navigated to application and LoginPage initialized
2025-05-10 01:25:38 [main] INFO  LoggerUtils - Browser passed from testng.xml or Hooks: chrome
2025-05-10 01:25:58 [main] INFO  LoggerUtils - Navigated to application and LoginPage initialized
2025-05-10 01:25:59 [main] INFO  LoggerUtils - Browser passed from testng.xml or Hooks: chrome
2025-05-10 01:26:10 [main] INFO  LoggerUtils - Navigated to application and LoginPage initialized
2025-05-10 01:26:10 [main] INFO  LoggerUtils - Browser passed from testng.xml or Hooks: chrome
2025-05-10 01:26:21 [main] INFO  LoggerUtils - Navigated to application and LoginPage initialized
2025-05-10 01:26:21 [main] INFO  LoggerUtils - Browser passed from testng.xml or Hooks: chrome
2025-05-10 01:26:32 [main] INFO  LoggerUtils - Navigated to application and LoginPage initialized
2025-05-15 01:31:04 [main] INFO  LoggerUtils - Test Suite Started: Surefire test
2025-05-15 01:31:04 [main] INFO  LoggerUtils - Browser passed from testng.xml or Hooks: chrome
2025-05-15 01:31:18 [main] INFO  LoggerUtils - Navigated to application and LoginPage initialized
2025-05-15 01:31:18 [main] INFO  LoggerUtils - Test Started: loginToApplication
2025-05-15 01:31:58 [main] ERROR LoggerUtils - Failed to click element: no such element: Unable to locate element: {"method":"xpath","selector":"//a[@data-title='Login']"}
  (Session info: chrome=136.0.7103.113)
For documentation on this error, please visit: https://www.selenium.dev/documentation/webdriver/troubleshooting/errors#no-such-element-exception
Build info: version: '4.29.0', revision: '5fc1ec94cb'
System info: os.name: 'Mac OS X', os.arch: 'aarch64', os.version: '15.4.1', java.version: '17.0.12'
Driver info: org.openqa.selenium.chrome.ChromeDriver
Command: [15b1d181878afdf1e7150d38f90956f9, findElement {value=//a[@data-title='Login'], using=xpath}]
Capabilities {acceptInsecureCerts: false, browserName: chrome, browserVersion: 136.0.7103.113, chrome: {chromedriverVersion: 136.0.7103.94 (fa0be0b33deb..., userDataDir: /var/folders/f3/7d9mby7j7yj...}, fedcm:accounts: true, goog:chromeOptions: {debuggerAddress: localhost:65108}, networkConnectionEnabled: false, pageLoadStrategy: normal, platformName: mac, proxy: Proxy(), se:cdp: ws://localhost:65108/devtoo..., se:cdpVersion: 136.0.7103.113, setWindowRect: true, strictFileInteractability: false, timeouts: {implicit: 0, pageLoad: 300000, script: 30000}, unhandledPromptBehavior: dismiss and notify, webauthn:extension:credBlob: true, webauthn:extension:largeBlob: true, webauthn:extension:minPinLength: true, webauthn:extension:prf: true, webauthn:virtualAuthenticators: true}
Session ID: 15b1d181878afdf1e7150d38f90956f9
2025-05-15 01:32:38 [main] ERROR LoggerUtils - Test Failed: loginToApplication
2025-05-15 01:32:38 [main] ERROR LoggerUtils - Exception: 
org.openqa.selenium.NoSuchElementException: no such element: Unable to locate element: {"method":"xpath","selector":"//a[@data-title='Login']"}
  (Session info: chrome=136.0.7103.113)
For documentation on this error, please visit: https://www.selenium.dev/documentation/webdriver/troubleshooting/errors#no-such-element-exception
Build info: version: '4.29.0', revision: '5fc1ec94cb'
System info: os.name: 'Mac OS X', os.arch: 'aarch64', os.version: '15.4.1', java.version: '17.0.12'
Driver info: org.openqa.selenium.chrome.ChromeDriver
Command: [15b1d181878afdf1e7150d38f90956f9, findElement {value=//a[@data-title='Login'], using=xpath}]
Capabilities {acceptInsecureCerts: false, browserName: chrome, browserVersion: 136.0.7103.113, chrome: {chromedriverVersion: 136.0.7103.94 (fa0be0b33deb..., userDataDir: /var/folders/f3/7d9mby7j7yj...}, fedcm:accounts: true, goog:chromeOptions: {debuggerAddress: localhost:65108}, networkConnectionEnabled: false, pageLoadStrategy: normal, platformName: mac, proxy: Proxy(), se:cdp: ws://localhost:65108/devtoo..., se:cdpVersion: 136.0.7103.113, setWindowRect: true, strictFileInteractability: false, timeouts: {implicit: 0, pageLoad: 300000, script: 30000}, unhandledPromptBehavior: dismiss and notify, webauthn:extension:credBlob: true, webauthn:extension:largeBlob: true, webauthn:extension:minPinLength: true, webauthn:extension:prf: true, webauthn:virtualAuthenticators: true}
Session ID: 15b1d181878afdf1e7150d38f90956f9
	at java.base/jdk.internal.reflect.NativeConstructorAccessorImpl.newInstance0(Native Method) ~[?:?]
	at java.base/jdk.internal.reflect.NativeConstructorAccessorImpl.newInstance(NativeConstructorAccessorImpl.java:77) ~[?:?]
	at java.base/jdk.internal.reflect.DelegatingConstructorAccessorImpl.newInstance(DelegatingConstructorAccessorImpl.java:45) ~[?:?]
	at java.base/java.lang.reflect.Constructor.newInstanceWithCaller(Constructor.java:499) ~[?:?]
	at java.base/java.lang.reflect.Constructor.newInstance(Constructor.java:480) ~[?:?]
	at org.openqa.selenium.remote.ErrorCodec.decode(ErrorCodec.java:167) ~[selenium-remote-driver-4.29.0.jar:?]
	at org.openqa.selenium.remote.codec.w3c.W3CHttpResponseCodec.decode(W3CHttpResponseCodec.java:138) ~[selenium-remote-driver-4.29.0.jar:?]
	at org.openqa.selenium.remote.codec.w3c.W3CHttpResponseCodec.decode(W3CHttpResponseCodec.java:50) ~[selenium-remote-driver-4.29.0.jar:?]
	at org.openqa.selenium.remote.HttpCommandExecutor.execute(HttpCommandExecutor.java:215) ~[selenium-remote-driver-4.29.0.jar:?]
	at org.openqa.selenium.remote.service.DriverCommandExecutor.invokeExecute(DriverCommandExecutor.java:216) ~[selenium-remote-driver-4.29.0.jar:?]
	at org.openqa.selenium.remote.service.DriverCommandExecutor.execute(DriverCommandExecutor.java:174) ~[selenium-remote-driver-4.29.0.jar:?]
	at org.openqa.selenium.remote.RemoteWebDriver.execute(RemoteWebDriver.java:545) ~[selenium-remote-driver-4.29.0.jar:?]
	at org.openqa.selenium.remote.ElementLocation$ElementFinder$2.findElement(ElementLocation.java:165) ~[selenium-remote-driver-4.29.0.jar:?]
	at org.openqa.selenium.remote.ElementLocation.findElement(ElementLocation.java:59) ~[selenium-remote-driver-4.29.0.jar:?]
	at org.openqa.selenium.remote.RemoteWebDriver.findElement(RemoteWebDriver.java:368) ~[selenium-remote-driver-4.29.0.jar:?]
	at org.openqa.selenium.remote.RemoteWebDriver.findElement(RemoteWebDriver.java:362) ~[selenium-remote-driver-4.29.0.jar:?]
	at org.openqa.selenium.support.pagefactory.DefaultElementLocator.findElement(DefaultElementLocator.java:68) ~[selenium-support-4.29.0.jar:?]
	at org.openqa.selenium.support.pagefactory.internal.LocatingElementHandler.invoke(LocatingElementHandler.java:38) ~[selenium-support-4.29.0.jar:?]
	at jdk.proxy2/jdk.proxy2.$Proxy32.click(Unknown Source) ~[?:?]
	at utlity.SeleniumCommonUtils.clickElement(SeleniumCommonUtils.java:37) ~[classes/:?]
	at pages.LoginPage.loginToApplication(LoginPage.java:37) ~[classes/:?]
	at ui.testcases.DemoTest.loginToApplication(DemoTest.java:19) ~[test-classes/:?]
	at java.base/jdk.internal.reflect.NativeMethodAccessorImpl.invoke0(Native Method) ~[?:?]
	at java.base/jdk.internal.reflect.NativeMethodAccessorImpl.invoke(NativeMethodAccessorImpl.java:77) ~[?:?]
	at java.base/jdk.internal.reflect.DelegatingMethodAccessorImpl.invoke(DelegatingMethodAccessorImpl.java:43) ~[?:?]
	at java.base/java.lang.reflect.Method.invoke(Method.java:568) ~[?:?]
	at org.testng.internal.invokers.MethodInvocationHelper.invokeMethod(MethodInvocationHelper.java:141) ~[testng-7.10.2.jar:7.10.2]
	at org.testng.internal.invokers.TestInvoker.invokeMethod(TestInvoker.java:686) ~[testng-7.10.2.jar:7.10.2]
	at org.testng.internal.invokers.TestInvoker.invokeTestMethod(TestInvoker.java:230) ~[testng-7.10.2.jar:7.10.2]
	at org.testng.internal.invokers.MethodRunner.runInSequence(MethodRunner.java:63) ~[testng-7.10.2.jar:7.10.2]
	at org.testng.internal.invokers.TestInvoker$MethodInvocationAgent.invoke(TestInvoker.java:992) ~[testng-7.10.2.jar:7.10.2]
	at org.testng.internal.invokers.TestInvoker.invokeTestMethods(TestInvoker.java:203) ~[testng-7.10.2.jar:7.10.2]
	at org.testng.internal.invokers.TestMethodWorker.invokeTestMethods(TestMethodWorker.java:154) ~[testng-7.10.2.jar:7.10.2]
	at org.testng.internal.invokers.TestMethodWorker.run(TestMethodWorker.java:134) ~[testng-7.10.2.jar:7.10.2]
	at java.base/java.util.ArrayList.forEach(ArrayList.java:1511) [?:?]
	at org.testng.TestRunner.privateRun(TestRunner.java:739) [testng-7.10.2.jar:7.10.2]
	at org.testng.TestRunner.run(TestRunner.java:614) [testng-7.10.2.jar:7.10.2]
	at org.testng.SuiteRunner.runTest(SuiteRunner.java:421) [testng-7.10.2.jar:7.10.2]
	at org.testng.SuiteRunner.runSequentially(SuiteRunner.java:413) [testng-7.10.2.jar:7.10.2]
	at org.testng.SuiteRunner.privateRun(SuiteRunner.java:373) [testng-7.10.2.jar:7.10.2]
	at org.testng.SuiteRunner.run(SuiteRunner.java:312) [testng-7.10.2.jar:7.10.2]
	at org.testng.SuiteRunnerWorker.runSuite(SuiteRunnerWorker.java:52) [testng-7.10.2.jar:7.10.2]
	at org.testng.SuiteRunnerWorker.run(SuiteRunnerWorker.java:95) [testng-7.10.2.jar:7.10.2]
	at org.testng.TestNG.runSuitesSequentially(TestNG.java:1274) [testng-7.10.2.jar:7.10.2]
	at org.testng.TestNG.runSuitesLocally(TestNG.java:1208) [testng-7.10.2.jar:7.10.2]
	at org.testng.TestNG.runSuites(TestNG.java:1112) [testng-7.10.2.jar:7.10.2]
	at org.testng.TestNG.run(TestNG.java:1079) [testng-7.10.2.jar:7.10.2]
	at org.apache.maven.surefire.testng.TestNGExecutor.run(TestNGExecutor.java:155) [surefire-testng-3.3.0.jar:3.3.0]
	at org.apache.maven.surefire.testng.TestNGDirectoryTestSuite.executeMulti(TestNGDirectoryTestSuite.java:169) [surefire-testng-3.3.0.jar:3.3.0]
	at org.apache.maven.surefire.testng.TestNGDirectoryTestSuite.execute(TestNGDirectoryTestSuite.java:88) [surefire-testng-3.3.0.jar:3.3.0]
	at org.apache.maven.surefire.testng.TestNGProvider.invoke(TestNGProvider.java:137) [surefire-testng-3.3.0.jar:3.3.0]
	at org.apache.maven.surefire.booter.ForkedBooter.runSuitesInProcess(ForkedBooter.java:385) [surefire-booter-3.3.0.jar:3.3.0]
	at org.apache.maven.surefire.booter.ForkedBooter.execute(ForkedBooter.java:162) [surefire-booter-3.3.0.jar:3.3.0]
	at org.apache.maven.surefire.booter.ForkedBooter.run(ForkedBooter.java:507) [surefire-booter-3.3.0.jar:3.3.0]
	at org.apache.maven.surefire.booter.ForkedBooter.main(ForkedBooter.java:495) [surefire-booter-3.3.0.jar:3.3.0]
2025-05-15 01:32:39 [main] INFO  LoggerUtils - Screenshot saved at: ./screenshots/loginToApplication_20250515_013238.png
2025-05-15 01:32:39 [main] INFO  LoggerUtils - Browser passed from testng.xml or Hooks: chrome
2025-05-15 01:32:43 [main] INFO  LoggerUtils - Navigated to application and LoginPage initialized
2025-05-15 01:32:43 [main] INFO  LoggerUtils - Test Started: loginWithvalidUserTest
2025-05-15 01:32:44 [main] INFO  LoggerUtils - Clicked on element: [[ChromeDriver: chrome on mac (62069e583113145bf5dd0b9f7da56894)] -> xpath: //a[normalize-space()='Signup / Login']]
2025-05-15 01:32:44 [main] INFO  LoggerUtils - Fetched text: New User Signup!
2025-05-15 01:34:05 [main] INFO  LoggerUtils - Entered text: rohit
2025-05-15 01:34:51 [main] ERROR LoggerUtils - Failed to type text: invalid session id: session deleted as the browser has closed the connection
from disconnected: unable to send message to renderer
  (Session info: chrome=136.0.7103.113)
Build info: version: '4.29.0', revision: '5fc1ec94cb'
System info: os.name: 'Mac OS X', os.arch: 'aarch64', os.version: '15.4.1', java.version: '17.0.12'
Driver info: org.openqa.selenium.chrome.ChromeDriver
Command: [62069e583113145bf5dd0b9f7da56894, findElements {value=//input[@id='email'], using=xpath}]
Capabilities {acceptInsecureCerts: false, browserName: chrome, browserVersion: 136.0.7103.113, chrome: {chromedriverVersion: 136.0.7103.94 (fa0be0b33deb..., userDataDir: /var/folders/f3/7d9mby7j7yj...}, fedcm:accounts: true, goog:chromeOptions: {debuggerAddress: localhost:65150}, networkConnectionEnabled: false, pageLoadStrategy: normal, platformName: mac, proxy: Proxy(), se:cdp: ws://localhost:65150/devtoo..., se:cdpVersion: 136.0.7103.113, setWindowRect: true, strictFileInteractability: false, timeouts: {implicit: 0, pageLoad: 300000, script: 30000}, unhandledPromptBehavior: dismiss and notify, webauthn:extension:credBlob: true, webauthn:extension:largeBlob: true, webauthn:extension:minPinLength: true, webauthn:extension:prf: true, webauthn:virtualAuthenticators: true}
Session ID: 62069e583113145bf5dd0b9f7da56894
2025-05-15 01:34:51 [main] ERROR LoggerUtils - Test Failed: loginWithvalidUserTest
2025-05-15 01:34:51 [main] ERROR LoggerUtils - Exception: 
org.openqa.selenium.NoSuchSessionException: invalid session id: session deleted as the browser has closed the connection
from disconnected: unable to send message to renderer
  (Session info: chrome=136.0.7103.113)
Build info: version: '4.29.0', revision: '5fc1ec94cb'
System info: os.name: 'Mac OS X', os.arch: 'aarch64', os.version: '15.4.1', java.version: '17.0.12'
Driver info: org.openqa.selenium.chrome.ChromeDriver
Command: [62069e583113145bf5dd0b9f7da56894, findElements {value=//input[@id='email'], using=xpath}]
Capabilities {acceptInsecureCerts: false, browserName: chrome, browserVersion: 136.0.7103.113, chrome: {chromedriverVersion: 136.0.7103.94 (fa0be0b33deb..., userDataDir: /var/folders/f3/7d9mby7j7yj...}, fedcm:accounts: true, goog:chromeOptions: {debuggerAddress: localhost:65150}, networkConnectionEnabled: false, pageLoadStrategy: normal, platformName: mac, proxy: Proxy(), se:cdp: ws://localhost:65150/devtoo..., se:cdpVersion: 136.0.7103.113, setWindowRect: true, strictFileInteractability: false, timeouts: {implicit: 0, pageLoad: 300000, script: 30000}, unhandledPromptBehavior: dismiss and notify, webauthn:extension:credBlob: true, webauthn:extension:largeBlob: true, webauthn:extension:minPinLength: true, webauthn:extension:prf: true, webauthn:virtualAuthenticators: true}
Session ID: 62069e583113145bf5dd0b9f7da56894
	at java.base/jdk.internal.reflect.NativeConstructorAccessorImpl.newInstance0(Native Method) ~[?:?]
	at java.base/jdk.internal.reflect.NativeConstructorAccessorImpl.newInstance(NativeConstructorAccessorImpl.java:77) ~[?:?]
	at java.base/jdk.internal.reflect.DelegatingConstructorAccessorImpl.newInstance(DelegatingConstructorAccessorImpl.java:45) ~[?:?]
	at java.base/java.lang.reflect.Constructor.newInstanceWithCaller(Constructor.java:499) ~[?:?]
	at java.base/java.lang.reflect.Constructor.newInstance(Constructor.java:480) ~[?:?]
	at org.openqa.selenium.remote.ErrorCodec.decode(ErrorCodec.java:167) ~[selenium-remote-driver-4.29.0.jar:?]
	at org.openqa.selenium.remote.codec.w3c.W3CHttpResponseCodec.decode(W3CHttpResponseCodec.java:138) ~[selenium-remote-driver-4.29.0.jar:?]
	at org.openqa.selenium.remote.codec.w3c.W3CHttpResponseCodec.decode(W3CHttpResponseCodec.java:50) ~[selenium-remote-driver-4.29.0.jar:?]
	at org.openqa.selenium.remote.HttpCommandExecutor.execute(HttpCommandExecutor.java:215) ~[selenium-remote-driver-4.29.0.jar:?]
	at org.openqa.selenium.remote.service.DriverCommandExecutor.invokeExecute(DriverCommandExecutor.java:216) ~[selenium-remote-driver-4.29.0.jar:?]
	at org.openqa.selenium.remote.service.DriverCommandExecutor.execute(DriverCommandExecutor.java:174) ~[selenium-remote-driver-4.29.0.jar:?]
	at org.openqa.selenium.remote.RemoteWebDriver.execute(RemoteWebDriver.java:545) ~[selenium-remote-driver-4.29.0.jar:?]
	at org.openqa.selenium.remote.ElementLocation$ElementFinder$2.findElements(ElementLocation.java:182) ~[selenium-remote-driver-4.29.0.jar:?]
	at org.openqa.selenium.remote.ElementLocation.findElements(ElementLocation.java:103) ~[selenium-remote-driver-4.29.0.jar:?]
	at org.openqa.selenium.remote.RemoteWebDriver.findElements(RemoteWebDriver.java:381) ~[selenium-remote-driver-4.29.0.jar:?]
	at org.openqa.selenium.remote.RemoteWebDriver.findElements(RemoteWebDriver.java:375) ~[selenium-remote-driver-4.29.0.jar:?]
	at org.openqa.selenium.support.pagefactory.ByAll.findElement(ByAll.java:52) ~[selenium-support-4.29.0.jar:?]
	at org.openqa.selenium.remote.ElementLocation$ElementFinder$1.findElement(ElementLocation.java:139) ~[selenium-remote-driver-4.29.0.jar:?]
	at org.openqa.selenium.remote.ElementLocation.findElement(ElementLocation.java:59) ~[selenium-remote-driver-4.29.0.jar:?]
	at org.openqa.selenium.remote.RemoteWebDriver.findElement(RemoteWebDriver.java:368) ~[selenium-remote-driver-4.29.0.jar:?]
	at org.openqa.selenium.remote.RemoteWebDriver.findElement(RemoteWebDriver.java:362) ~[selenium-remote-driver-4.29.0.jar:?]
	at org.openqa.selenium.support.pagefactory.DefaultElementLocator.findElement(DefaultElementLocator.java:68) ~[selenium-support-4.29.0.jar:?]
	at org.openqa.selenium.support.pagefactory.internal.LocatingElementHandler.invoke(LocatingElementHandler.java:38) ~[selenium-support-4.29.0.jar:?]
	at jdk.proxy2/jdk.proxy2.$Proxy32.sendKeys(Unknown Source) ~[?:?]
	at utlity.SeleniumCommonUtils.typeText(SeleniumCommonUtils.java:50) ~[classes/:?]
	at pages.NewUserSignUpPage.signupWithNameEmail(NewUserSignUpPage.java:134) ~[classes/:?]
	at ui.testcases.LoginWithvaliduserTest.loginWithvalidUserTest(LoginWithvaliduserTest.java:29) ~[test-classes/:?]
	at java.base/jdk.internal.reflect.NativeMethodAccessorImpl.invoke0(Native Method) ~[?:?]
	at java.base/jdk.internal.reflect.NativeMethodAccessorImpl.invoke(NativeMethodAccessorImpl.java:77) ~[?:?]
	at java.base/jdk.internal.reflect.DelegatingMethodAccessorImpl.invoke(DelegatingMethodAccessorImpl.java:43) ~[?:?]
	at java.base/java.lang.reflect.Method.invoke(Method.java:568) ~[?:?]
	at org.testng.internal.invokers.MethodInvocationHelper.invokeMethod(MethodInvocationHelper.java:141) ~[testng-7.10.2.jar:7.10.2]
	at org.testng.internal.invokers.TestInvoker.invokeMethod(TestInvoker.java:686) ~[testng-7.10.2.jar:7.10.2]
	at org.testng.internal.invokers.TestInvoker.invokeTestMethod(TestInvoker.java:230) ~[testng-7.10.2.jar:7.10.2]
	at org.testng.internal.invokers.MethodRunner.runInSequence(MethodRunner.java:63) ~[testng-7.10.2.jar:7.10.2]
	at org.testng.internal.invokers.TestInvoker$MethodInvocationAgent.invoke(TestInvoker.java:992) ~[testng-7.10.2.jar:7.10.2]
	at org.testng.internal.invokers.TestInvoker.invokeTestMethods(TestInvoker.java:203) ~[testng-7.10.2.jar:7.10.2]
	at org.testng.internal.invokers.TestMethodWorker.invokeTestMethods(TestMethodWorker.java:154) ~[testng-7.10.2.jar:7.10.2]
	at org.testng.internal.invokers.TestMethodWorker.run(TestMethodWorker.java:134) ~[testng-7.10.2.jar:7.10.2]
	at java.base/java.util.ArrayList.forEach(ArrayList.java:1511) [?:?]
	at org.testng.TestRunner.privateRun(TestRunner.java:739) [testng-7.10.2.jar:7.10.2]
	at org.testng.TestRunner.run(TestRunner.java:614) [testng-7.10.2.jar:7.10.2]
	at org.testng.SuiteRunner.runTest(SuiteRunner.java:421) [testng-7.10.2.jar:7.10.2]
	at org.testng.SuiteRunner.runSequentially(SuiteRunner.java:413) [testng-7.10.2.jar:7.10.2]
	at org.testng.SuiteRunner.privateRun(SuiteRunner.java:373) [testng-7.10.2.jar:7.10.2]
	at org.testng.SuiteRunner.run(SuiteRunner.java:312) [testng-7.10.2.jar:7.10.2]
	at org.testng.SuiteRunnerWorker.runSuite(SuiteRunnerWorker.java:52) [testng-7.10.2.jar:7.10.2]
	at org.testng.SuiteRunnerWorker.run(SuiteRunnerWorker.java:95) [testng-7.10.2.jar:7.10.2]
	at org.testng.TestNG.runSuitesSequentially(TestNG.java:1274) [testng-7.10.2.jar:7.10.2]
	at org.testng.TestNG.runSuitesLocally(TestNG.java:1208) [testng-7.10.2.jar:7.10.2]
	at org.testng.TestNG.runSuites(TestNG.java:1112) [testng-7.10.2.jar:7.10.2]
	at org.testng.TestNG.run(TestNG.java:1079) [testng-7.10.2.jar:7.10.2]
	at org.apache.maven.surefire.testng.TestNGExecutor.run(TestNGExecutor.java:155) [surefire-testng-3.3.0.jar:3.3.0]
	at org.apache.maven.surefire.testng.TestNGDirectoryTestSuite.executeMulti(TestNGDirectoryTestSuite.java:169) [surefire-testng-3.3.0.jar:3.3.0]
	at org.apache.maven.surefire.testng.TestNGDirectoryTestSuite.execute(TestNGDirectoryTestSuite.java:88) [surefire-testng-3.3.0.jar:3.3.0]
	at org.apache.maven.surefire.testng.TestNGProvider.invoke(TestNGProvider.java:137) [surefire-testng-3.3.0.jar:3.3.0]
	at org.apache.maven.surefire.booter.ForkedBooter.runSuitesInProcess(ForkedBooter.java:385) [surefire-booter-3.3.0.jar:3.3.0]
	at org.apache.maven.surefire.booter.ForkedBooter.execute(ForkedBooter.java:162) [surefire-booter-3.3.0.jar:3.3.0]
	at org.apache.maven.surefire.booter.ForkedBooter.run(ForkedBooter.java:507) [surefire-booter-3.3.0.jar:3.3.0]
	at org.apache.maven.surefire.booter.ForkedBooter.main(ForkedBooter.java:495) [surefire-booter-3.3.0.jar:3.3.0]
2025-05-15 01:34:51 [main] ERROR LoggerUtils - Test Failed: loginWithvalidUserTest
2025-05-15 01:34:51 [main] ERROR LoggerUtils - Exception: 
org.openqa.selenium.NoSuchSessionException: invalid session id
Build info: version: '4.29.0', revision: '5fc1ec94cb'
System info: os.name: 'Mac OS X', os.arch: 'aarch64', os.version: '15.4.1', java.version: '17.0.12'
Driver info: org.openqa.selenium.chrome.ChromeDriver
Command: [62069e583113145bf5dd0b9f7da56894, screenshot {}]
Capabilities {acceptInsecureCerts: false, browserName: chrome, browserVersion: 136.0.7103.113, chrome: {chromedriverVersion: 136.0.7103.94 (fa0be0b33deb..., userDataDir: /var/folders/f3/7d9mby7j7yj...}, fedcm:accounts: true, goog:chromeOptions: {debuggerAddress: localhost:65150}, networkConnectionEnabled: false, pageLoadStrategy: normal, platformName: mac, proxy: Proxy(), se:cdp: ws://localhost:65150/devtoo..., se:cdpVersion: 136.0.7103.113, setWindowRect: true, strictFileInteractability: false, timeouts: {implicit: 0, pageLoad: 300000, script: 30000}, unhandledPromptBehavior: dismiss and notify, webauthn:extension:credBlob: true, webauthn:extension:largeBlob: true, webauthn:extension:minPinLength: true, webauthn:extension:prf: true, webauthn:virtualAuthenticators: true}
Session ID: 62069e583113145bf5dd0b9f7da56894
	at java.base/jdk.internal.reflect.NativeConstructorAccessorImpl.newInstance0(Native Method) ~[?:?]
	at java.base/jdk.internal.reflect.NativeConstructorAccessorImpl.newInstance(NativeConstructorAccessorImpl.java:77) ~[?:?]
	at java.base/jdk.internal.reflect.DelegatingConstructorAccessorImpl.newInstance(DelegatingConstructorAccessorImpl.java:45) ~[?:?]
	at java.base/java.lang.reflect.Constructor.newInstanceWithCaller(Constructor.java:499) ~[?:?]
	at java.base/java.lang.reflect.Constructor.newInstance(Constructor.java:480) ~[?:?]
	at org.openqa.selenium.remote.ErrorCodec.decode(ErrorCodec.java:167) ~[selenium-remote-driver-4.29.0.jar:?]
	at org.openqa.selenium.remote.codec.w3c.W3CHttpResponseCodec.decode(W3CHttpResponseCodec.java:138) ~[selenium-remote-driver-4.29.0.jar:?]
	at org.openqa.selenium.remote.codec.w3c.W3CHttpResponseCodec.decode(W3CHttpResponseCodec.java:50) ~[selenium-remote-driver-4.29.0.jar:?]
	at org.openqa.selenium.remote.HttpCommandExecutor.execute(HttpCommandExecutor.java:215) ~[selenium-remote-driver-4.29.0.jar:?]
	at org.openqa.selenium.remote.service.DriverCommandExecutor.invokeExecute(DriverCommandExecutor.java:216) ~[selenium-remote-driver-4.29.0.jar:?]
	at org.openqa.selenium.remote.service.DriverCommandExecutor.execute(DriverCommandExecutor.java:174) ~[selenium-remote-driver-4.29.0.jar:?]
	at org.openqa.selenium.remote.RemoteWebDriver.execute(RemoteWebDriver.java:545) ~[selenium-remote-driver-4.29.0.jar:?]
	at org.openqa.selenium.remote.RemoteWebDriver.execute(RemoteWebDriver.java:618) ~[selenium-remote-driver-4.29.0.jar:?]
	at org.openqa.selenium.remote.RemoteWebDriver.execute(RemoteWebDriver.java:622) ~[selenium-remote-driver-4.29.0.jar:?]
	at org.openqa.selenium.remote.RemoteWebDriver.getScreenshotAs(RemoteWebDriver.java:334) ~[selenium-remote-driver-4.29.0.jar:?]
	at utlity.SeleniumCommonUtils.captureScreenshot(SeleniumCommonUtils.java:104) ~[classes/:?]
	at listeners.SeleniumListener.onTestFailure(SeleniumListener.java:43) ~[classes/:?]
	at org.testng.internal.TestListenerHelper.runTestListeners(TestListenerHelper.java:115) ~[testng-7.10.2.jar:7.10.2]
	at org.testng.internal.invokers.TestInvoker.runTestResultListener(TestInvoker.java:285) ~[testng-7.10.2.jar:7.10.2]
	at org.testng.internal.invokers.TestInvoker.invokeMethod(TestInvoker.java:774) ~[testng-7.10.2.jar:7.10.2]
	at org.testng.internal.invokers.TestInvoker.invokeTestMethod(TestInvoker.java:230) ~[testng-7.10.2.jar:7.10.2]
	at org.testng.internal.invokers.MethodRunner.runInSequence(MethodRunner.java:63) ~[testng-7.10.2.jar:7.10.2]
	at org.testng.internal.invokers.TestInvoker$MethodInvocationAgent.invoke(TestInvoker.java:992) ~[testng-7.10.2.jar:7.10.2]
	at org.testng.internal.invokers.TestInvoker.invokeTestMethods(TestInvoker.java:203) ~[testng-7.10.2.jar:7.10.2]
	at org.testng.internal.invokers.TestMethodWorker.invokeTestMethods(TestMethodWorker.java:154) ~[testng-7.10.2.jar:7.10.2]
	at org.testng.internal.invokers.TestMethodWorker.run(TestMethodWorker.java:134) ~[testng-7.10.2.jar:7.10.2]
	at java.base/java.util.ArrayList.forEach(ArrayList.java:1511) [?:?]
	at org.testng.TestRunner.privateRun(TestRunner.java:739) [testng-7.10.2.jar:7.10.2]
	at org.testng.TestRunner.run(TestRunner.java:614) [testng-7.10.2.jar:7.10.2]
	at org.testng.SuiteRunner.runTest(SuiteRunner.java:421) [testng-7.10.2.jar:7.10.2]
	at org.testng.SuiteRunner.runSequentially(SuiteRunner.java:413) [testng-7.10.2.jar:7.10.2]
	at org.testng.SuiteRunner.privateRun(SuiteRunner.java:373) [testng-7.10.2.jar:7.10.2]
	at org.testng.SuiteRunner.run(SuiteRunner.java:312) [testng-7.10.2.jar:7.10.2]
	at org.testng.SuiteRunnerWorker.runSuite(SuiteRunnerWorker.java:52) [testng-7.10.2.jar:7.10.2]
	at org.testng.SuiteRunnerWorker.run(SuiteRunnerWorker.java:95) [testng-7.10.2.jar:7.10.2]
	at org.testng.TestNG.runSuitesSequentially(TestNG.java:1274) [testng-7.10.2.jar:7.10.2]
	at org.testng.TestNG.runSuitesLocally(TestNG.java:1208) [testng-7.10.2.jar:7.10.2]
	at org.testng.TestNG.runSuites(TestNG.java:1112) [testng-7.10.2.jar:7.10.2]
	at org.testng.TestNG.run(TestNG.java:1079) [testng-7.10.2.jar:7.10.2]
	at org.apache.maven.surefire.testng.TestNGExecutor.run(TestNGExecutor.java:155) [surefire-testng-3.3.0.jar:3.3.0]
	at org.apache.maven.surefire.testng.TestNGDirectoryTestSuite.executeMulti(TestNGDirectoryTestSuite.java:169) [surefire-testng-3.3.0.jar:3.3.0]
	at org.apache.maven.surefire.testng.TestNGDirectoryTestSuite.execute(TestNGDirectoryTestSuite.java:88) [surefire-testng-3.3.0.jar:3.3.0]
	at org.apache.maven.surefire.testng.TestNGProvider.invoke(TestNGProvider.java:137) [surefire-testng-3.3.0.jar:3.3.0]
	at org.apache.maven.surefire.booter.ForkedBooter.runSuitesInProcess(ForkedBooter.java:385) [surefire-booter-3.3.0.jar:3.3.0]
	at org.apache.maven.surefire.booter.ForkedBooter.execute(ForkedBooter.java:162) [surefire-booter-3.3.0.jar:3.3.0]
	at org.apache.maven.surefire.booter.ForkedBooter.run(ForkedBooter.java:507) [surefire-booter-3.3.0.jar:3.3.0]
	at org.apache.maven.surefire.booter.ForkedBooter.main(ForkedBooter.java:495) [surefire-booter-3.3.0.jar:3.3.0]
2025-05-15 01:34:51 [main] INFO  LoggerUtils - Test Suite Finished: Surefire test
2025-05-15 09:37:05 [main] INFO  LoggerUtils - Test Suite Started: Surefire test
2025-05-15 09:37:05 [main] INFO  LoggerUtils - Browser passed from testng.xml or Hooks: chrome
2025-05-15 09:37:10 [main] INFO  LoggerUtils - Navigated to application and LoginPage initialized
2025-05-15 09:37:10 [main] INFO  LoggerUtils - Test Started: loginToApplication
2025-05-15 09:37:50 [main] ERROR LoggerUtils - Failed to click element: no such element: Unable to locate element: {"method":"xpath","selector":"//a[@data-title='Login']"}
  (Session info: chrome=136.0.7103.113)
For documentation on this error, please visit: https://www.selenium.dev/documentation/webdriver/troubleshooting/errors#no-such-element-exception
Build info: version: '4.29.0', revision: '5fc1ec94cb'
System info: os.name: 'Mac OS X', os.arch: 'aarch64', os.version: '15.4.1', java.version: '17.0.12'
Driver info: org.openqa.selenium.chrome.ChromeDriver
Command: [25d7750ebf546b698f54dad485804c3e, findElement {value=//a[@data-title='Login'], using=xpath}]
Capabilities {acceptInsecureCerts: false, browserName: chrome, browserVersion: 136.0.7103.113, chrome: {chromedriverVersion: 136.0.7103.94 (fa0be0b33deb..., userDataDir: /var/folders/f3/7d9mby7j7yj...}, fedcm:accounts: true, goog:chromeOptions: {debuggerAddress: localhost:49608}, networkConnectionEnabled: false, pageLoadStrategy: normal, platformName: mac, proxy: Proxy(), se:cdp: ws://localhost:49608/devtoo..., se:cdpVersion: 136.0.7103.113, setWindowRect: true, strictFileInteractability: false, timeouts: {implicit: 0, pageLoad: 300000, script: 30000}, unhandledPromptBehavior: dismiss and notify, webauthn:extension:credBlob: true, webauthn:extension:largeBlob: true, webauthn:extension:minPinLength: true, webauthn:extension:prf: true, webauthn:virtualAuthenticators: true}
Session ID: 25d7750ebf546b698f54dad485804c3e
2025-05-15 09:38:30 [main] ERROR LoggerUtils - Test Failed: loginToApplication
2025-05-15 09:38:30 [main] ERROR LoggerUtils - Exception: 
org.openqa.selenium.NoSuchElementException: no such element: Unable to locate element: {"method":"xpath","selector":"//a[@data-title='Login']"}
  (Session info: chrome=136.0.7103.113)
For documentation on this error, please visit: https://www.selenium.dev/documentation/webdriver/troubleshooting/errors#no-such-element-exception
Build info: version: '4.29.0', revision: '5fc1ec94cb'
System info: os.name: 'Mac OS X', os.arch: 'aarch64', os.version: '15.4.1', java.version: '17.0.12'
Driver info: org.openqa.selenium.chrome.ChromeDriver
Command: [25d7750ebf546b698f54dad485804c3e, findElement {value=//a[@data-title='Login'], using=xpath}]
Capabilities {acceptInsecureCerts: false, browserName: chrome, browserVersion: 136.0.7103.113, chrome: {chromedriverVersion: 136.0.7103.94 (fa0be0b33deb..., userDataDir: /var/folders/f3/7d9mby7j7yj...}, fedcm:accounts: true, goog:chromeOptions: {debuggerAddress: localhost:49608}, networkConnectionEnabled: false, pageLoadStrategy: normal, platformName: mac, proxy: Proxy(), se:cdp: ws://localhost:49608/devtoo..., se:cdpVersion: 136.0.7103.113, setWindowRect: true, strictFileInteractability: false, timeouts: {implicit: 0, pageLoad: 300000, script: 30000}, unhandledPromptBehavior: dismiss and notify, webauthn:extension:credBlob: true, webauthn:extension:largeBlob: true, webauthn:extension:minPinLength: true, webauthn:extension:prf: true, webauthn:virtualAuthenticators: true}
Session ID: 25d7750ebf546b698f54dad485804c3e
	at java.base/jdk.internal.reflect.NativeConstructorAccessorImpl.newInstance0(Native Method) ~[?:?]
	at java.base/jdk.internal.reflect.NativeConstructorAccessorImpl.newInstance(NativeConstructorAccessorImpl.java:77) ~[?:?]
	at java.base/jdk.internal.reflect.DelegatingConstructorAccessorImpl.newInstance(DelegatingConstructorAccessorImpl.java:45) ~[?:?]
	at java.base/java.lang.reflect.Constructor.newInstanceWithCaller(Constructor.java:499) ~[?:?]
	at java.base/java.lang.reflect.Constructor.newInstance(Constructor.java:480) ~[?:?]
	at org.openqa.selenium.remote.ErrorCodec.decode(ErrorCodec.java:167) ~[selenium-remote-driver-4.29.0.jar:?]
	at org.openqa.selenium.remote.codec.w3c.W3CHttpResponseCodec.decode(W3CHttpResponseCodec.java:138) ~[selenium-remote-driver-4.29.0.jar:?]
	at org.openqa.selenium.remote.codec.w3c.W3CHttpResponseCodec.decode(W3CHttpResponseCodec.java:50) ~[selenium-remote-driver-4.29.0.jar:?]
	at org.openqa.selenium.remote.HttpCommandExecutor.execute(HttpCommandExecutor.java:215) ~[selenium-remote-driver-4.29.0.jar:?]
	at org.openqa.selenium.remote.service.DriverCommandExecutor.invokeExecute(DriverCommandExecutor.java:216) ~[selenium-remote-driver-4.29.0.jar:?]
	at org.openqa.selenium.remote.service.DriverCommandExecutor.execute(DriverCommandExecutor.java:174) ~[selenium-remote-driver-4.29.0.jar:?]
	at org.openqa.selenium.remote.RemoteWebDriver.execute(RemoteWebDriver.java:545) ~[selenium-remote-driver-4.29.0.jar:?]
	at org.openqa.selenium.remote.ElementLocation$ElementFinder$2.findElement(ElementLocation.java:165) ~[selenium-remote-driver-4.29.0.jar:?]
	at org.openqa.selenium.remote.ElementLocation.findElement(ElementLocation.java:59) ~[selenium-remote-driver-4.29.0.jar:?]
	at org.openqa.selenium.remote.RemoteWebDriver.findElement(RemoteWebDriver.java:368) ~[selenium-remote-driver-4.29.0.jar:?]
	at org.openqa.selenium.remote.RemoteWebDriver.findElement(RemoteWebDriver.java:362) ~[selenium-remote-driver-4.29.0.jar:?]
	at org.openqa.selenium.support.pagefactory.DefaultElementLocator.findElement(DefaultElementLocator.java:68) ~[selenium-support-4.29.0.jar:?]
	at org.openqa.selenium.support.pagefactory.internal.LocatingElementHandler.invoke(LocatingElementHandler.java:38) ~[selenium-support-4.29.0.jar:?]
	at jdk.proxy2/jdk.proxy2.$Proxy30.click(Unknown Source) ~[?:?]
	at utlity.SeleniumCommonUtils.clickElement(SeleniumCommonUtils.java:37) ~[classes/:?]
	at pages.LoginPage.loginToApplication(LoginPage.java:37) ~[classes/:?]
	at ui.testcases.DemoTest.loginToApplication(DemoTest.java:19) ~[test-classes/:?]
	at java.base/jdk.internal.reflect.NativeMethodAccessorImpl.invoke0(Native Method) ~[?:?]
	at java.base/jdk.internal.reflect.NativeMethodAccessorImpl.invoke(NativeMethodAccessorImpl.java:77) ~[?:?]
	at java.base/jdk.internal.reflect.DelegatingMethodAccessorImpl.invoke(DelegatingMethodAccessorImpl.java:43) ~[?:?]
	at java.base/java.lang.reflect.Method.invoke(Method.java:568) ~[?:?]
	at org.testng.internal.invokers.MethodInvocationHelper.invokeMethod(MethodInvocationHelper.java:141) ~[testng-7.10.2.jar:7.10.2]
	at org.testng.internal.invokers.TestInvoker.invokeMethod(TestInvoker.java:686) ~[testng-7.10.2.jar:7.10.2]
	at org.testng.internal.invokers.TestInvoker.invokeTestMethod(TestInvoker.java:230) ~[testng-7.10.2.jar:7.10.2]
	at org.testng.internal.invokers.MethodRunner.runInSequence(MethodRunner.java:63) ~[testng-7.10.2.jar:7.10.2]
	at org.testng.internal.invokers.TestInvoker$MethodInvocationAgent.invoke(TestInvoker.java:992) ~[testng-7.10.2.jar:7.10.2]
	at org.testng.internal.invokers.TestInvoker.invokeTestMethods(TestInvoker.java:203) ~[testng-7.10.2.jar:7.10.2]
	at org.testng.internal.invokers.TestMethodWorker.invokeTestMethods(TestMethodWorker.java:154) ~[testng-7.10.2.jar:7.10.2]
	at org.testng.internal.invokers.TestMethodWorker.run(TestMethodWorker.java:134) ~[testng-7.10.2.jar:7.10.2]
	at java.base/java.util.ArrayList.forEach(ArrayList.java:1511) [?:?]
	at org.testng.TestRunner.privateRun(TestRunner.java:739) [testng-7.10.2.jar:7.10.2]
	at org.testng.TestRunner.run(TestRunner.java:614) [testng-7.10.2.jar:7.10.2]
	at org.testng.SuiteRunner.runTest(SuiteRunner.java:421) [testng-7.10.2.jar:7.10.2]
	at org.testng.SuiteRunner.runSequentially(SuiteRunner.java:413) [testng-7.10.2.jar:7.10.2]
	at org.testng.SuiteRunner.privateRun(SuiteRunner.java:373) [testng-7.10.2.jar:7.10.2]
	at org.testng.SuiteRunner.run(SuiteRunner.java:312) [testng-7.10.2.jar:7.10.2]
	at org.testng.SuiteRunnerWorker.runSuite(SuiteRunnerWorker.java:52) [testng-7.10.2.jar:7.10.2]
	at org.testng.SuiteRunnerWorker.run(SuiteRunnerWorker.java:95) [testng-7.10.2.jar:7.10.2]
	at org.testng.TestNG.runSuitesSequentially(TestNG.java:1274) [testng-7.10.2.jar:7.10.2]
	at org.testng.TestNG.runSuitesLocally(TestNG.java:1208) [testng-7.10.2.jar:7.10.2]
	at org.testng.TestNG.runSuites(TestNG.java:1112) [testng-7.10.2.jar:7.10.2]
	at org.testng.TestNG.run(TestNG.java:1079) [testng-7.10.2.jar:7.10.2]
	at org.apache.maven.surefire.testng.TestNGExecutor.run(TestNGExecutor.java:155) [surefire-testng-3.3.0.jar:3.3.0]
	at org.apache.maven.surefire.testng.TestNGDirectoryTestSuite.executeMulti(TestNGDirectoryTestSuite.java:169) [surefire-testng-3.3.0.jar:3.3.0]
	at org.apache.maven.surefire.testng.TestNGDirectoryTestSuite.execute(TestNGDirectoryTestSuite.java:88) [surefire-testng-3.3.0.jar:3.3.0]
	at org.apache.maven.surefire.testng.TestNGProvider.invoke(TestNGProvider.java:137) [surefire-testng-3.3.0.jar:3.3.0]
	at org.apache.maven.surefire.booter.ForkedBooter.runSuitesInProcess(ForkedBooter.java:385) [surefire-booter-3.3.0.jar:3.3.0]
	at org.apache.maven.surefire.booter.ForkedBooter.execute(ForkedBooter.java:162) [surefire-booter-3.3.0.jar:3.3.0]
	at org.apache.maven.surefire.booter.ForkedBooter.run(ForkedBooter.java:507) [surefire-booter-3.3.0.jar:3.3.0]
	at org.apache.maven.surefire.booter.ForkedBooter.main(ForkedBooter.java:495) [surefire-booter-3.3.0.jar:3.3.0]
2025-05-15 09:38:30 [main] INFO  LoggerUtils - Screenshot saved at: ./screenshots/loginToApplication_20250515_093830.png
2025-05-15 09:38:31 [main] INFO  LoggerUtils - Browser passed from testng.xml or Hooks: chrome
2025-05-15 09:38:36 [main] INFO  LoggerUtils - Navigated to application and LoginPage initialized
2025-05-15 09:38:36 [main] INFO  LoggerUtils - Test Started: loginWithvalidUserTest
2025-05-15 09:38:36 [main] INFO  LoggerUtils - Clicked on element: [[ChromeDriver: chrome on mac (6ac0a4516c238a2080b05341711ee5cb)] -> xpath: //a[normalize-space()='Signup / Login']]
2025-05-15 09:38:36 [main] INFO  LoggerUtils - Fetched text: New User Signup!
2025-05-15 09:39:57 [main] INFO  LoggerUtils - Entered text: rohit
2025-05-15 09:41:17 [main] INFO  LoggerUtils - Entered text: msxbog@gmail.com
2025-05-15 09:41:17 [main] INFO  LoggerUtils - Clicked on element: [[ChromeDriver: chrome on mac (6ac0a4516c238a2080b05341711ee5cb)] -> xpath: //div[@class='signup-form']//button[@type='submit']]
2025-05-15 09:41:19 [main] INFO  LoggerUtils - Fetched attribute [value] with value: rohit
2025-05-15 09:41:19 [main] INFO  LoggerUtils - Fetched attribute [value] with value: msxbog@gmail.com
2025-05-15 09:41:19 [main] INFO  LoggerUtils - Clicked on element: [[ChromeDriver: chrome on mac (6ac0a4516c238a2080b05341711ee5cb)] -> css selector: #uniform-id_gender1]
2025-05-15 09:41:19 [main] INFO  LoggerUtils - Entered text: Nov@1122!0091
2025-05-15 09:41:19 [main] INFO  LoggerUtils - Selected value from dropdown by value: 5
2025-05-15 09:41:20 [main] INFO  LoggerUtils - Selected value from dropdown by value: 4
2025-05-15 09:41:20 [main] INFO  LoggerUtils - Selected value from dropdown by value: 2020
2025-05-15 09:41:20 [main] INFO  LoggerUtils - Entered text: rohit
2025-05-15 09:41:20 [main] INFO  LoggerUtils - Entered text: singh
2025-05-15 09:41:20 [main] INFO  LoggerUtils - Entered text: Coforge
2025-05-15 09:41:20 [main] INFO  LoggerUtils - Entered text: noida
2025-05-15 09:41:20 [main] INFO  LoggerUtils - Selected value from dropdown by value: India
2025-05-15 09:41:20 [main] INFO  LoggerUtils - Entered text: UP
2025-05-15 09:41:20 [main] INFO  LoggerUtils - Entered text: noida
2025-05-15 09:41:20 [main] INFO  LoggerUtils - Entered text: 541234
2025-05-15 09:41:20 [main] INFO  LoggerUtils - Entered text: 7643551111
2025-05-15 09:41:20 [main] INFO  LoggerUtils - Clicked element using JavaScript.
2025-05-15 09:41:21 [main] INFO  LoggerUtils - Fetched text: ACCOUNT CREATED!
2025-05-15 09:41:21 [main] INFO  LoggerUtils - Fetched text: Congratulations! Your new account has been successfully created!
2025-05-15 09:41:27 [main] INFO  LoggerUtils - Clicked element using JavaScript.
2025-05-15 09:41:27 [main] INFO  LoggerUtils - Fetched text: rohit
2025-05-15 09:42:08 [main] INFO  LoggerUtils - Clicked on element: Proxy element for: DefaultElementLocator 'By.xpath: //a[normalize-space()='Logout']'
2025-05-15 09:42:50 [main] INFO  LoggerUtils - Clicked on element: [[ChromeDriver: chrome on mac (6ac0a4516c238a2080b05341711ee5cb)] -> xpath: //a[normalize-space()='Signup / Login']]
2025-05-15 09:42:50 [main] INFO  LoggerUtils - Entered text: msxbog@gmail.com
2025-05-15 09:42:50 [main] INFO  LoggerUtils - Entered text: Nov@1122!0091
2025-05-15 09:42:50 [main] INFO  LoggerUtils - Clicked on element: [[ChromeDriver: chrome on mac (6ac0a4516c238a2080b05341711ee5cb)] -> xpath: //form[@action='/login']/button[text()='Login']]
2025-05-15 09:42:58 [main] INFO  LoggerUtils - Fetched text: rohit
2025-05-15 09:43:39 [main] INFO  LoggerUtils - Clicked on element: Proxy element for: DefaultElementLocator 'By.xpath: //a[normalize-space()='Delete Account']'
2025-05-15 09:44:19 [main] INFO  LoggerUtils - Fetched text: ACCOUNT DELETED!
2025-05-15 09:44:19 [main] INFO  LoggerUtils - Fetched text: Your account has been permanently deleted!
2025-05-15 09:45:06 [main] INFO  LoggerUtils - Clicked on element: Proxy element for: DefaultElementLocator 'By.xpath: //a[text()='Continue']'
2025-05-15 09:46:26 [main] INFO  LoggerUtils - Test Passed: loginWithvalidUserTest
2025-05-15 09:46:26 [main] INFO  LoggerUtils - Browser passed from testng.xml or Hooks: chrome
2025-05-15 09:46:30 [main] INFO  LoggerUtils - Navigated to application and LoginPage initialized
2025-05-15 09:46:30 [main] INFO  LoggerUtils - Test Started: registeruserTest
2025-05-15 09:46:33 [main] INFO  LoggerUtils - Clicked on element: [[ChromeDriver: chrome on mac (e235bd3b25fbb9632f318309540c696b)] -> xpath: //a[normalize-space()='Signup / Login']]
2025-05-15 09:46:33 [main] INFO  LoggerUtils - Fetched text: New User Signup!
2025-05-15 09:47:53 [main] INFO  LoggerUtils - Entered text: rohit
2025-05-15 09:49:13 [main] INFO  LoggerUtils - Entered text: saywpj@gmail.com
2025-05-15 09:49:13 [main] INFO  LoggerUtils - Clicked on element: [[ChromeDriver: chrome on mac (e235bd3b25fbb9632f318309540c696b)] -> xpath: //div[@class='signup-form']//button[@type='submit']]
2025-05-15 09:49:15 [main] INFO  LoggerUtils - Fetched attribute [value] with value: rohit
2025-05-15 09:49:15 [main] INFO  LoggerUtils - Fetched attribute [value] with value: saywpj@gmail.com
2025-05-15 09:49:15 [main] INFO  LoggerUtils - Clicked on element: [[ChromeDriver: chrome on mac (e235bd3b25fbb9632f318309540c696b)] -> css selector: #uniform-id_gender1]
2025-05-15 09:49:15 [main] INFO  LoggerUtils - Entered text: Nov@1122!0091
2025-05-15 09:49:15 [main] INFO  LoggerUtils - Selected value from dropdown by value: 5
2025-05-15 09:49:15 [main] INFO  LoggerUtils - Selected value from dropdown by value: 4
2025-05-15 09:49:15 [main] INFO  LoggerUtils - Selected value from dropdown by value: 2020
2025-05-15 09:49:15 [main] INFO  LoggerUtils - Entered text: rohit
2025-05-15 09:49:15 [main] INFO  LoggerUtils - Entered text: singh
2025-05-15 09:49:15 [main] INFO  LoggerUtils - Entered text: Coforge
2025-05-15 09:49:15 [main] INFO  LoggerUtils - Entered text: noida
2025-05-15 09:49:15 [main] INFO  LoggerUtils - Selected value from dropdown by value: India
2025-05-15 09:49:15 [main] INFO  LoggerUtils - Entered text: UP
2025-05-15 09:49:16 [main] INFO  LoggerUtils - Entered text: noida
2025-05-15 09:49:16 [main] INFO  LoggerUtils - Entered text: 541234
2025-05-15 09:49:16 [main] INFO  LoggerUtils - Entered text: 7643551111
2025-05-15 09:49:17 [main] INFO  LoggerUtils - Clicked element using JavaScript.
2025-05-15 09:49:17 [main] INFO  LoggerUtils - Fetched text: ACCOUNT CREATED!
2025-05-15 09:49:17 [main] INFO  LoggerUtils - Fetched text: Congratulations! Your new account has been successfully created!
2025-05-15 09:49:23 [main] INFO  LoggerUtils - Clicked element using JavaScript.
2025-05-15 09:49:23 [main] INFO  LoggerUtils - Fetched text: rohit
2025-05-15 09:50:04 [main] INFO  LoggerUtils - Clicked on element: Proxy element for: DefaultElementLocator 'By.xpath: //a[normalize-space()='Delete Account']'
2025-05-15 09:50:44 [main] INFO  LoggerUtils - Fetched text: ACCOUNT DELETED!
2025-05-15 09:50:44 [main] INFO  LoggerUtils - Fetched text: Your account has been permanently deleted!
2025-05-15 09:51:31 [main] INFO  LoggerUtils - Clicked on element: Proxy element for: DefaultElementLocator 'By.xpath: //a[text()='Continue']'
2025-05-15 09:51:53 [main] ERROR LoggerUtils - Failed to click element: invalid session id: session deleted as the browser has closed the connection
from disconnected: unable to send message to renderer
  (Session info: chrome=136.0.7103.113)
Build info: version: '4.29.0', revision: '5fc1ec94cb'
System info: os.name: 'Mac OS X', os.arch: 'aarch64', os.version: '15.4.1', java.version: '17.0.12'
Driver info: org.openqa.selenium.chrome.ChromeDriver
Command: [e235bd3b25fbb9632f318309540c696b, findElement {value=//a[text()='Continue'], using=xpath}]
Capabilities {acceptInsecureCerts: false, browserName: chrome, browserVersion: 136.0.7103.113, chrome: {chromedriverVersion: 136.0.7103.94 (fa0be0b33deb..., userDataDir: /var/folders/f3/7d9mby7j7yj...}, fedcm:accounts: true, goog:chromeOptions: {debuggerAddress: localhost:49783}, networkConnectionEnabled: false, pageLoadStrategy: normal, platformName: mac, proxy: Proxy(), se:cdp: ws://localhost:49783/devtoo..., se:cdpVersion: 136.0.7103.113, setWindowRect: true, strictFileInteractability: false, timeouts: {implicit: 0, pageLoad: 300000, script: 30000}, unhandledPromptBehavior: dismiss and notify, webauthn:extension:credBlob: true, webauthn:extension:largeBlob: true, webauthn:extension:minPinLength: true, webauthn:extension:prf: true, webauthn:virtualAuthenticators: true}
Session ID: e235bd3b25fbb9632f318309540c696b
2025-05-15 09:51:53 [main] ERROR LoggerUtils - Test Failed: registeruserTest
2025-05-15 09:51:53 [main] ERROR LoggerUtils - Exception: 
org.openqa.selenium.NoSuchSessionException: invalid session id
Build info: version: '4.29.0', revision: '5fc1ec94cb'
System info: os.name: 'Mac OS X', os.arch: 'aarch64', os.version: '15.4.1', java.version: '17.0.12'
Driver info: org.openqa.selenium.chrome.ChromeDriver
Command: [e235bd3b25fbb9632f318309540c696b, findElement {value=//a[text()='Continue'], using=xpath}]
Capabilities {acceptInsecureCerts: false, browserName: chrome, browserVersion: 136.0.7103.113, chrome: {chromedriverVersion: 136.0.7103.94 (fa0be0b33deb..., userDataDir: /var/folders/f3/7d9mby7j7yj...}, fedcm:accounts: true, goog:chromeOptions: {debuggerAddress: localhost:49783}, networkConnectionEnabled: false, pageLoadStrategy: normal, platformName: mac, proxy: Proxy(), se:cdp: ws://localhost:49783/devtoo..., se:cdpVersion: 136.0.7103.113, setWindowRect: true, strictFileInteractability: false, timeouts: {implicit: 0, pageLoad: 300000, script: 30000}, unhandledPromptBehavior: dismiss and notify, webauthn:extension:credBlob: true, webauthn:extension:largeBlob: true, webauthn:extension:minPinLength: true, webauthn:extension:prf: true, webauthn:virtualAuthenticators: true}
Session ID: e235bd3b25fbb9632f318309540c696b
	at java.base/jdk.internal.reflect.NativeConstructorAccessorImpl.newInstance0(Native Method) ~[?:?]
	at java.base/jdk.internal.reflect.NativeConstructorAccessorImpl.newInstance(NativeConstructorAccessorImpl.java:77) ~[?:?]
	at java.base/jdk.internal.reflect.DelegatingConstructorAccessorImpl.newInstance(DelegatingConstructorAccessorImpl.java:45) ~[?:?]
	at java.base/java.lang.reflect.Constructor.newInstanceWithCaller(Constructor.java:499) ~[?:?]
	at java.base/java.lang.reflect.Constructor.newInstance(Constructor.java:480) ~[?:?]
	at org.openqa.selenium.remote.ErrorCodec.decode(ErrorCodec.java:167) ~[selenium-remote-driver-4.29.0.jar:?]
	at org.openqa.selenium.remote.codec.w3c.W3CHttpResponseCodec.decode(W3CHttpResponseCodec.java:138) ~[selenium-remote-driver-4.29.0.jar:?]
	at org.openqa.selenium.remote.codec.w3c.W3CHttpResponseCodec.decode(W3CHttpResponseCodec.java:50) ~[selenium-remote-driver-4.29.0.jar:?]
	at org.openqa.selenium.remote.HttpCommandExecutor.execute(HttpCommandExecutor.java:215) ~[selenium-remote-driver-4.29.0.jar:?]
	at org.openqa.selenium.remote.service.DriverCommandExecutor.invokeExecute(DriverCommandExecutor.java:216) ~[selenium-remote-driver-4.29.0.jar:?]
	at org.openqa.selenium.remote.service.DriverCommandExecutor.execute(DriverCommandExecutor.java:174) ~[selenium-remote-driver-4.29.0.jar:?]
	at org.openqa.selenium.remote.RemoteWebDriver.execute(RemoteWebDriver.java:545) ~[selenium-remote-driver-4.29.0.jar:?]
	at org.openqa.selenium.remote.ElementLocation$ElementFinder$2.findElement(ElementLocation.java:165) ~[selenium-remote-driver-4.29.0.jar:?]
	at org.openqa.selenium.remote.ElementLocation.findElement(ElementLocation.java:59) ~[selenium-remote-driver-4.29.0.jar:?]
	at org.openqa.selenium.remote.RemoteWebDriver.findElement(RemoteWebDriver.java:368) ~[selenium-remote-driver-4.29.0.jar:?]
	at org.openqa.selenium.remote.RemoteWebDriver.findElement(RemoteWebDriver.java:362) ~[selenium-remote-driver-4.29.0.jar:?]
	at org.openqa.selenium.support.pagefactory.DefaultElementLocator.findElement(DefaultElementLocator.java:68) ~[selenium-support-4.29.0.jar:?]
	at org.openqa.selenium.support.pagefactory.internal.LocatingElementHandler.invoke(LocatingElementHandler.java:38) ~[selenium-support-4.29.0.jar:?]
	at jdk.proxy2/jdk.proxy2.$Proxy30.toString(Unknown Source) ~[?:?]
	at java.base/java.lang.StringConcatHelper.stringOf(StringConcatHelper.java:453) ~[?:?]
	at java.base/java.lang.StringConcatHelper.simpleConcat(StringConcatHelper.java:408) ~[?:?]
	at utlity.SeleniumCommonUtils.clickElement(SeleniumCommonUtils.java:42) ~[classes/:?]
	at pages.HomePage.deleteAccount(HomePage.java:86) ~[classes/:?]
	at ui.testcases.RegisterUserTest.registeruserTest(RegisterUserTest.java:29) ~[test-classes/:?]
	at java.base/jdk.internal.reflect.NativeMethodAccessorImpl.invoke0(Native Method) ~[?:?]
	at java.base/jdk.internal.reflect.NativeMethodAccessorImpl.invoke(NativeMethodAccessorImpl.java:77) ~[?:?]
	at java.base/jdk.internal.reflect.DelegatingMethodAccessorImpl.invoke(DelegatingMethodAccessorImpl.java:43) ~[?:?]
	at java.base/java.lang.reflect.Method.invoke(Method.java:568) ~[?:?]
	at org.testng.internal.invokers.MethodInvocationHelper.invokeMethod(MethodInvocationHelper.java:141) ~[testng-7.10.2.jar:7.10.2]
	at org.testng.internal.invokers.TestInvoker.invokeMethod(TestInvoker.java:686) ~[testng-7.10.2.jar:7.10.2]
	at org.testng.internal.invokers.TestInvoker.invokeTestMethod(TestInvoker.java:230) ~[testng-7.10.2.jar:7.10.2]
	at org.testng.internal.invokers.MethodRunner.runInSequence(MethodRunner.java:63) ~[testng-7.10.2.jar:7.10.2]
	at org.testng.internal.invokers.TestInvoker$MethodInvocationAgent.invoke(TestInvoker.java:992) ~[testng-7.10.2.jar:7.10.2]
	at org.testng.internal.invokers.TestInvoker.invokeTestMethods(TestInvoker.java:203) ~[testng-7.10.2.jar:7.10.2]
	at org.testng.internal.invokers.TestMethodWorker.invokeTestMethods(TestMethodWorker.java:154) ~[testng-7.10.2.jar:7.10.2]
	at org.testng.internal.invokers.TestMethodWorker.run(TestMethodWorker.java:134) ~[testng-7.10.2.jar:7.10.2]
	at java.base/java.util.ArrayList.forEach(ArrayList.java:1511) [?:?]
	at org.testng.TestRunner.privateRun(TestRunner.java:739) [testng-7.10.2.jar:7.10.2]
	at org.testng.TestRunner.run(TestRunner.java:614) [testng-7.10.2.jar:7.10.2]
	at org.testng.SuiteRunner.runTest(SuiteRunner.java:421) [testng-7.10.2.jar:7.10.2]
	at org.testng.SuiteRunner.runSequentially(SuiteRunner.java:413) [testng-7.10.2.jar:7.10.2]
	at org.testng.SuiteRunner.privateRun(SuiteRunner.java:373) [testng-7.10.2.jar:7.10.2]
	at org.testng.SuiteRunner.run(SuiteRunner.java:312) [testng-7.10.2.jar:7.10.2]
	at org.testng.SuiteRunnerWorker.runSuite(SuiteRunnerWorker.java:52) [testng-7.10.2.jar:7.10.2]
	at org.testng.SuiteRunnerWorker.run(SuiteRunnerWorker.java:95) [testng-7.10.2.jar:7.10.2]
	at org.testng.TestNG.runSuitesSequentially(TestNG.java:1274) [testng-7.10.2.jar:7.10.2]
	at org.testng.TestNG.runSuitesLocally(TestNG.java:1208) [testng-7.10.2.jar:7.10.2]
	at org.testng.TestNG.runSuites(TestNG.java:1112) [testng-7.10.2.jar:7.10.2]
	at org.testng.TestNG.run(TestNG.java:1079) [testng-7.10.2.jar:7.10.2]
	at org.apache.maven.surefire.testng.TestNGExecutor.run(TestNGExecutor.java:155) [surefire-testng-3.3.0.jar:3.3.0]
	at org.apache.maven.surefire.testng.TestNGDirectoryTestSuite.executeMulti(TestNGDirectoryTestSuite.java:169) [surefire-testng-3.3.0.jar:3.3.0]
	at org.apache.maven.surefire.testng.TestNGDirectoryTestSuite.execute(TestNGDirectoryTestSuite.java:88) [surefire-testng-3.3.0.jar:3.3.0]
	at org.apache.maven.surefire.testng.TestNGProvider.invoke(TestNGProvider.java:137) [surefire-testng-3.3.0.jar:3.3.0]
	at org.apache.maven.surefire.booter.ForkedBooter.runSuitesInProcess(ForkedBooter.java:385) [surefire-booter-3.3.0.jar:3.3.0]
	at org.apache.maven.surefire.booter.ForkedBooter.execute(ForkedBooter.java:162) [surefire-booter-3.3.0.jar:3.3.0]
	at org.apache.maven.surefire.booter.ForkedBooter.run(ForkedBooter.java:507) [surefire-booter-3.3.0.jar:3.3.0]
	at org.apache.maven.surefire.booter.ForkedBooter.main(ForkedBooter.java:495) [surefire-booter-3.3.0.jar:3.3.0]
2025-05-15 09:51:53 [main] ERROR LoggerUtils - Test Failed: registeruserTest
2025-05-15 09:51:53 [main] ERROR LoggerUtils - Exception: 
org.openqa.selenium.NoSuchSessionException: invalid session id
Build info: version: '4.29.0', revision: '5fc1ec94cb'
System info: os.name: 'Mac OS X', os.arch: 'aarch64', os.version: '15.4.1', java.version: '17.0.12'
Driver info: org.openqa.selenium.chrome.ChromeDriver
Command: [e235bd3b25fbb9632f318309540c696b, screenshot {}]
Capabilities {acceptInsecureCerts: false, browserName: chrome, browserVersion: 136.0.7103.113, chrome: {chromedriverVersion: 136.0.7103.94 (fa0be0b33deb..., userDataDir: /var/folders/f3/7d9mby7j7yj...}, fedcm:accounts: true, goog:chromeOptions: {debuggerAddress: localhost:49783}, networkConnectionEnabled: false, pageLoadStrategy: normal, platformName: mac, proxy: Proxy(), se:cdp: ws://localhost:49783/devtoo..., se:cdpVersion: 136.0.7103.113, setWindowRect: true, strictFileInteractability: false, timeouts: {implicit: 0, pageLoad: 300000, script: 30000}, unhandledPromptBehavior: dismiss and notify, webauthn:extension:credBlob: true, webauthn:extension:largeBlob: true, webauthn:extension:minPinLength: true, webauthn:extension:prf: true, webauthn:virtualAuthenticators: true}
Session ID: e235bd3b25fbb9632f318309540c696b
	at java.base/jdk.internal.reflect.NativeConstructorAccessorImpl.newInstance0(Native Method) ~[?:?]
	at java.base/jdk.internal.reflect.NativeConstructorAccessorImpl.newInstance(NativeConstructorAccessorImpl.java:77) ~[?:?]
	at java.base/jdk.internal.reflect.DelegatingConstructorAccessorImpl.newInstance(DelegatingConstructorAccessorImpl.java:45) ~[?:?]
	at java.base/java.lang.reflect.Constructor.newInstanceWithCaller(Constructor.java:499) ~[?:?]
	at java.base/java.lang.reflect.Constructor.newInstance(Constructor.java:480) ~[?:?]
	at org.openqa.selenium.remote.ErrorCodec.decode(ErrorCodec.java:167) ~[selenium-remote-driver-4.29.0.jar:?]
	at org.openqa.selenium.remote.codec.w3c.W3CHttpResponseCodec.decode(W3CHttpResponseCodec.java:138) ~[selenium-remote-driver-4.29.0.jar:?]
	at org.openqa.selenium.remote.codec.w3c.W3CHttpResponseCodec.decode(W3CHttpResponseCodec.java:50) ~[selenium-remote-driver-4.29.0.jar:?]
	at org.openqa.selenium.remote.HttpCommandExecutor.execute(HttpCommandExecutor.java:215) ~[selenium-remote-driver-4.29.0.jar:?]
	at org.openqa.selenium.remote.service.DriverCommandExecutor.invokeExecute(DriverCommandExecutor.java:216) ~[selenium-remote-driver-4.29.0.jar:?]
	at org.openqa.selenium.remote.service.DriverCommandExecutor.execute(DriverCommandExecutor.java:174) ~[selenium-remote-driver-4.29.0.jar:?]
	at org.openqa.selenium.remote.RemoteWebDriver.execute(RemoteWebDriver.java:545) ~[selenium-remote-driver-4.29.0.jar:?]
	at org.openqa.selenium.remote.RemoteWebDriver.execute(RemoteWebDriver.java:618) ~[selenium-remote-driver-4.29.0.jar:?]
	at org.openqa.selenium.remote.RemoteWebDriver.execute(RemoteWebDriver.java:622) ~[selenium-remote-driver-4.29.0.jar:?]
	at org.openqa.selenium.remote.RemoteWebDriver.getScreenshotAs(RemoteWebDriver.java:334) ~[selenium-remote-driver-4.29.0.jar:?]
	at utlity.SeleniumCommonUtils.captureScreenshot(SeleniumCommonUtils.java:104) ~[classes/:?]
	at listeners.SeleniumListener.onTestFailure(SeleniumListener.java:43) ~[classes/:?]
	at org.testng.internal.TestListenerHelper.runTestListeners(TestListenerHelper.java:115) ~[testng-7.10.2.jar:7.10.2]
	at org.testng.internal.invokers.TestInvoker.runTestResultListener(TestInvoker.java:285) ~[testng-7.10.2.jar:7.10.2]
	at org.testng.internal.invokers.TestInvoker.invokeMethod(TestInvoker.java:774) ~[testng-7.10.2.jar:7.10.2]
	at org.testng.internal.invokers.TestInvoker.invokeTestMethod(TestInvoker.java:230) ~[testng-7.10.2.jar:7.10.2]
	at org.testng.internal.invokers.MethodRunner.runInSequence(MethodRunner.java:63) ~[testng-7.10.2.jar:7.10.2]
	at org.testng.internal.invokers.TestInvoker$MethodInvocationAgent.invoke(TestInvoker.java:992) ~[testng-7.10.2.jar:7.10.2]
	at org.testng.internal.invokers.TestInvoker.invokeTestMethods(TestInvoker.java:203) ~[testng-7.10.2.jar:7.10.2]
	at org.testng.internal.invokers.TestMethodWorker.invokeTestMethods(TestMethodWorker.java:154) ~[testng-7.10.2.jar:7.10.2]
	at org.testng.internal.invokers.TestMethodWorker.run(TestMethodWorker.java:134) ~[testng-7.10.2.jar:7.10.2]
	at java.base/java.util.ArrayList.forEach(ArrayList.java:1511) [?:?]
	at org.testng.TestRunner.privateRun(TestRunner.java:739) [testng-7.10.2.jar:7.10.2]
	at org.testng.TestRunner.run(TestRunner.java:614) [testng-7.10.2.jar:7.10.2]
	at org.testng.SuiteRunner.runTest(SuiteRunner.java:421) [testng-7.10.2.jar:7.10.2]
	at org.testng.SuiteRunner.runSequentially(SuiteRunner.java:413) [testng-7.10.2.jar:7.10.2]
	at org.testng.SuiteRunner.privateRun(SuiteRunner.java:373) [testng-7.10.2.jar:7.10.2]
	at org.testng.SuiteRunner.run(SuiteRunner.java:312) [testng-7.10.2.jar:7.10.2]
	at org.testng.SuiteRunnerWorker.runSuite(SuiteRunnerWorker.java:52) [testng-7.10.2.jar:7.10.2]
	at org.testng.SuiteRunnerWorker.run(SuiteRunnerWorker.java:95) [testng-7.10.2.jar:7.10.2]
	at org.testng.TestNG.runSuitesSequentially(TestNG.java:1274) [testng-7.10.2.jar:7.10.2]
	at org.testng.TestNG.runSuitesLocally(TestNG.java:1208) [testng-7.10.2.jar:7.10.2]
	at org.testng.TestNG.runSuites(TestNG.java:1112) [testng-7.10.2.jar:7.10.2]
	at org.testng.TestNG.run(TestNG.java:1079) [testng-7.10.2.jar:7.10.2]
	at org.apache.maven.surefire.testng.TestNGExecutor.run(TestNGExecutor.java:155) [surefire-testng-3.3.0.jar:3.3.0]
	at org.apache.maven.surefire.testng.TestNGDirectoryTestSuite.executeMulti(TestNGDirectoryTestSuite.java:169) [surefire-testng-3.3.0.jar:3.3.0]
	at org.apache.maven.surefire.testng.TestNGDirectoryTestSuite.execute(TestNGDirectoryTestSuite.java:88) [surefire-testng-3.3.0.jar:3.3.0]
	at org.apache.maven.surefire.testng.TestNGProvider.invoke(TestNGProvider.java:137) [surefire-testng-3.3.0.jar:3.3.0]
	at org.apache.maven.surefire.booter.ForkedBooter.runSuitesInProcess(ForkedBooter.java:385) [surefire-booter-3.3.0.jar:3.3.0]
	at org.apache.maven.surefire.booter.ForkedBooter.execute(ForkedBooter.java:162) [surefire-booter-3.3.0.jar:3.3.0]
	at org.apache.maven.surefire.booter.ForkedBooter.run(ForkedBooter.java:507) [surefire-booter-3.3.0.jar:3.3.0]
	at org.apache.maven.surefire.booter.ForkedBooter.main(ForkedBooter.java:495) [surefire-booter-3.3.0.jar:3.3.0]
2025-05-15 09:51:53 [main] INFO  LoggerUtils - Test Suite Finished: Surefire test
2025-05-15 09:52:05 [main] INFO  LoggerUtils - Test Suite Started: Surefire test
2025-05-15 09:52:05 [main] INFO  LoggerUtils - Browser passed from testng.xml or Hooks: chrome
2025-05-15 09:52:59 [main] INFO  LoggerUtils - Navigated to application and LoginPage initialized
2025-05-15 09:52:59 [main] INFO  LoggerUtils - Test Started: loginToApplication
2025-05-15 09:53:39 [main] ERROR LoggerUtils - Failed to click element: no such element: Unable to locate element: {"method":"xpath","selector":"//a[@data-title='Login']"}
  (Session info: chrome=136.0.7103.113)
For documentation on this error, please visit: https://www.selenium.dev/documentation/webdriver/troubleshooting/errors#no-such-element-exception
Build info: version: '4.29.0', revision: '5fc1ec94cb'
System info: os.name: 'Mac OS X', os.arch: 'aarch64', os.version: '15.4.1', java.version: '17.0.12'
Driver info: org.openqa.selenium.chrome.ChromeDriver
Command: [0c107d9fef2ce27f06b469349bc308db, findElement {value=//a[@data-title='Login'], using=xpath}]
Capabilities {acceptInsecureCerts: false, browserName: chrome, browserVersion: 136.0.7103.113, chrome: {chromedriverVersion: 136.0.7103.94 (fa0be0b33deb..., userDataDir: /var/folders/f3/7d9mby7j7yj...}, fedcm:accounts: true, goog:chromeOptions: {debuggerAddress: localhost:49906}, networkConnectionEnabled: false, pageLoadStrategy: normal, platformName: mac, proxy: Proxy(), se:cdp: ws://localhost:49906/devtoo..., se:cdpVersion: 136.0.7103.113, setWindowRect: true, strictFileInteractability: false, timeouts: {implicit: 0, pageLoad: 300000, script: 30000}, unhandledPromptBehavior: dismiss and notify, webauthn:extension:credBlob: true, webauthn:extension:largeBlob: true, webauthn:extension:minPinLength: true, webauthn:extension:prf: true, webauthn:virtualAuthenticators: true}
Session ID: 0c107d9fef2ce27f06b469349bc308db
2025-05-15 09:54:19 [main] ERROR LoggerUtils - Test Failed: loginToApplication
2025-05-15 09:54:19 [main] ERROR LoggerUtils - Exception: 
org.openqa.selenium.NoSuchElementException: no such element: Unable to locate element: {"method":"xpath","selector":"//a[@data-title='Login']"}
  (Session info: chrome=136.0.7103.113)
For documentation on this error, please visit: https://www.selenium.dev/documentation/webdriver/troubleshooting/errors#no-such-element-exception
Build info: version: '4.29.0', revision: '5fc1ec94cb'
System info: os.name: 'Mac OS X', os.arch: 'aarch64', os.version: '15.4.1', java.version: '17.0.12'
Driver info: org.openqa.selenium.chrome.ChromeDriver
Command: [0c107d9fef2ce27f06b469349bc308db, findElement {value=//a[@data-title='Login'], using=xpath}]
Capabilities {acceptInsecureCerts: false, browserName: chrome, browserVersion: 136.0.7103.113, chrome: {chromedriverVersion: 136.0.7103.94 (fa0be0b33deb..., userDataDir: /var/folders/f3/7d9mby7j7yj...}, fedcm:accounts: true, goog:chromeOptions: {debuggerAddress: localhost:49906}, networkConnectionEnabled: false, pageLoadStrategy: normal, platformName: mac, proxy: Proxy(), se:cdp: ws://localhost:49906/devtoo..., se:cdpVersion: 136.0.7103.113, setWindowRect: true, strictFileInteractability: false, timeouts: {implicit: 0, pageLoad: 300000, script: 30000}, unhandledPromptBehavior: dismiss and notify, webauthn:extension:credBlob: true, webauthn:extension:largeBlob: true, webauthn:extension:minPinLength: true, webauthn:extension:prf: true, webauthn:virtualAuthenticators: true}
Session ID: 0c107d9fef2ce27f06b469349bc308db
	at java.base/jdk.internal.reflect.NativeConstructorAccessorImpl.newInstance0(Native Method) ~[?:?]
	at java.base/jdk.internal.reflect.NativeConstructorAccessorImpl.newInstance(NativeConstructorAccessorImpl.java:77) ~[?:?]
	at java.base/jdk.internal.reflect.DelegatingConstructorAccessorImpl.newInstance(DelegatingConstructorAccessorImpl.java:45) ~[?:?]
	at java.base/java.lang.reflect.Constructor.newInstanceWithCaller(Constructor.java:499) ~[?:?]
	at java.base/java.lang.reflect.Constructor.newInstance(Constructor.java:480) ~[?:?]
	at org.openqa.selenium.remote.ErrorCodec.decode(ErrorCodec.java:167) ~[selenium-remote-driver-4.29.0.jar:?]
	at org.openqa.selenium.remote.codec.w3c.W3CHttpResponseCodec.decode(W3CHttpResponseCodec.java:138) ~[selenium-remote-driver-4.29.0.jar:?]
	at org.openqa.selenium.remote.codec.w3c.W3CHttpResponseCodec.decode(W3CHttpResponseCodec.java:50) ~[selenium-remote-driver-4.29.0.jar:?]
	at org.openqa.selenium.remote.HttpCommandExecutor.execute(HttpCommandExecutor.java:215) ~[selenium-remote-driver-4.29.0.jar:?]
	at org.openqa.selenium.remote.service.DriverCommandExecutor.invokeExecute(DriverCommandExecutor.java:216) ~[selenium-remote-driver-4.29.0.jar:?]
	at org.openqa.selenium.remote.service.DriverCommandExecutor.execute(DriverCommandExecutor.java:174) ~[selenium-remote-driver-4.29.0.jar:?]
	at org.openqa.selenium.remote.RemoteWebDriver.execute(RemoteWebDriver.java:545) ~[selenium-remote-driver-4.29.0.jar:?]
	at org.openqa.selenium.remote.ElementLocation$ElementFinder$2.findElement(ElementLocation.java:165) ~[selenium-remote-driver-4.29.0.jar:?]
	at org.openqa.selenium.remote.ElementLocation.findElement(ElementLocation.java:59) ~[selenium-remote-driver-4.29.0.jar:?]
	at org.openqa.selenium.remote.RemoteWebDriver.findElement(RemoteWebDriver.java:368) ~[selenium-remote-driver-4.29.0.jar:?]
	at org.openqa.selenium.remote.RemoteWebDriver.findElement(RemoteWebDriver.java:362) ~[selenium-remote-driver-4.29.0.jar:?]
	at org.openqa.selenium.support.pagefactory.DefaultElementLocator.findElement(DefaultElementLocator.java:68) ~[selenium-support-4.29.0.jar:?]
	at org.openqa.selenium.support.pagefactory.internal.LocatingElementHandler.invoke(LocatingElementHandler.java:38) ~[selenium-support-4.29.0.jar:?]
	at jdk.proxy2/jdk.proxy2.$Proxy30.click(Unknown Source) ~[?:?]
	at utlity.SeleniumCommonUtils.clickElement(SeleniumCommonUtils.java:37) ~[classes/:?]
	at pages.LoginPage.loginToApplication(LoginPage.java:37) ~[classes/:?]
	at ui.testcases.DemoTest.loginToApplication(DemoTest.java:19) ~[test-classes/:?]
	at java.base/jdk.internal.reflect.NativeMethodAccessorImpl.invoke0(Native Method) ~[?:?]
	at java.base/jdk.internal.reflect.NativeMethodAccessorImpl.invoke(NativeMethodAccessorImpl.java:77) ~[?:?]
	at java.base/jdk.internal.reflect.DelegatingMethodAccessorImpl.invoke(DelegatingMethodAccessorImpl.java:43) ~[?:?]
	at java.base/java.lang.reflect.Method.invoke(Method.java:568) ~[?:?]
	at org.testng.internal.invokers.MethodInvocationHelper.invokeMethod(MethodInvocationHelper.java:141) ~[testng-7.10.2.jar:7.10.2]
	at org.testng.internal.invokers.TestInvoker.invokeMethod(TestInvoker.java:686) ~[testng-7.10.2.jar:7.10.2]
	at org.testng.internal.invokers.TestInvoker.invokeTestMethod(TestInvoker.java:230) ~[testng-7.10.2.jar:7.10.2]
	at org.testng.internal.invokers.MethodRunner.runInSequence(MethodRunner.java:63) ~[testng-7.10.2.jar:7.10.2]
	at org.testng.internal.invokers.TestInvoker$MethodInvocationAgent.invoke(TestInvoker.java:992) ~[testng-7.10.2.jar:7.10.2]
	at org.testng.internal.invokers.TestInvoker.invokeTestMethods(TestInvoker.java:203) ~[testng-7.10.2.jar:7.10.2]
	at org.testng.internal.invokers.TestMethodWorker.invokeTestMethods(TestMethodWorker.java:154) ~[testng-7.10.2.jar:7.10.2]
	at org.testng.internal.invokers.TestMethodWorker.run(TestMethodWorker.java:134) ~[testng-7.10.2.jar:7.10.2]
	at java.base/java.util.ArrayList.forEach(ArrayList.java:1511) [?:?]
	at org.testng.TestRunner.privateRun(TestRunner.java:739) [testng-7.10.2.jar:7.10.2]
	at org.testng.TestRunner.run(TestRunner.java:614) [testng-7.10.2.jar:7.10.2]
	at org.testng.SuiteRunner.runTest(SuiteRunner.java:421) [testng-7.10.2.jar:7.10.2]
	at org.testng.SuiteRunner.runSequentially(SuiteRunner.java:413) [testng-7.10.2.jar:7.10.2]
	at org.testng.SuiteRunner.privateRun(SuiteRunner.java:373) [testng-7.10.2.jar:7.10.2]
	at org.testng.SuiteRunner.run(SuiteRunner.java:312) [testng-7.10.2.jar:7.10.2]
	at org.testng.SuiteRunnerWorker.runSuite(SuiteRunnerWorker.java:52) [testng-7.10.2.jar:7.10.2]
	at org.testng.SuiteRunnerWorker.run(SuiteRunnerWorker.java:95) [testng-7.10.2.jar:7.10.2]
	at org.testng.TestNG.runSuitesSequentially(TestNG.java:1274) [testng-7.10.2.jar:7.10.2]
	at org.testng.TestNG.runSuitesLocally(TestNG.java:1208) [testng-7.10.2.jar:7.10.2]
	at org.testng.TestNG.runSuites(TestNG.java:1112) [testng-7.10.2.jar:7.10.2]
	at org.testng.TestNG.run(TestNG.java:1079) [testng-7.10.2.jar:7.10.2]
	at org.apache.maven.surefire.testng.TestNGExecutor.run(TestNGExecutor.java:155) [surefire-testng-3.3.0.jar:3.3.0]
	at org.apache.maven.surefire.testng.TestNGDirectoryTestSuite.executeMulti(TestNGDirectoryTestSuite.java:169) [surefire-testng-3.3.0.jar:3.3.0]
	at org.apache.maven.surefire.testng.TestNGDirectoryTestSuite.execute(TestNGDirectoryTestSuite.java:88) [surefire-testng-3.3.0.jar:3.3.0]
	at org.apache.maven.surefire.testng.TestNGProvider.invoke(TestNGProvider.java:137) [surefire-testng-3.3.0.jar:3.3.0]
	at org.apache.maven.surefire.booter.ForkedBooter.runSuitesInProcess(ForkedBooter.java:385) [surefire-booter-3.3.0.jar:3.3.0]
	at org.apache.maven.surefire.booter.ForkedBooter.execute(ForkedBooter.java:162) [surefire-booter-3.3.0.jar:3.3.0]
	at org.apache.maven.surefire.booter.ForkedBooter.run(ForkedBooter.java:507) [surefire-booter-3.3.0.jar:3.3.0]
	at org.apache.maven.surefire.booter.ForkedBooter.main(ForkedBooter.java:495) [surefire-booter-3.3.0.jar:3.3.0]
2025-05-15 09:54:19 [main] INFO  LoggerUtils - Screenshot saved at: ./screenshots/loginToApplication_20250515_095419.png
2025-05-15 09:54:19 [main] INFO  LoggerUtils - Browser passed from testng.xml or Hooks: chrome
2025-05-15 09:54:24 [main] INFO  LoggerUtils - Navigated to application and LoginPage initialized
2025-05-15 09:54:24 [main] INFO  LoggerUtils - Test Started: loginWithvalidUserTest
2025-05-15 09:54:25 [main] INFO  LoggerUtils - Clicked on element: [[ChromeDriver: chrome on mac (33277281137f70a5b6ebe6f6397c6d92)] -> xpath: //a[normalize-space()='Signup / Login']]
2025-05-15 09:54:25 [main] INFO  LoggerUtils - Fetched text: New User Signup!
2025-05-15 09:55:45 [main] INFO  LoggerUtils - Entered text: rohit
2025-05-15 09:57:05 [main] INFO  LoggerUtils - Entered text: poxmgv@gmail.com
2025-05-15 09:57:05 [main] INFO  LoggerUtils - Clicked on element: [[ChromeDriver: chrome on mac (33277281137f70a5b6ebe6f6397c6d92)] -> xpath: //div[@class='signup-form']//button[@type='submit']]
2025-05-15 09:57:07 [main] INFO  LoggerUtils - Fetched attribute [value] with value: rohit
2025-05-15 09:57:07 [main] INFO  LoggerUtils - Fetched attribute [value] with value: poxmgv@gmail.com
2025-05-15 09:57:07 [main] INFO  LoggerUtils - Clicked on element: [[ChromeDriver: chrome on mac (33277281137f70a5b6ebe6f6397c6d92)] -> css selector: #uniform-id_gender1]
2025-05-15 09:57:07 [main] INFO  LoggerUtils - Entered text: Nov@1122!0091
2025-05-15 09:57:07 [main] INFO  LoggerUtils - Selected value from dropdown by value: 5
2025-05-15 09:57:07 [main] INFO  LoggerUtils - Selected value from dropdown by value: 4
2025-05-15 09:57:07 [main] INFO  LoggerUtils - Selected value from dropdown by value: 2020
2025-05-15 09:57:07 [main] INFO  LoggerUtils - Entered text: rohit
2025-05-15 09:57:07 [main] INFO  LoggerUtils - Entered text: singh
2025-05-15 09:57:07 [main] INFO  LoggerUtils - Entered text: Coforge
2025-05-15 09:57:07 [main] INFO  LoggerUtils - Entered text: noida
2025-05-15 09:57:07 [main] INFO  LoggerUtils - Selected value from dropdown by value: India
2025-05-15 09:57:07 [main] INFO  LoggerUtils - Entered text: UP
2025-05-15 09:57:07 [main] INFO  LoggerUtils - Entered text: noida
2025-05-15 09:57:07 [main] INFO  LoggerUtils - Entered text: 541234
2025-05-15 09:57:07 [main] INFO  LoggerUtils - Entered text: 7643551111
2025-05-15 09:57:09 [main] INFO  LoggerUtils - Clicked element using JavaScript.
2025-05-15 09:57:09 [main] INFO  LoggerUtils - Fetched text: ACCOUNT CREATED!
2025-05-15 09:57:09 [main] INFO  LoggerUtils - Fetched text: Congratulations! Your new account has been successfully created!
2025-05-15 09:57:14 [main] INFO  LoggerUtils - Clicked element using JavaScript.
2025-05-15 09:57:14 [main] INFO  LoggerUtils - Fetched text: rohit
2025-05-15 09:57:56 [main] INFO  LoggerUtils - Clicked on element: Proxy element for: DefaultElementLocator 'By.xpath: //a[normalize-space()='Logout']'
2025-05-15 09:58:37 [main] INFO  LoggerUtils - Clicked on element: [[ChromeDriver: chrome on mac (33277281137f70a5b6ebe6f6397c6d92)] -> xpath: //a[normalize-space()='Signup / Login']]
2025-05-15 09:58:37 [main] INFO  LoggerUtils - Entered text: poxmgv@gmail.com
2025-05-15 09:58:38 [main] INFO  LoggerUtils - Entered text: Nov@1122!0091
2025-05-15 09:58:38 [main] INFO  LoggerUtils - Clicked on element: [[ChromeDriver: chrome on mac (33277281137f70a5b6ebe6f6397c6d92)] -> xpath: //form[@action='/login']/button[text()='Login']]
2025-05-15 09:58:44 [main] INFO  LoggerUtils - Fetched text: rohit
2025-05-15 09:59:25 [main] INFO  LoggerUtils - Clicked on element: Proxy element for: DefaultElementLocator 'By.xpath: //a[normalize-space()='Delete Account']'
2025-05-15 10:00:05 [main] INFO  LoggerUtils - Fetched text: ACCOUNT DELETED!
2025-05-15 10:00:05 [main] INFO  LoggerUtils - Fetched text: Your account has been permanently deleted!
2025-05-15 10:00:53 [main] INFO  LoggerUtils - Clicked on element: Proxy element for: DefaultElementLocator 'By.xpath: //a[text()='Continue']'
2025-05-15 10:01:22 [main] ERROR LoggerUtils - Failed to click element: invalid session id: session deleted as the browser has closed the connection
from disconnected: unable to send message to renderer
  (Session info: chrome=136.0.7103.113)
Build info: version: '4.29.0', revision: '5fc1ec94cb'
System info: os.name: 'Mac OS X', os.arch: 'aarch64', os.version: '15.4.1', java.version: '17.0.12'
Driver info: org.openqa.selenium.chrome.ChromeDriver
Command: [33277281137f70a5b6ebe6f6397c6d92, findElement {value=//a[text()='Continue'], using=xpath}]
Capabilities {acceptInsecureCerts: false, browserName: chrome, browserVersion: 136.0.7103.113, chrome: {chromedriverVersion: 136.0.7103.94 (fa0be0b33deb..., userDataDir: /var/folders/f3/7d9mby7j7yj...}, fedcm:accounts: true, goog:chromeOptions: {debuggerAddress: localhost:49977}, networkConnectionEnabled: false, pageLoadStrategy: normal, platformName: mac, proxy: Proxy(), se:cdp: ws://localhost:49977/devtoo..., se:cdpVersion: 136.0.7103.113, setWindowRect: true, strictFileInteractability: false, timeouts: {implicit: 0, pageLoad: 300000, script: 30000}, unhandledPromptBehavior: dismiss and notify, webauthn:extension:credBlob: true, webauthn:extension:largeBlob: true, webauthn:extension:minPinLength: true, webauthn:extension:prf: true, webauthn:virtualAuthenticators: true}
Session ID: 33277281137f70a5b6ebe6f6397c6d92
2025-05-15 10:01:22 [main] ERROR LoggerUtils - Test Failed: loginWithvalidUserTest
2025-05-15 10:01:22 [main] ERROR LoggerUtils - Exception: 
org.openqa.selenium.NoSuchSessionException: invalid session id
Build info: version: '4.29.0', revision: '5fc1ec94cb'
System info: os.name: 'Mac OS X', os.arch: 'aarch64', os.version: '15.4.1', java.version: '17.0.12'
Driver info: org.openqa.selenium.chrome.ChromeDriver
Command: [33277281137f70a5b6ebe6f6397c6d92, findElement {value=//a[text()='Continue'], using=xpath}]
Capabilities {acceptInsecureCerts: false, browserName: chrome, browserVersion: 136.0.7103.113, chrome: {chromedriverVersion: 136.0.7103.94 (fa0be0b33deb..., userDataDir: /var/folders/f3/7d9mby7j7yj...}, fedcm:accounts: true, goog:chromeOptions: {debuggerAddress: localhost:49977}, networkConnectionEnabled: false, pageLoadStrategy: normal, platformName: mac, proxy: Proxy(), se:cdp: ws://localhost:49977/devtoo..., se:cdpVersion: 136.0.7103.113, setWindowRect: true, strictFileInteractability: false, timeouts: {implicit: 0, pageLoad: 300000, script: 30000}, unhandledPromptBehavior: dismiss and notify, webauthn:extension:credBlob: true, webauthn:extension:largeBlob: true, webauthn:extension:minPinLength: true, webauthn:extension:prf: true, webauthn:virtualAuthenticators: true}
Session ID: 33277281137f70a5b6ebe6f6397c6d92
	at java.base/jdk.internal.reflect.NativeConstructorAccessorImpl.newInstance0(Native Method) ~[?:?]
	at java.base/jdk.internal.reflect.NativeConstructorAccessorImpl.newInstance(NativeConstructorAccessorImpl.java:77) ~[?:?]
	at java.base/jdk.internal.reflect.DelegatingConstructorAccessorImpl.newInstance(DelegatingConstructorAccessorImpl.java:45) ~[?:?]
	at java.base/java.lang.reflect.Constructor.newInstanceWithCaller(Constructor.java:499) ~[?:?]
	at java.base/java.lang.reflect.Constructor.newInstance(Constructor.java:480) ~[?:?]
	at org.openqa.selenium.remote.ErrorCodec.decode(ErrorCodec.java:167) ~[selenium-remote-driver-4.29.0.jar:?]
	at org.openqa.selenium.remote.codec.w3c.W3CHttpResponseCodec.decode(W3CHttpResponseCodec.java:138) ~[selenium-remote-driver-4.29.0.jar:?]
	at org.openqa.selenium.remote.codec.w3c.W3CHttpResponseCodec.decode(W3CHttpResponseCodec.java:50) ~[selenium-remote-driver-4.29.0.jar:?]
	at org.openqa.selenium.remote.HttpCommandExecutor.execute(HttpCommandExecutor.java:215) ~[selenium-remote-driver-4.29.0.jar:?]
	at org.openqa.selenium.remote.service.DriverCommandExecutor.invokeExecute(DriverCommandExecutor.java:216) ~[selenium-remote-driver-4.29.0.jar:?]
	at org.openqa.selenium.remote.service.DriverCommandExecutor.execute(DriverCommandExecutor.java:174) ~[selenium-remote-driver-4.29.0.jar:?]
	at org.openqa.selenium.remote.RemoteWebDriver.execute(RemoteWebDriver.java:545) ~[selenium-remote-driver-4.29.0.jar:?]
	at org.openqa.selenium.remote.ElementLocation$ElementFinder$2.findElement(ElementLocation.java:165) ~[selenium-remote-driver-4.29.0.jar:?]
	at org.openqa.selenium.remote.ElementLocation.findElement(ElementLocation.java:59) ~[selenium-remote-driver-4.29.0.jar:?]
	at org.openqa.selenium.remote.RemoteWebDriver.findElement(RemoteWebDriver.java:368) ~[selenium-remote-driver-4.29.0.jar:?]
	at org.openqa.selenium.remote.RemoteWebDriver.findElement(RemoteWebDriver.java:362) ~[selenium-remote-driver-4.29.0.jar:?]
	at org.openqa.selenium.support.pagefactory.DefaultElementLocator.findElement(DefaultElementLocator.java:68) ~[selenium-support-4.29.0.jar:?]
	at org.openqa.selenium.support.pagefactory.internal.LocatingElementHandler.invoke(LocatingElementHandler.java:38) ~[selenium-support-4.29.0.jar:?]
	at jdk.proxy2/jdk.proxy2.$Proxy30.toString(Unknown Source) ~[?:?]
	at java.base/java.lang.StringConcatHelper.stringOf(StringConcatHelper.java:453) ~[?:?]
	at java.base/java.lang.StringConcatHelper.simpleConcat(StringConcatHelper.java:408) ~[?:?]
	at utlity.SeleniumCommonUtils.clickElement(SeleniumCommonUtils.java:42) ~[classes/:?]
	at pages.HomePage.deleteAccount(HomePage.java:86) ~[classes/:?]
	at ui.testcases.LoginWithvaliduserTest.loginWithvalidUserTest(LoginWithvaliduserTest.java:39) ~[test-classes/:?]
	at java.base/jdk.internal.reflect.NativeMethodAccessorImpl.invoke0(Native Method) ~[?:?]
	at java.base/jdk.internal.reflect.NativeMethodAccessorImpl.invoke(NativeMethodAccessorImpl.java:77) ~[?:?]
	at java.base/jdk.internal.reflect.DelegatingMethodAccessorImpl.invoke(DelegatingMethodAccessorImpl.java:43) ~[?:?]
	at java.base/java.lang.reflect.Method.invoke(Method.java:568) ~[?:?]
	at org.testng.internal.invokers.MethodInvocationHelper.invokeMethod(MethodInvocationHelper.java:141) ~[testng-7.10.2.jar:7.10.2]
	at org.testng.internal.invokers.TestInvoker.invokeMethod(TestInvoker.java:686) ~[testng-7.10.2.jar:7.10.2]
	at org.testng.internal.invokers.TestInvoker.invokeTestMethod(TestInvoker.java:230) ~[testng-7.10.2.jar:7.10.2]
	at org.testng.internal.invokers.MethodRunner.runInSequence(MethodRunner.java:63) ~[testng-7.10.2.jar:7.10.2]
	at org.testng.internal.invokers.TestInvoker$MethodInvocationAgent.invoke(TestInvoker.java:992) ~[testng-7.10.2.jar:7.10.2]
	at org.testng.internal.invokers.TestInvoker.invokeTestMethods(TestInvoker.java:203) ~[testng-7.10.2.jar:7.10.2]
	at org.testng.internal.invokers.TestMethodWorker.invokeTestMethods(TestMethodWorker.java:154) ~[testng-7.10.2.jar:7.10.2]
	at org.testng.internal.invokers.TestMethodWorker.run(TestMethodWorker.java:134) ~[testng-7.10.2.jar:7.10.2]
	at java.base/java.util.ArrayList.forEach(ArrayList.java:1511) [?:?]
	at org.testng.TestRunner.privateRun(TestRunner.java:739) [testng-7.10.2.jar:7.10.2]
	at org.testng.TestRunner.run(TestRunner.java:614) [testng-7.10.2.jar:7.10.2]
	at org.testng.SuiteRunner.runTest(SuiteRunner.java:421) [testng-7.10.2.jar:7.10.2]
	at org.testng.SuiteRunner.runSequentially(SuiteRunner.java:413) [testng-7.10.2.jar:7.10.2]
	at org.testng.SuiteRunner.privateRun(SuiteRunner.java:373) [testng-7.10.2.jar:7.10.2]
	at org.testng.SuiteRunner.run(SuiteRunner.java:312) [testng-7.10.2.jar:7.10.2]
	at org.testng.SuiteRunnerWorker.runSuite(SuiteRunnerWorker.java:52) [testng-7.10.2.jar:7.10.2]
	at org.testng.SuiteRunnerWorker.run(SuiteRunnerWorker.java:95) [testng-7.10.2.jar:7.10.2]
	at org.testng.TestNG.runSuitesSequentially(TestNG.java:1274) [testng-7.10.2.jar:7.10.2]
	at org.testng.TestNG.runSuitesLocally(TestNG.java:1208) [testng-7.10.2.jar:7.10.2]
	at org.testng.TestNG.runSuites(TestNG.java:1112) [testng-7.10.2.jar:7.10.2]
	at org.testng.TestNG.run(TestNG.java:1079) [testng-7.10.2.jar:7.10.2]
	at org.apache.maven.surefire.testng.TestNGExecutor.run(TestNGExecutor.java:155) [surefire-testng-3.3.0.jar:3.3.0]
	at org.apache.maven.surefire.testng.TestNGDirectoryTestSuite.executeMulti(TestNGDirectoryTestSuite.java:169) [surefire-testng-3.3.0.jar:3.3.0]
	at org.apache.maven.surefire.testng.TestNGDirectoryTestSuite.execute(TestNGDirectoryTestSuite.java:88) [surefire-testng-3.3.0.jar:3.3.0]
	at org.apache.maven.surefire.testng.TestNGProvider.invoke(TestNGProvider.java:137) [surefire-testng-3.3.0.jar:3.3.0]
	at org.apache.maven.surefire.booter.ForkedBooter.runSuitesInProcess(ForkedBooter.java:385) [surefire-booter-3.3.0.jar:3.3.0]
	at org.apache.maven.surefire.booter.ForkedBooter.execute(ForkedBooter.java:162) [surefire-booter-3.3.0.jar:3.3.0]
	at org.apache.maven.surefire.booter.ForkedBooter.run(ForkedBooter.java:507) [surefire-booter-3.3.0.jar:3.3.0]
	at org.apache.maven.surefire.booter.ForkedBooter.main(ForkedBooter.java:495) [surefire-booter-3.3.0.jar:3.3.0]
2025-05-15 10:01:22 [main] ERROR LoggerUtils - Test Failed: loginWithvalidUserTest
2025-05-15 10:01:22 [main] ERROR LoggerUtils - Exception: 
org.openqa.selenium.NoSuchSessionException: invalid session id
Build info: version: '4.29.0', revision: '5fc1ec94cb'
System info: os.name: 'Mac OS X', os.arch: 'aarch64', os.version: '15.4.1', java.version: '17.0.12'
Driver info: org.openqa.selenium.chrome.ChromeDriver
Command: [33277281137f70a5b6ebe6f6397c6d92, screenshot {}]
Capabilities {acceptInsecureCerts: false, browserName: chrome, browserVersion: 136.0.7103.113, chrome: {chromedriverVersion: 136.0.7103.94 (fa0be0b33deb..., userDataDir: /var/folders/f3/7d9mby7j7yj...}, fedcm:accounts: true, goog:chromeOptions: {debuggerAddress: localhost:49977}, networkConnectionEnabled: false, pageLoadStrategy: normal, platformName: mac, proxy: Proxy(), se:cdp: ws://localhost:49977/devtoo..., se:cdpVersion: 136.0.7103.113, setWindowRect: true, strictFileInteractability: false, timeouts: {implicit: 0, pageLoad: 300000, script: 30000}, unhandledPromptBehavior: dismiss and notify, webauthn:extension:credBlob: true, webauthn:extension:largeBlob: true, webauthn:extension:minPinLength: true, webauthn:extension:prf: true, webauthn:virtualAuthenticators: true}
Session ID: 33277281137f70a5b6ebe6f6397c6d92
	at java.base/jdk.internal.reflect.NativeConstructorAccessorImpl.newInstance0(Native Method) ~[?:?]
	at java.base/jdk.internal.reflect.NativeConstructorAccessorImpl.newInstance(NativeConstructorAccessorImpl.java:77) ~[?:?]
	at java.base/jdk.internal.reflect.DelegatingConstructorAccessorImpl.newInstance(DelegatingConstructorAccessorImpl.java:45) ~[?:?]
	at java.base/java.lang.reflect.Constructor.newInstanceWithCaller(Constructor.java:499) ~[?:?]
	at java.base/java.lang.reflect.Constructor.newInstance(Constructor.java:480) ~[?:?]
	at org.openqa.selenium.remote.ErrorCodec.decode(ErrorCodec.java:167) ~[selenium-remote-driver-4.29.0.jar:?]
	at org.openqa.selenium.remote.codec.w3c.W3CHttpResponseCodec.decode(W3CHttpResponseCodec.java:138) ~[selenium-remote-driver-4.29.0.jar:?]
	at org.openqa.selenium.remote.codec.w3c.W3CHttpResponseCodec.decode(W3CHttpResponseCodec.java:50) ~[selenium-remote-driver-4.29.0.jar:?]
	at org.openqa.selenium.remote.HttpCommandExecutor.execute(HttpCommandExecutor.java:215) ~[selenium-remote-driver-4.29.0.jar:?]
	at org.openqa.selenium.remote.service.DriverCommandExecutor.invokeExecute(DriverCommandExecutor.java:216) ~[selenium-remote-driver-4.29.0.jar:?]
	at org.openqa.selenium.remote.service.DriverCommandExecutor.execute(DriverCommandExecutor.java:174) ~[selenium-remote-driver-4.29.0.jar:?]
	at org.openqa.selenium.remote.RemoteWebDriver.execute(RemoteWebDriver.java:545) ~[selenium-remote-driver-4.29.0.jar:?]
	at org.openqa.selenium.remote.RemoteWebDriver.execute(RemoteWebDriver.java:618) ~[selenium-remote-driver-4.29.0.jar:?]
	at org.openqa.selenium.remote.RemoteWebDriver.execute(RemoteWebDriver.java:622) ~[selenium-remote-driver-4.29.0.jar:?]
	at org.openqa.selenium.remote.RemoteWebDriver.getScreenshotAs(RemoteWebDriver.java:334) ~[selenium-remote-driver-4.29.0.jar:?]
	at utlity.SeleniumCommonUtils.captureScreenshot(SeleniumCommonUtils.java:104) ~[classes/:?]
	at listeners.SeleniumListener.onTestFailure(SeleniumListener.java:43) ~[classes/:?]
	at org.testng.internal.TestListenerHelper.runTestListeners(TestListenerHelper.java:115) ~[testng-7.10.2.jar:7.10.2]
	at org.testng.internal.invokers.TestInvoker.runTestResultListener(TestInvoker.java:285) ~[testng-7.10.2.jar:7.10.2]
	at org.testng.internal.invokers.TestInvoker.invokeMethod(TestInvoker.java:774) ~[testng-7.10.2.jar:7.10.2]
	at org.testng.internal.invokers.TestInvoker.invokeTestMethod(TestInvoker.java:230) ~[testng-7.10.2.jar:7.10.2]
	at org.testng.internal.invokers.MethodRunner.runInSequence(MethodRunner.java:63) ~[testng-7.10.2.jar:7.10.2]
	at org.testng.internal.invokers.TestInvoker$MethodInvocationAgent.invoke(TestInvoker.java:992) ~[testng-7.10.2.jar:7.10.2]
	at org.testng.internal.invokers.TestInvoker.invokeTestMethods(TestInvoker.java:203) ~[testng-7.10.2.jar:7.10.2]
	at org.testng.internal.invokers.TestMethodWorker.invokeTestMethods(TestMethodWorker.java:154) ~[testng-7.10.2.jar:7.10.2]
	at org.testng.internal.invokers.TestMethodWorker.run(TestMethodWorker.java:134) ~[testng-7.10.2.jar:7.10.2]
	at java.base/java.util.ArrayList.forEach(ArrayList.java:1511) [?:?]
	at org.testng.TestRunner.privateRun(TestRunner.java:739) [testng-7.10.2.jar:7.10.2]
	at org.testng.TestRunner.run(TestRunner.java:614) [testng-7.10.2.jar:7.10.2]
	at org.testng.SuiteRunner.runTest(SuiteRunner.java:421) [testng-7.10.2.jar:7.10.2]
	at org.testng.SuiteRunner.runSequentially(SuiteRunner.java:413) [testng-7.10.2.jar:7.10.2]
	at org.testng.SuiteRunner.privateRun(SuiteRunner.java:373) [testng-7.10.2.jar:7.10.2]
	at org.testng.SuiteRunner.run(SuiteRunner.java:312) [testng-7.10.2.jar:7.10.2]
	at org.testng.SuiteRunnerWorker.runSuite(SuiteRunnerWorker.java:52) [testng-7.10.2.jar:7.10.2]
	at org.testng.SuiteRunnerWorker.run(SuiteRunnerWorker.java:95) [testng-7.10.2.jar:7.10.2]
	at org.testng.TestNG.runSuitesSequentially(TestNG.java:1274) [testng-7.10.2.jar:7.10.2]
	at org.testng.TestNG.runSuitesLocally(TestNG.java:1208) [testng-7.10.2.jar:7.10.2]
	at org.testng.TestNG.runSuites(TestNG.java:1112) [testng-7.10.2.jar:7.10.2]
	at org.testng.TestNG.run(TestNG.java:1079) [testng-7.10.2.jar:7.10.2]
	at org.apache.maven.surefire.testng.TestNGExecutor.run(TestNGExecutor.java:155) [surefire-testng-3.3.0.jar:3.3.0]
	at org.apache.maven.surefire.testng.TestNGDirectoryTestSuite.executeMulti(TestNGDirectoryTestSuite.java:169) [surefire-testng-3.3.0.jar:3.3.0]
	at org.apache.maven.surefire.testng.TestNGDirectoryTestSuite.execute(TestNGDirectoryTestSuite.java:88) [surefire-testng-3.3.0.jar:3.3.0]
	at org.apache.maven.surefire.testng.TestNGProvider.invoke(TestNGProvider.java:137) [surefire-testng-3.3.0.jar:3.3.0]
	at org.apache.maven.surefire.booter.ForkedBooter.runSuitesInProcess(ForkedBooter.java:385) [surefire-booter-3.3.0.jar:3.3.0]
	at org.apache.maven.surefire.booter.ForkedBooter.execute(ForkedBooter.java:162) [surefire-booter-3.3.0.jar:3.3.0]
	at org.apache.maven.surefire.booter.ForkedBooter.run(ForkedBooter.java:507) [surefire-booter-3.3.0.jar:3.3.0]
	at org.apache.maven.surefire.booter.ForkedBooter.main(ForkedBooter.java:495) [surefire-booter-3.3.0.jar:3.3.0]
2025-05-15 10:01:23 [main] INFO  LoggerUtils - Test Suite Finished: Surefire test
2025-05-15 10:01:28 [main] INFO  LoggerUtils - Test Suite Started: Surefire test
2025-05-15 10:01:28 [main] INFO  LoggerUtils - Browser passed from testng.xml or Hooks: chrome
2025-05-15 10:01:40 [main] INFO  LoggerUtils - Navigated to application and LoginPage initialized
2025-05-15 10:01:40 [main] INFO  LoggerUtils - Test Started: loginToApplication
2025-05-15 10:02:20 [main] ERROR LoggerUtils - Failed to click element: no such element: Unable to locate element: {"method":"xpath","selector":"//a[@data-title='Login']"}
  (Session info: chrome=136.0.7103.113)
For documentation on this error, please visit: https://www.selenium.dev/documentation/webdriver/troubleshooting/errors#no-such-element-exception
Build info: version: '4.29.0', revision: '5fc1ec94cb'
System info: os.name: 'Mac OS X', os.arch: 'aarch64', os.version: '15.4.1', java.version: '17.0.12'
Driver info: org.openqa.selenium.chrome.ChromeDriver
Command: [f570760588f4b7fac544e4e2cc65344f, findElement {using=xpath, value=//a[@data-title='Login']}]
Capabilities {acceptInsecureCerts: false, browserName: chrome, browserVersion: 136.0.7103.113, chrome: {chromedriverVersion: 136.0.7103.94 (fa0be0b33deb..., userDataDir: /var/folders/f3/7d9mby7j7yj...}, fedcm:accounts: true, goog:chromeOptions: {debuggerAddress: localhost:50086}, networkConnectionEnabled: false, pageLoadStrategy: normal, platformName: mac, proxy: Proxy(), se:cdp: ws://localhost:50086/devtoo..., se:cdpVersion: 136.0.7103.113, setWindowRect: true, strictFileInteractability: false, timeouts: {implicit: 0, pageLoad: 300000, script: 30000}, unhandledPromptBehavior: dismiss and notify, webauthn:extension:credBlob: true, webauthn:extension:largeBlob: true, webauthn:extension:minPinLength: true, webauthn:extension:prf: true, webauthn:virtualAuthenticators: true}
Session ID: f570760588f4b7fac544e4e2cc65344f
2025-05-15 10:03:00 [main] ERROR LoggerUtils - Test Failed: loginToApplication
2025-05-15 10:03:00 [main] ERROR LoggerUtils - Exception: 
org.openqa.selenium.NoSuchElementException: no such element: Unable to locate element: {"method":"xpath","selector":"//a[@data-title='Login']"}
  (Session info: chrome=136.0.7103.113)
For documentation on this error, please visit: https://www.selenium.dev/documentation/webdriver/troubleshooting/errors#no-such-element-exception
Build info: version: '4.29.0', revision: '5fc1ec94cb'
System info: os.name: 'Mac OS X', os.arch: 'aarch64', os.version: '15.4.1', java.version: '17.0.12'
Driver info: org.openqa.selenium.chrome.ChromeDriver
Command: [f570760588f4b7fac544e4e2cc65344f, findElement {using=xpath, value=//a[@data-title='Login']}]
Capabilities {acceptInsecureCerts: false, browserName: chrome, browserVersion: 136.0.7103.113, chrome: {chromedriverVersion: 136.0.7103.94 (fa0be0b33deb..., userDataDir: /var/folders/f3/7d9mby7j7yj...}, fedcm:accounts: true, goog:chromeOptions: {debuggerAddress: localhost:50086}, networkConnectionEnabled: false, pageLoadStrategy: normal, platformName: mac, proxy: Proxy(), se:cdp: ws://localhost:50086/devtoo..., se:cdpVersion: 136.0.7103.113, setWindowRect: true, strictFileInteractability: false, timeouts: {implicit: 0, pageLoad: 300000, script: 30000}, unhandledPromptBehavior: dismiss and notify, webauthn:extension:credBlob: true, webauthn:extension:largeBlob: true, webauthn:extension:minPinLength: true, webauthn:extension:prf: true, webauthn:virtualAuthenticators: true}
Session ID: f570760588f4b7fac544e4e2cc65344f
	at java.base/jdk.internal.reflect.NativeConstructorAccessorImpl.newInstance0(Native Method) ~[?:?]
	at java.base/jdk.internal.reflect.NativeConstructorAccessorImpl.newInstance(NativeConstructorAccessorImpl.java:77) ~[?:?]
	at java.base/jdk.internal.reflect.DelegatingConstructorAccessorImpl.newInstance(DelegatingConstructorAccessorImpl.java:45) ~[?:?]
	at java.base/java.lang.reflect.Constructor.newInstanceWithCaller(Constructor.java:499) ~[?:?]
	at java.base/java.lang.reflect.Constructor.newInstance(Constructor.java:480) ~[?:?]
	at org.openqa.selenium.remote.ErrorCodec.decode(ErrorCodec.java:167) ~[selenium-remote-driver-4.29.0.jar:?]
	at org.openqa.selenium.remote.codec.w3c.W3CHttpResponseCodec.decode(W3CHttpResponseCodec.java:138) ~[selenium-remote-driver-4.29.0.jar:?]
	at org.openqa.selenium.remote.codec.w3c.W3CHttpResponseCodec.decode(W3CHttpResponseCodec.java:50) ~[selenium-remote-driver-4.29.0.jar:?]
	at org.openqa.selenium.remote.HttpCommandExecutor.execute(HttpCommandExecutor.java:215) ~[selenium-remote-driver-4.29.0.jar:?]
	at org.openqa.selenium.remote.service.DriverCommandExecutor.invokeExecute(DriverCommandExecutor.java:216) ~[selenium-remote-driver-4.29.0.jar:?]
	at org.openqa.selenium.remote.service.DriverCommandExecutor.execute(DriverCommandExecutor.java:174) ~[selenium-remote-driver-4.29.0.jar:?]
	at org.openqa.selenium.remote.RemoteWebDriver.execute(RemoteWebDriver.java:545) ~[selenium-remote-driver-4.29.0.jar:?]
	at org.openqa.selenium.remote.ElementLocation$ElementFinder$2.findElement(ElementLocation.java:165) ~[selenium-remote-driver-4.29.0.jar:?]
	at org.openqa.selenium.remote.ElementLocation.findElement(ElementLocation.java:59) ~[selenium-remote-driver-4.29.0.jar:?]
	at org.openqa.selenium.remote.RemoteWebDriver.findElement(RemoteWebDriver.java:368) ~[selenium-remote-driver-4.29.0.jar:?]
	at org.openqa.selenium.remote.RemoteWebDriver.findElement(RemoteWebDriver.java:362) ~[selenium-remote-driver-4.29.0.jar:?]
	at org.openqa.selenium.support.pagefactory.DefaultElementLocator.findElement(DefaultElementLocator.java:68) ~[selenium-support-4.29.0.jar:?]
	at org.openqa.selenium.support.pagefactory.internal.LocatingElementHandler.invoke(LocatingElementHandler.java:38) ~[selenium-support-4.29.0.jar:?]
	at jdk.proxy2/jdk.proxy2.$Proxy30.click(Unknown Source) ~[?:?]
	at utlity.SeleniumCommonUtils.clickElement(SeleniumCommonUtils.java:37) ~[classes/:?]
	at pages.LoginPage.loginToApplication(LoginPage.java:37) ~[classes/:?]
	at ui.testcases.DemoTest.loginToApplication(DemoTest.java:19) ~[test-classes/:?]
	at java.base/jdk.internal.reflect.NativeMethodAccessorImpl.invoke0(Native Method) ~[?:?]
	at java.base/jdk.internal.reflect.NativeMethodAccessorImpl.invoke(NativeMethodAccessorImpl.java:77) ~[?:?]
	at java.base/jdk.internal.reflect.DelegatingMethodAccessorImpl.invoke(DelegatingMethodAccessorImpl.java:43) ~[?:?]
	at java.base/java.lang.reflect.Method.invoke(Method.java:568) ~[?:?]
	at org.testng.internal.invokers.MethodInvocationHelper.invokeMethod(MethodInvocationHelper.java:141) ~[testng-7.10.2.jar:7.10.2]
	at org.testng.internal.invokers.TestInvoker.invokeMethod(TestInvoker.java:686) ~[testng-7.10.2.jar:7.10.2]
	at org.testng.internal.invokers.TestInvoker.invokeTestMethod(TestInvoker.java:230) ~[testng-7.10.2.jar:7.10.2]
	at org.testng.internal.invokers.MethodRunner.runInSequence(MethodRunner.java:63) ~[testng-7.10.2.jar:7.10.2]
	at org.testng.internal.invokers.TestInvoker$MethodInvocationAgent.invoke(TestInvoker.java:992) ~[testng-7.10.2.jar:7.10.2]
	at org.testng.internal.invokers.TestInvoker.invokeTestMethods(TestInvoker.java:203) ~[testng-7.10.2.jar:7.10.2]
	at org.testng.internal.invokers.TestMethodWorker.invokeTestMethods(TestMethodWorker.java:154) ~[testng-7.10.2.jar:7.10.2]
	at org.testng.internal.invokers.TestMethodWorker.run(TestMethodWorker.java:134) ~[testng-7.10.2.jar:7.10.2]
	at java.base/java.util.ArrayList.forEach(ArrayList.java:1511) [?:?]
	at org.testng.TestRunner.privateRun(TestRunner.java:739) [testng-7.10.2.jar:7.10.2]
	at org.testng.TestRunner.run(TestRunner.java:614) [testng-7.10.2.jar:7.10.2]
	at org.testng.SuiteRunner.runTest(SuiteRunner.java:421) [testng-7.10.2.jar:7.10.2]
	at org.testng.SuiteRunner.runSequentially(SuiteRunner.java:413) [testng-7.10.2.jar:7.10.2]
	at org.testng.SuiteRunner.privateRun(SuiteRunner.java:373) [testng-7.10.2.jar:7.10.2]
	at org.testng.SuiteRunner.run(SuiteRunner.java:312) [testng-7.10.2.jar:7.10.2]
	at org.testng.SuiteRunnerWorker.runSuite(SuiteRunnerWorker.java:52) [testng-7.10.2.jar:7.10.2]
	at org.testng.SuiteRunnerWorker.run(SuiteRunnerWorker.java:95) [testng-7.10.2.jar:7.10.2]
	at org.testng.TestNG.runSuitesSequentially(TestNG.java:1274) [testng-7.10.2.jar:7.10.2]
	at org.testng.TestNG.runSuitesLocally(TestNG.java:1208) [testng-7.10.2.jar:7.10.2]
	at org.testng.TestNG.runSuites(TestNG.java:1112) [testng-7.10.2.jar:7.10.2]
	at org.testng.TestNG.run(TestNG.java:1079) [testng-7.10.2.jar:7.10.2]
	at org.apache.maven.surefire.testng.TestNGExecutor.run(TestNGExecutor.java:155) [surefire-testng-3.3.0.jar:3.3.0]
	at org.apache.maven.surefire.testng.TestNGDirectoryTestSuite.executeMulti(TestNGDirectoryTestSuite.java:169) [surefire-testng-3.3.0.jar:3.3.0]
	at org.apache.maven.surefire.testng.TestNGDirectoryTestSuite.execute(TestNGDirectoryTestSuite.java:88) [surefire-testng-3.3.0.jar:3.3.0]
	at org.apache.maven.surefire.testng.TestNGProvider.invoke(TestNGProvider.java:137) [surefire-testng-3.3.0.jar:3.3.0]
	at org.apache.maven.surefire.booter.ForkedBooter.runSuitesInProcess(ForkedBooter.java:385) [surefire-booter-3.3.0.jar:3.3.0]
	at org.apache.maven.surefire.booter.ForkedBooter.execute(ForkedBooter.java:162) [surefire-booter-3.3.0.jar:3.3.0]
	at org.apache.maven.surefire.booter.ForkedBooter.run(ForkedBooter.java:507) [surefire-booter-3.3.0.jar:3.3.0]
	at org.apache.maven.surefire.booter.ForkedBooter.main(ForkedBooter.java:495) [surefire-booter-3.3.0.jar:3.3.0]
2025-05-15 10:03:00 [main] INFO  LoggerUtils - Screenshot saved at: ./screenshots/loginToApplication_20250515_100300.png
2025-05-15 10:03:00 [main] INFO  LoggerUtils - Browser passed from testng.xml or Hooks: chrome
2025-05-15 10:03:03 [main] INFO  LoggerUtils - Navigated to application and LoginPage initialized
2025-05-15 10:03:03 [main] INFO  LoggerUtils - Test Started: loginWithvalidUserTest
2025-05-15 10:03:08 [main] INFO  LoggerUtils - Clicked on element: [[ChromeDriver: chrome on mac (9e7f81dbef6cc14ef6617137300d1d5b)] -> xpath: //a[normalize-space()='Signup / Login']]
2025-05-15 10:03:08 [main] INFO  LoggerUtils - Fetched text: New User Signup!
2025-05-15 10:04:28 [main] INFO  LoggerUtils - Entered text: rohit
2025-05-15 10:05:48 [main] INFO  LoggerUtils - Entered text: nhxijv@gmail.com
2025-05-15 10:05:48 [main] INFO  LoggerUtils - Clicked on element: [[ChromeDriver: chrome on mac (9e7f81dbef6cc14ef6617137300d1d5b)] -> xpath: //div[@class='signup-form']//button[@type='submit']]
2025-05-15 10:05:50 [main] INFO  LoggerUtils - Fetched attribute [value] with value: rohit
2025-05-15 10:05:50 [main] INFO  LoggerUtils - Fetched attribute [value] with value: nhxijv@gmail.com
2025-05-15 10:05:50 [main] INFO  LoggerUtils - Clicked on element: [[ChromeDriver: chrome on mac (9e7f81dbef6cc14ef6617137300d1d5b)] -> css selector: #uniform-id_gender1]
2025-05-15 10:05:50 [main] INFO  LoggerUtils - Entered text: Nov@1122!0091
2025-05-15 10:05:50 [main] INFO  LoggerUtils - Selected value from dropdown by value: 5
2025-05-15 10:05:50 [main] INFO  LoggerUtils - Selected value from dropdown by value: 4
2025-05-15 10:05:50 [main] INFO  LoggerUtils - Selected value from dropdown by value: 2020
2025-05-15 10:05:50 [main] INFO  LoggerUtils - Entered text: rohit
2025-05-15 10:05:50 [main] INFO  LoggerUtils - Entered text: singh
2025-05-15 10:05:50 [main] INFO  LoggerUtils - Entered text: Coforge
2025-05-15 10:05:50 [main] INFO  LoggerUtils - Entered text: noida
2025-05-15 10:05:50 [main] INFO  LoggerUtils - Selected value from dropdown by value: India
2025-05-15 10:05:51 [main] INFO  LoggerUtils - Entered text: UP
2025-05-15 10:05:51 [main] INFO  LoggerUtils - Entered text: noida
2025-05-15 10:05:51 [main] INFO  LoggerUtils - Entered text: 541234
2025-05-15 10:05:51 [main] INFO  LoggerUtils - Entered text: 7643551111
2025-05-15 10:05:52 [main] INFO  LoggerUtils - Clicked element using JavaScript.
2025-05-15 10:05:52 [main] INFO  LoggerUtils - Fetched text: ACCOUNT CREATED!
2025-05-15 10:05:52 [main] INFO  LoggerUtils - Fetched text: Congratulations! Your new account has been successfully created!
2025-05-15 10:05:58 [main] INFO  LoggerUtils - Clicked element using JavaScript.
2025-05-15 10:05:58 [main] INFO  LoggerUtils - Fetched text: rohit
2025-05-15 10:06:39 [main] INFO  LoggerUtils - Clicked on element: Proxy element for: DefaultElementLocator 'By.xpath: //a[normalize-space()='Logout']'
2025-05-15 10:07:21 [main] INFO  LoggerUtils - Clicked on element: [[ChromeDriver: chrome on mac (9e7f81dbef6cc14ef6617137300d1d5b)] -> xpath: //a[normalize-space()='Signup / Login']]
2025-05-15 10:07:21 [main] INFO  LoggerUtils - Entered text: nhxijv@gmail.com
2025-05-15 10:07:21 [main] INFO  LoggerUtils - Entered text: Nov@1122!0091
2025-05-15 10:07:21 [main] INFO  LoggerUtils - Clicked on element: [[ChromeDriver: chrome on mac (9e7f81dbef6cc14ef6617137300d1d5b)] -> xpath: //form[@action='/login']/button[text()='Login']]
2025-05-15 10:07:28 [main] INFO  LoggerUtils - Fetched text: rohit
2025-05-15 10:08:09 [main] INFO  LoggerUtils - Clicked on element: Proxy element for: DefaultElementLocator 'By.xpath: //a[normalize-space()='Delete Account']'
2025-05-15 10:08:49 [main] INFO  LoggerUtils - Fetched text: ACCOUNT DELETED!
2025-05-15 10:08:49 [main] INFO  LoggerUtils - Fetched text: Your account has been permanently deleted!
2025-05-15 10:09:37 [main] INFO  LoggerUtils - Clicked on element: Proxy element for: DefaultElementLocator 'By.xpath: //a[text()='Continue']'
2025-05-15 10:10:57 [main] INFO  LoggerUtils - Test Passed: loginWithvalidUserTest
2025-05-15 10:10:58 [main] INFO  LoggerUtils - Browser passed from testng.xml or Hooks: chrome
2025-05-15 10:11:03 [main] INFO  LoggerUtils - Navigated to application and LoginPage initialized
2025-05-15 10:11:03 [main] INFO  LoggerUtils - Test Started: registeruserTest
2025-05-15 10:11:04 [main] INFO  LoggerUtils - Clicked on element: [[ChromeDriver: chrome on mac (e8b0ffcd0a204dd03470b69195a5bf51)] -> xpath: //a[normalize-space()='Signup / Login']]
2025-05-15 10:11:04 [main] INFO  LoggerUtils - Fetched text: New User Signup!
2025-05-15 10:12:24 [main] INFO  LoggerUtils - Entered text: rohit
2025-05-15 10:13:45 [main] INFO  LoggerUtils - Entered text: zfmcbm@gmail.com
2025-05-15 10:13:45 [main] INFO  LoggerUtils - Clicked on element: [[ChromeDriver: chrome on mac (e8b0ffcd0a204dd03470b69195a5bf51)] -> xpath: //div[@class='signup-form']//button[@type='submit']]
2025-05-15 10:13:46 [main] INFO  LoggerUtils - Fetched attribute [value] with value: rohit
2025-05-15 10:13:46 [main] INFO  LoggerUtils - Fetched attribute [value] with value: zfmcbm@gmail.com
2025-05-15 10:13:46 [main] INFO  LoggerUtils - Clicked on element: [[ChromeDriver: chrome on mac (e8b0ffcd0a204dd03470b69195a5bf51)] -> css selector: #uniform-id_gender1]
2025-05-15 10:13:46 [main] INFO  LoggerUtils - Entered text: Nov@1122!0091
2025-05-15 10:13:46 [main] INFO  LoggerUtils - Selected value from dropdown by value: 5
2025-05-15 10:13:47 [main] INFO  LoggerUtils - Selected value from dropdown by value: 4
2025-05-15 10:13:47 [main] INFO  LoggerUtils - Selected value from dropdown by value: 2020
2025-05-15 10:13:47 [main] INFO  LoggerUtils - Entered text: rohit
2025-05-15 10:13:47 [main] INFO  LoggerUtils - Entered text: singh
2025-05-15 10:13:47 [main] INFO  LoggerUtils - Entered text: Coforge
2025-05-15 10:13:47 [main] INFO  LoggerUtils - Entered text: noida
2025-05-15 10:13:47 [main] INFO  LoggerUtils - Selected value from dropdown by value: India
2025-05-15 10:13:47 [main] INFO  LoggerUtils - Entered text: UP
2025-05-15 10:13:47 [main] INFO  LoggerUtils - Entered text: noida
2025-05-15 10:13:47 [main] INFO  LoggerUtils - Entered text: 541234
2025-05-15 10:13:47 [main] INFO  LoggerUtils - Entered text: 7643551111
2025-05-15 10:13:47 [main] INFO  LoggerUtils - Clicked element using JavaScript.
2025-05-15 10:13:48 [main] INFO  LoggerUtils - Fetched text: ACCOUNT CREATED!
2025-05-15 10:13:48 [main] INFO  LoggerUtils - Fetched text: Congratulations! Your new account has been successfully created!
2025-05-15 10:13:54 [main] INFO  LoggerUtils - Clicked element using JavaScript.
2025-05-15 10:13:54 [main] INFO  LoggerUtils - Fetched text: rohit
2025-05-15 10:14:35 [main] INFO  LoggerUtils - Clicked on element: Proxy element for: DefaultElementLocator 'By.xpath: //a[normalize-space()='Delete Account']'
2025-05-15 10:15:15 [main] INFO  LoggerUtils - Fetched text: ACCOUNT DELETED!
2025-05-15 10:15:15 [main] INFO  LoggerUtils - Fetched text: Your account has been permanently deleted!
2025-05-15 10:15:32 [main] ERROR LoggerUtils - Failed to click element: invalid session id: session deleted as the browser has closed the connection
from disconnected: unable to send message to renderer
  (Session info: chrome=136.0.7103.113)
Build info: version: '4.29.0', revision: '5fc1ec94cb'
System info: os.name: 'Mac OS X', os.arch: 'aarch64', os.version: '15.4.1', java.version: '17.0.12'
Driver info: org.openqa.selenium.chrome.ChromeDriver
Command: [e8b0ffcd0a204dd03470b69195a5bf51, findElement {using=xpath, value=//a[text()='Continue']}]
Capabilities {acceptInsecureCerts: false, browserName: chrome, browserVersion: 136.0.7103.113, chrome: {chromedriverVersion: 136.0.7103.94 (fa0be0b33deb..., userDataDir: /var/folders/f3/7d9mby7j7yj...}, fedcm:accounts: true, goog:chromeOptions: {debuggerAddress: localhost:50219}, networkConnectionEnabled: false, pageLoadStrategy: normal, platformName: mac, proxy: Proxy(), se:cdp: ws://localhost:50219/devtoo..., se:cdpVersion: 136.0.7103.113, setWindowRect: true, strictFileInteractability: false, timeouts: {implicit: 0, pageLoad: 300000, script: 30000}, unhandledPromptBehavior: dismiss and notify, webauthn:extension:credBlob: true, webauthn:extension:largeBlob: true, webauthn:extension:minPinLength: true, webauthn:extension:prf: true, webauthn:virtualAuthenticators: true}
Session ID: e8b0ffcd0a204dd03470b69195a5bf51
2025-05-15 10:15:32 [main] ERROR LoggerUtils - Test Failed: registeruserTest
2025-05-15 10:15:32 [main] ERROR LoggerUtils - Exception: 
org.openqa.selenium.NoSuchSessionException: invalid session id
Build info: version: '4.29.0', revision: '5fc1ec94cb'
System info: os.name: 'Mac OS X', os.arch: 'aarch64', os.version: '15.4.1', java.version: '17.0.12'
Driver info: org.openqa.selenium.chrome.ChromeDriver
Command: [e8b0ffcd0a204dd03470b69195a5bf51, findElement {using=xpath, value=//a[text()='Continue']}]
Capabilities {acceptInsecureCerts: false, browserName: chrome, browserVersion: 136.0.7103.113, chrome: {chromedriverVersion: 136.0.7103.94 (fa0be0b33deb..., userDataDir: /var/folders/f3/7d9mby7j7yj...}, fedcm:accounts: true, goog:chromeOptions: {debuggerAddress: localhost:50219}, networkConnectionEnabled: false, pageLoadStrategy: normal, platformName: mac, proxy: Proxy(), se:cdp: ws://localhost:50219/devtoo..., se:cdpVersion: 136.0.7103.113, setWindowRect: true, strictFileInteractability: false, timeouts: {implicit: 0, pageLoad: 300000, script: 30000}, unhandledPromptBehavior: dismiss and notify, webauthn:extension:credBlob: true, webauthn:extension:largeBlob: true, webauthn:extension:minPinLength: true, webauthn:extension:prf: true, webauthn:virtualAuthenticators: true}
Session ID: e8b0ffcd0a204dd03470b69195a5bf51
	at java.base/jdk.internal.reflect.NativeConstructorAccessorImpl.newInstance0(Native Method) ~[?:?]
	at java.base/jdk.internal.reflect.NativeConstructorAccessorImpl.newInstance(NativeConstructorAccessorImpl.java:77) ~[?:?]
	at java.base/jdk.internal.reflect.DelegatingConstructorAccessorImpl.newInstance(DelegatingConstructorAccessorImpl.java:45) ~[?:?]
	at java.base/java.lang.reflect.Constructor.newInstanceWithCaller(Constructor.java:499) ~[?:?]
	at java.base/java.lang.reflect.Constructor.newInstance(Constructor.java:480) ~[?:?]
	at org.openqa.selenium.remote.ErrorCodec.decode(ErrorCodec.java:167) ~[selenium-remote-driver-4.29.0.jar:?]
	at org.openqa.selenium.remote.codec.w3c.W3CHttpResponseCodec.decode(W3CHttpResponseCodec.java:138) ~[selenium-remote-driver-4.29.0.jar:?]
	at org.openqa.selenium.remote.codec.w3c.W3CHttpResponseCodec.decode(W3CHttpResponseCodec.java:50) ~[selenium-remote-driver-4.29.0.jar:?]
	at org.openqa.selenium.remote.HttpCommandExecutor.execute(HttpCommandExecutor.java:215) ~[selenium-remote-driver-4.29.0.jar:?]
	at org.openqa.selenium.remote.service.DriverCommandExecutor.invokeExecute(DriverCommandExecutor.java:216) ~[selenium-remote-driver-4.29.0.jar:?]
	at org.openqa.selenium.remote.service.DriverCommandExecutor.execute(DriverCommandExecutor.java:174) ~[selenium-remote-driver-4.29.0.jar:?]
	at org.openqa.selenium.remote.RemoteWebDriver.execute(RemoteWebDriver.java:545) ~[selenium-remote-driver-4.29.0.jar:?]
	at org.openqa.selenium.remote.ElementLocation$ElementFinder$2.findElement(ElementLocation.java:165) ~[selenium-remote-driver-4.29.0.jar:?]
	at org.openqa.selenium.remote.ElementLocation.findElement(ElementLocation.java:59) ~[selenium-remote-driver-4.29.0.jar:?]
	at org.openqa.selenium.remote.RemoteWebDriver.findElement(RemoteWebDriver.java:368) ~[selenium-remote-driver-4.29.0.jar:?]
	at org.openqa.selenium.remote.RemoteWebDriver.findElement(RemoteWebDriver.java:362) ~[selenium-remote-driver-4.29.0.jar:?]
	at org.openqa.selenium.support.pagefactory.DefaultElementLocator.findElement(DefaultElementLocator.java:68) ~[selenium-support-4.29.0.jar:?]
	at org.openqa.selenium.support.pagefactory.internal.LocatingElementHandler.invoke(LocatingElementHandler.java:38) ~[selenium-support-4.29.0.jar:?]
	at jdk.proxy2/jdk.proxy2.$Proxy30.toString(Unknown Source) ~[?:?]
	at java.base/java.lang.StringConcatHelper.stringOf(StringConcatHelper.java:453) ~[?:?]
	at java.base/java.lang.StringConcatHelper.simpleConcat(StringConcatHelper.java:408) ~[?:?]
	at utlity.SeleniumCommonUtils.clickElement(SeleniumCommonUtils.java:42) ~[classes/:?]
	at pages.HomePage.deleteAccount(HomePage.java:86) ~[classes/:?]
	at ui.testcases.RegisterUserTest.registeruserTest(RegisterUserTest.java:29) ~[test-classes/:?]
	at java.base/jdk.internal.reflect.NativeMethodAccessorImpl.invoke0(Native Method) ~[?:?]
	at java.base/jdk.internal.reflect.NativeMethodAccessorImpl.invoke(NativeMethodAccessorImpl.java:77) ~[?:?]
	at java.base/jdk.internal.reflect.DelegatingMethodAccessorImpl.invoke(DelegatingMethodAccessorImpl.java:43) ~[?:?]
	at java.base/java.lang.reflect.Method.invoke(Method.java:568) ~[?:?]
	at org.testng.internal.invokers.MethodInvocationHelper.invokeMethod(MethodInvocationHelper.java:141) ~[testng-7.10.2.jar:7.10.2]
	at org.testng.internal.invokers.TestInvoker.invokeMethod(TestInvoker.java:686) ~[testng-7.10.2.jar:7.10.2]
	at org.testng.internal.invokers.TestInvoker.invokeTestMethod(TestInvoker.java:230) ~[testng-7.10.2.jar:7.10.2]
	at org.testng.internal.invokers.MethodRunner.runInSequence(MethodRunner.java:63) ~[testng-7.10.2.jar:7.10.2]
	at org.testng.internal.invokers.TestInvoker$MethodInvocationAgent.invoke(TestInvoker.java:992) ~[testng-7.10.2.jar:7.10.2]
	at org.testng.internal.invokers.TestInvoker.invokeTestMethods(TestInvoker.java:203) ~[testng-7.10.2.jar:7.10.2]
	at org.testng.internal.invokers.TestMethodWorker.invokeTestMethods(TestMethodWorker.java:154) ~[testng-7.10.2.jar:7.10.2]
	at org.testng.internal.invokers.TestMethodWorker.run(TestMethodWorker.java:134) ~[testng-7.10.2.jar:7.10.2]
	at java.base/java.util.ArrayList.forEach(ArrayList.java:1511) [?:?]
	at org.testng.TestRunner.privateRun(TestRunner.java:739) [testng-7.10.2.jar:7.10.2]
	at org.testng.TestRunner.run(TestRunner.java:614) [testng-7.10.2.jar:7.10.2]
	at org.testng.SuiteRunner.runTest(SuiteRunner.java:421) [testng-7.10.2.jar:7.10.2]
	at org.testng.SuiteRunner.runSequentially(SuiteRunner.java:413) [testng-7.10.2.jar:7.10.2]
	at org.testng.SuiteRunner.privateRun(SuiteRunner.java:373) [testng-7.10.2.jar:7.10.2]
	at org.testng.SuiteRunner.run(SuiteRunner.java:312) [testng-7.10.2.jar:7.10.2]
	at org.testng.SuiteRunnerWorker.runSuite(SuiteRunnerWorker.java:52) [testng-7.10.2.jar:7.10.2]
	at org.testng.SuiteRunnerWorker.run(SuiteRunnerWorker.java:95) [testng-7.10.2.jar:7.10.2]
	at org.testng.TestNG.runSuitesSequentially(TestNG.java:1274) [testng-7.10.2.jar:7.10.2]
	at org.testng.TestNG.runSuitesLocally(TestNG.java:1208) [testng-7.10.2.jar:7.10.2]
	at org.testng.TestNG.runSuites(TestNG.java:1112) [testng-7.10.2.jar:7.10.2]
	at org.testng.TestNG.run(TestNG.java:1079) [testng-7.10.2.jar:7.10.2]
	at org.apache.maven.surefire.testng.TestNGExecutor.run(TestNGExecutor.java:155) [surefire-testng-3.3.0.jar:3.3.0]
	at org.apache.maven.surefire.testng.TestNGDirectoryTestSuite.executeMulti(TestNGDirectoryTestSuite.java:169) [surefire-testng-3.3.0.jar:3.3.0]
	at org.apache.maven.surefire.testng.TestNGDirectoryTestSuite.execute(TestNGDirectoryTestSuite.java:88) [surefire-testng-3.3.0.jar:3.3.0]
	at org.apache.maven.surefire.testng.TestNGProvider.invoke(TestNGProvider.java:137) [surefire-testng-3.3.0.jar:3.3.0]
	at org.apache.maven.surefire.booter.ForkedBooter.runSuitesInProcess(ForkedBooter.java:385) [surefire-booter-3.3.0.jar:3.3.0]
	at org.apache.maven.surefire.booter.ForkedBooter.execute(ForkedBooter.java:162) [surefire-booter-3.3.0.jar:3.3.0]
	at org.apache.maven.surefire.booter.ForkedBooter.run(ForkedBooter.java:507) [surefire-booter-3.3.0.jar:3.3.0]
	at org.apache.maven.surefire.booter.ForkedBooter.main(ForkedBooter.java:495) [surefire-booter-3.3.0.jar:3.3.0]
2025-05-15 10:15:32 [main] ERROR LoggerUtils - Test Failed: registeruserTest
2025-05-15 10:15:32 [main] ERROR LoggerUtils - Exception: 
org.openqa.selenium.NoSuchSessionException: invalid session id
Build info: version: '4.29.0', revision: '5fc1ec94cb'
System info: os.name: 'Mac OS X', os.arch: 'aarch64', os.version: '15.4.1', java.version: '17.0.12'
Driver info: org.openqa.selenium.chrome.ChromeDriver
Command: [e8b0ffcd0a204dd03470b69195a5bf51, screenshot {}]
Capabilities {acceptInsecureCerts: false, browserName: chrome, browserVersion: 136.0.7103.113, chrome: {chromedriverVersion: 136.0.7103.94 (fa0be0b33deb..., userDataDir: /var/folders/f3/7d9mby7j7yj...}, fedcm:accounts: true, goog:chromeOptions: {debuggerAddress: localhost:50219}, networkConnectionEnabled: false, pageLoadStrategy: normal, platformName: mac, proxy: Proxy(), se:cdp: ws://localhost:50219/devtoo..., se:cdpVersion: 136.0.7103.113, setWindowRect: true, strictFileInteractability: false, timeouts: {implicit: 0, pageLoad: 300000, script: 30000}, unhandledPromptBehavior: dismiss and notify, webauthn:extension:credBlob: true, webauthn:extension:largeBlob: true, webauthn:extension:minPinLength: true, webauthn:extension:prf: true, webauthn:virtualAuthenticators: true}
Session ID: e8b0ffcd0a204dd03470b69195a5bf51
	at java.base/jdk.internal.reflect.NativeConstructorAccessorImpl.newInstance0(Native Method) ~[?:?]
	at java.base/jdk.internal.reflect.NativeConstructorAccessorImpl.newInstance(NativeConstructorAccessorImpl.java:77) ~[?:?]
	at java.base/jdk.internal.reflect.DelegatingConstructorAccessorImpl.newInstance(DelegatingConstructorAccessorImpl.java:45) ~[?:?]
	at java.base/java.lang.reflect.Constructor.newInstanceWithCaller(Constructor.java:499) ~[?:?]
	at java.base/java.lang.reflect.Constructor.newInstance(Constructor.java:480) ~[?:?]
	at org.openqa.selenium.remote.ErrorCodec.decode(ErrorCodec.java:167) ~[selenium-remote-driver-4.29.0.jar:?]
	at org.openqa.selenium.remote.codec.w3c.W3CHttpResponseCodec.decode(W3CHttpResponseCodec.java:138) ~[selenium-remote-driver-4.29.0.jar:?]
	at org.openqa.selenium.remote.codec.w3c.W3CHttpResponseCodec.decode(W3CHttpResponseCodec.java:50) ~[selenium-remote-driver-4.29.0.jar:?]
	at org.openqa.selenium.remote.HttpCommandExecutor.execute(HttpCommandExecutor.java:215) ~[selenium-remote-driver-4.29.0.jar:?]
	at org.openqa.selenium.remote.service.DriverCommandExecutor.invokeExecute(DriverCommandExecutor.java:216) ~[selenium-remote-driver-4.29.0.jar:?]
	at org.openqa.selenium.remote.service.DriverCommandExecutor.execute(DriverCommandExecutor.java:174) ~[selenium-remote-driver-4.29.0.jar:?]
	at org.openqa.selenium.remote.RemoteWebDriver.execute(RemoteWebDriver.java:545) ~[selenium-remote-driver-4.29.0.jar:?]
	at org.openqa.selenium.remote.RemoteWebDriver.execute(RemoteWebDriver.java:618) ~[selenium-remote-driver-4.29.0.jar:?]
	at org.openqa.selenium.remote.RemoteWebDriver.execute(RemoteWebDriver.java:622) ~[selenium-remote-driver-4.29.0.jar:?]
	at org.openqa.selenium.remote.RemoteWebDriver.getScreenshotAs(RemoteWebDriver.java:334) ~[selenium-remote-driver-4.29.0.jar:?]
	at utlity.SeleniumCommonUtils.captureScreenshot(SeleniumCommonUtils.java:104) ~[classes/:?]
	at listeners.SeleniumListener.onTestFailure(SeleniumListener.java:43) ~[classes/:?]
	at org.testng.internal.TestListenerHelper.runTestListeners(TestListenerHelper.java:115) ~[testng-7.10.2.jar:7.10.2]
	at org.testng.internal.invokers.TestInvoker.runTestResultListener(TestInvoker.java:285) ~[testng-7.10.2.jar:7.10.2]
	at org.testng.internal.invokers.TestInvoker.invokeMethod(TestInvoker.java:774) ~[testng-7.10.2.jar:7.10.2]
	at org.testng.internal.invokers.TestInvoker.invokeTestMethod(TestInvoker.java:230) ~[testng-7.10.2.jar:7.10.2]
	at org.testng.internal.invokers.MethodRunner.runInSequence(MethodRunner.java:63) ~[testng-7.10.2.jar:7.10.2]
	at org.testng.internal.invokers.TestInvoker$MethodInvocationAgent.invoke(TestInvoker.java:992) ~[testng-7.10.2.jar:7.10.2]
	at org.testng.internal.invokers.TestInvoker.invokeTestMethods(TestInvoker.java:203) ~[testng-7.10.2.jar:7.10.2]
	at org.testng.internal.invokers.TestMethodWorker.invokeTestMethods(TestMethodWorker.java:154) ~[testng-7.10.2.jar:7.10.2]
	at org.testng.internal.invokers.TestMethodWorker.run(TestMethodWorker.java:134) ~[testng-7.10.2.jar:7.10.2]
	at java.base/java.util.ArrayList.forEach(ArrayList.java:1511) [?:?]
	at org.testng.TestRunner.privateRun(TestRunner.java:739) [testng-7.10.2.jar:7.10.2]
	at org.testng.TestRunner.run(TestRunner.java:614) [testng-7.10.2.jar:7.10.2]
	at org.testng.SuiteRunner.runTest(SuiteRunner.java:421) [testng-7.10.2.jar:7.10.2]
	at org.testng.SuiteRunner.runSequentially(SuiteRunner.java:413) [testng-7.10.2.jar:7.10.2]
	at org.testng.SuiteRunner.privateRun(SuiteRunner.java:373) [testng-7.10.2.jar:7.10.2]
	at org.testng.SuiteRunner.run(SuiteRunner.java:312) [testng-7.10.2.jar:7.10.2]
	at org.testng.SuiteRunnerWorker.runSuite(SuiteRunnerWorker.java:52) [testng-7.10.2.jar:7.10.2]
	at org.testng.SuiteRunnerWorker.run(SuiteRunnerWorker.java:95) [testng-7.10.2.jar:7.10.2]
	at org.testng.TestNG.runSuitesSequentially(TestNG.java:1274) [testng-7.10.2.jar:7.10.2]
	at org.testng.TestNG.runSuitesLocally(TestNG.java:1208) [testng-7.10.2.jar:7.10.2]
	at org.testng.TestNG.runSuites(TestNG.java:1112) [testng-7.10.2.jar:7.10.2]
	at org.testng.TestNG.run(TestNG.java:1079) [testng-7.10.2.jar:7.10.2]
	at org.apache.maven.surefire.testng.TestNGExecutor.run(TestNGExecutor.java:155) [surefire-testng-3.3.0.jar:3.3.0]
	at org.apache.maven.surefire.testng.TestNGDirectoryTestSuite.executeMulti(TestNGDirectoryTestSuite.java:169) [surefire-testng-3.3.0.jar:3.3.0]
	at org.apache.maven.surefire.testng.TestNGDirectoryTestSuite.execute(TestNGDirectoryTestSuite.java:88) [surefire-testng-3.3.0.jar:3.3.0]
	at org.apache.maven.surefire.testng.TestNGProvider.invoke(TestNGProvider.java:137) [surefire-testng-3.3.0.jar:3.3.0]
	at org.apache.maven.surefire.booter.ForkedBooter.runSuitesInProcess(ForkedBooter.java:385) [surefire-booter-3.3.0.jar:3.3.0]
	at org.apache.maven.surefire.booter.ForkedBooter.execute(ForkedBooter.java:162) [surefire-booter-3.3.0.jar:3.3.0]
	at org.apache.maven.surefire.booter.ForkedBooter.run(ForkedBooter.java:507) [surefire-booter-3.3.0.jar:3.3.0]
	at org.apache.maven.surefire.booter.ForkedBooter.main(ForkedBooter.java:495) [surefire-booter-3.3.0.jar:3.3.0]
2025-05-15 10:15:33 [main] INFO  LoggerUtils - Test Suite Finished: Surefire test
2025-05-19 15:33:54 [main] INFO  LoggerUtils - Test Suite Started: Surefire test
2025-05-19 15:33:54 [main] INFO  LoggerUtils - Browser passed from testng.xml or Hooks: chrome
2025-05-19 15:34:08 [main] INFO  LoggerUtils - Navigated to application and LoginPage initialized
2025-05-19 15:34:08 [main] INFO  LoggerUtils - Test Started: loginToApplication
2025-05-19 15:34:48 [main] ERROR LoggerUtils - Failed to click element: no such element: Unable to locate element: {"method":"xpath","selector":"//a[@data-title='Login']"}
  (Session info: chrome=136.0.7103.114)
For documentation on this error, please visit: https://www.selenium.dev/documentation/webdriver/troubleshooting/errors#no-such-element-exception
Build info: version: '4.29.0', revision: '5fc1ec94cb'
System info: os.name: 'Mac OS X', os.arch: 'aarch64', os.version: '15.4.1', java.version: '17.0.12'
Driver info: org.openqa.selenium.chrome.ChromeDriver
Command: [17fa1e221fe9d951b385fd111cdcffa4, findElement {value=//a[@data-title='Login'], using=xpath}]
Capabilities {acceptInsecureCerts: false, browserName: chrome, browserVersion: 136.0.7103.114, chrome: {chromedriverVersion: 136.0.7103.94 (fa0be0b33deb..., userDataDir: /var/folders/f3/7d9mby7j7yj...}, fedcm:accounts: true, goog:chromeOptions: {debuggerAddress: localhost:60810}, networkConnectionEnabled: false, pageLoadStrategy: normal, platformName: mac, proxy: Proxy(), se:cdp: ws://localhost:60810/devtoo..., se:cdpVersion: 136.0.7103.114, setWindowRect: true, strictFileInteractability: false, timeouts: {implicit: 0, pageLoad: 300000, script: 30000}, unhandledPromptBehavior: dismiss and notify, webauthn:extension:credBlob: true, webauthn:extension:largeBlob: true, webauthn:extension:minPinLength: true, webauthn:extension:prf: true, webauthn:virtualAuthenticators: true}
Session ID: 17fa1e221fe9d951b385fd111cdcffa4
2025-05-19 15:35:28 [main] ERROR LoggerUtils - Test Failed: loginToApplication
2025-05-19 15:35:28 [main] ERROR LoggerUtils - Exception: 
org.openqa.selenium.NoSuchElementException: no such element: Unable to locate element: {"method":"xpath","selector":"//a[@data-title='Login']"}
  (Session info: chrome=136.0.7103.114)
For documentation on this error, please visit: https://www.selenium.dev/documentation/webdriver/troubleshooting/errors#no-such-element-exception
Build info: version: '4.29.0', revision: '5fc1ec94cb'
System info: os.name: 'Mac OS X', os.arch: 'aarch64', os.version: '15.4.1', java.version: '17.0.12'
Driver info: org.openqa.selenium.chrome.ChromeDriver
Command: [17fa1e221fe9d951b385fd111cdcffa4, findElement {value=//a[@data-title='Login'], using=xpath}]
Capabilities {acceptInsecureCerts: false, browserName: chrome, browserVersion: 136.0.7103.114, chrome: {chromedriverVersion: 136.0.7103.94 (fa0be0b33deb..., userDataDir: /var/folders/f3/7d9mby7j7yj...}, fedcm:accounts: true, goog:chromeOptions: {debuggerAddress: localhost:60810}, networkConnectionEnabled: false, pageLoadStrategy: normal, platformName: mac, proxy: Proxy(), se:cdp: ws://localhost:60810/devtoo..., se:cdpVersion: 136.0.7103.114, setWindowRect: true, strictFileInteractability: false, timeouts: {implicit: 0, pageLoad: 300000, script: 30000}, unhandledPromptBehavior: dismiss and notify, webauthn:extension:credBlob: true, webauthn:extension:largeBlob: true, webauthn:extension:minPinLength: true, webauthn:extension:prf: true, webauthn:virtualAuthenticators: true}
Session ID: 17fa1e221fe9d951b385fd111cdcffa4
	at java.base/jdk.internal.reflect.NativeConstructorAccessorImpl.newInstance0(Native Method) ~[?:?]
	at java.base/jdk.internal.reflect.NativeConstructorAccessorImpl.newInstance(NativeConstructorAccessorImpl.java:77) ~[?:?]
	at java.base/jdk.internal.reflect.DelegatingConstructorAccessorImpl.newInstance(DelegatingConstructorAccessorImpl.java:45) ~[?:?]
	at java.base/java.lang.reflect.Constructor.newInstanceWithCaller(Constructor.java:499) ~[?:?]
	at java.base/java.lang.reflect.Constructor.newInstance(Constructor.java:480) ~[?:?]
	at org.openqa.selenium.remote.ErrorCodec.decode(ErrorCodec.java:167) ~[selenium-remote-driver-4.29.0.jar:?]
	at org.openqa.selenium.remote.codec.w3c.W3CHttpResponseCodec.decode(W3CHttpResponseCodec.java:138) ~[selenium-remote-driver-4.29.0.jar:?]
	at org.openqa.selenium.remote.codec.w3c.W3CHttpResponseCodec.decode(W3CHttpResponseCodec.java:50) ~[selenium-remote-driver-4.29.0.jar:?]
	at org.openqa.selenium.remote.HttpCommandExecutor.execute(HttpCommandExecutor.java:215) ~[selenium-remote-driver-4.29.0.jar:?]
	at org.openqa.selenium.remote.service.DriverCommandExecutor.invokeExecute(DriverCommandExecutor.java:216) ~[selenium-remote-driver-4.29.0.jar:?]
	at org.openqa.selenium.remote.service.DriverCommandExecutor.execute(DriverCommandExecutor.java:174) ~[selenium-remote-driver-4.29.0.jar:?]
	at org.openqa.selenium.remote.RemoteWebDriver.execute(RemoteWebDriver.java:545) ~[selenium-remote-driver-4.29.0.jar:?]
	at org.openqa.selenium.remote.ElementLocation$ElementFinder$2.findElement(ElementLocation.java:165) ~[selenium-remote-driver-4.29.0.jar:?]
	at org.openqa.selenium.remote.ElementLocation.findElement(ElementLocation.java:59) ~[selenium-remote-driver-4.29.0.jar:?]
	at org.openqa.selenium.remote.RemoteWebDriver.findElement(RemoteWebDriver.java:368) ~[selenium-remote-driver-4.29.0.jar:?]
	at org.openqa.selenium.remote.RemoteWebDriver.findElement(RemoteWebDriver.java:362) ~[selenium-remote-driver-4.29.0.jar:?]
	at org.openqa.selenium.support.pagefactory.DefaultElementLocator.findElement(DefaultElementLocator.java:68) ~[selenium-support-4.29.0.jar:?]
	at org.openqa.selenium.support.pagefactory.internal.LocatingElementHandler.invoke(LocatingElementHandler.java:38) ~[selenium-support-4.29.0.jar:?]
	at jdk.proxy2/jdk.proxy2.$Proxy31.click(Unknown Source) ~[?:?]
	at utlity.SeleniumCommonUtils.clickElement(SeleniumCommonUtils.java:37) ~[classes/:?]
	at pages.LoginPage.loginToApplication(LoginPage.java:37) ~[classes/:?]
	at ui.testcases.DemoTest.loginToApplication(DemoTest.java:19) ~[test-classes/:?]
	at java.base/jdk.internal.reflect.NativeMethodAccessorImpl.invoke0(Native Method) ~[?:?]
	at java.base/jdk.internal.reflect.NativeMethodAccessorImpl.invoke(NativeMethodAccessorImpl.java:77) ~[?:?]
	at java.base/jdk.internal.reflect.DelegatingMethodAccessorImpl.invoke(DelegatingMethodAccessorImpl.java:43) ~[?:?]
	at java.base/java.lang.reflect.Method.invoke(Method.java:568) ~[?:?]
	at org.testng.internal.invokers.MethodInvocationHelper.invokeMethod(MethodInvocationHelper.java:141) ~[testng-7.10.2.jar:7.10.2]
	at org.testng.internal.invokers.TestInvoker.invokeMethod(TestInvoker.java:686) ~[testng-7.10.2.jar:7.10.2]
	at org.testng.internal.invokers.TestInvoker.invokeTestMethod(TestInvoker.java:230) ~[testng-7.10.2.jar:7.10.2]
	at org.testng.internal.invokers.MethodRunner.runInSequence(MethodRunner.java:63) ~[testng-7.10.2.jar:7.10.2]
	at org.testng.internal.invokers.TestInvoker$MethodInvocationAgent.invoke(TestInvoker.java:992) ~[testng-7.10.2.jar:7.10.2]
	at org.testng.internal.invokers.TestInvoker.invokeTestMethods(TestInvoker.java:203) ~[testng-7.10.2.jar:7.10.2]
	at org.testng.internal.invokers.TestMethodWorker.invokeTestMethods(TestMethodWorker.java:154) ~[testng-7.10.2.jar:7.10.2]
	at org.testng.internal.invokers.TestMethodWorker.run(TestMethodWorker.java:134) ~[testng-7.10.2.jar:7.10.2]
	at java.base/java.util.ArrayList.forEach(ArrayList.java:1511) [?:?]
	at org.testng.TestRunner.privateRun(TestRunner.java:739) [testng-7.10.2.jar:7.10.2]
	at org.testng.TestRunner.run(TestRunner.java:614) [testng-7.10.2.jar:7.10.2]
	at org.testng.SuiteRunner.runTest(SuiteRunner.java:421) [testng-7.10.2.jar:7.10.2]
	at org.testng.SuiteRunner.runSequentially(SuiteRunner.java:413) [testng-7.10.2.jar:7.10.2]
	at org.testng.SuiteRunner.privateRun(SuiteRunner.java:373) [testng-7.10.2.jar:7.10.2]
	at org.testng.SuiteRunner.run(SuiteRunner.java:312) [testng-7.10.2.jar:7.10.2]
	at org.testng.SuiteRunnerWorker.runSuite(SuiteRunnerWorker.java:52) [testng-7.10.2.jar:7.10.2]
	at org.testng.SuiteRunnerWorker.run(SuiteRunnerWorker.java:95) [testng-7.10.2.jar:7.10.2]
	at org.testng.TestNG.runSuitesSequentially(TestNG.java:1274) [testng-7.10.2.jar:7.10.2]
	at org.testng.TestNG.runSuitesLocally(TestNG.java:1208) [testng-7.10.2.jar:7.10.2]
	at org.testng.TestNG.runSuites(TestNG.java:1112) [testng-7.10.2.jar:7.10.2]
	at org.testng.TestNG.run(TestNG.java:1079) [testng-7.10.2.jar:7.10.2]
	at org.apache.maven.surefire.testng.TestNGExecutor.run(TestNGExecutor.java:155) [surefire-testng-3.3.0.jar:3.3.0]
	at org.apache.maven.surefire.testng.TestNGDirectoryTestSuite.executeMulti(TestNGDirectoryTestSuite.java:169) [surefire-testng-3.3.0.jar:3.3.0]
	at org.apache.maven.surefire.testng.TestNGDirectoryTestSuite.execute(TestNGDirectoryTestSuite.java:88) [surefire-testng-3.3.0.jar:3.3.0]
	at org.apache.maven.surefire.testng.TestNGProvider.invoke(TestNGProvider.java:137) [surefire-testng-3.3.0.jar:3.3.0]
	at org.apache.maven.surefire.booter.ForkedBooter.runSuitesInProcess(ForkedBooter.java:385) [surefire-booter-3.3.0.jar:3.3.0]
	at org.apache.maven.surefire.booter.ForkedBooter.execute(ForkedBooter.java:162) [surefire-booter-3.3.0.jar:3.3.0]
	at org.apache.maven.surefire.booter.ForkedBooter.run(ForkedBooter.java:507) [surefire-booter-3.3.0.jar:3.3.0]
	at org.apache.maven.surefire.booter.ForkedBooter.main(ForkedBooter.java:495) [surefire-booter-3.3.0.jar:3.3.0]
2025-05-19 15:35:28 [main] INFO  LoggerUtils - Screenshot saved at: ./screenshots/loginToApplication_20250519_153528.png
2025-05-19 15:35:28 [main] INFO  LoggerUtils - Browser passed from testng.xml or Hooks: chrome
2025-05-19 15:35:36 [main] INFO  LoggerUtils - Navigated to application and LoginPage initialized
2025-05-19 15:35:36 [main] INFO  LoggerUtils - Test Started: loginWithvalidUserTest
2025-05-19 15:35:37 [main] INFO  LoggerUtils - Clicked on element: [[ChromeDriver: chrome on mac (af6265648b0fba73b30e81dbc2b0b59e)] -> xpath: //a[normalize-space()='Signup / Login']]
2025-05-19 15:35:37 [main] INFO  LoggerUtils - Fetched text: New User Signup!
2025-05-19 15:36:57 [main] INFO  LoggerUtils - Entered text: rohit
2025-05-19 15:38:18 [main] INFO  LoggerUtils - Entered text: ppjdln@gmail.com
2025-05-19 15:38:18 [main] INFO  LoggerUtils - Clicked on element: [[ChromeDriver: chrome on mac (af6265648b0fba73b30e81dbc2b0b59e)] -> xpath: //div[@class='signup-form']//button[@type='submit']]
2025-05-19 15:38:21 [main] INFO  LoggerUtils - Fetched attribute [value] with value: rohit
2025-05-19 15:38:21 [main] INFO  LoggerUtils - Fetched attribute [value] with value: ppjdln@gmail.com
2025-05-19 15:38:21 [main] INFO  LoggerUtils - Clicked on element: [[ChromeDriver: chrome on mac (af6265648b0fba73b30e81dbc2b0b59e)] -> css selector: #uniform-id_gender1]
2025-05-19 15:38:21 [main] INFO  LoggerUtils - Entered text: Nov@1122!0091
2025-05-19 15:38:21 [main] INFO  LoggerUtils - Selected value from dropdown by value: 5
2025-05-19 15:38:21 [main] INFO  LoggerUtils - Selected value from dropdown by value: 4
2025-05-19 15:38:21 [main] INFO  LoggerUtils - Selected value from dropdown by value: 2020
2025-05-19 15:38:22 [main] INFO  LoggerUtils - Entered text: rohit
2025-05-19 15:38:22 [main] INFO  LoggerUtils - Entered text: singh
2025-05-19 15:38:22 [main] INFO  LoggerUtils - Entered text: Coforge
2025-05-19 15:38:22 [main] INFO  LoggerUtils - Entered text: noida
2025-05-19 15:38:22 [main] INFO  LoggerUtils - Selected value from dropdown by value: India
2025-05-19 15:38:22 [main] INFO  LoggerUtils - Entered text: UP
2025-05-19 15:38:22 [main] INFO  LoggerUtils - Entered text: noida
2025-05-19 15:38:22 [main] INFO  LoggerUtils - Entered text: 541234
2025-05-19 15:38:22 [main] INFO  LoggerUtils - Entered text: 7643551111
2025-05-19 15:38:23 [main] INFO  LoggerUtils - Clicked element using JavaScript.
2025-05-19 15:38:23 [main] INFO  LoggerUtils - Fetched text: ACCOUNT CREATED!
2025-05-19 15:38:23 [main] INFO  LoggerUtils - Fetched text: Congratulations! Your new account has been successfully created!
2025-05-19 15:38:29 [main] INFO  LoggerUtils - Clicked element using JavaScript.
2025-05-19 15:38:29 [main] INFO  LoggerUtils - Fetched text: rohit
2025-05-19 15:39:10 [main] INFO  LoggerUtils - Clicked on element: Proxy element for: DefaultElementLocator 'By.xpath: //a[normalize-space()='Logout']'
2025-05-19 15:39:54 [main] INFO  LoggerUtils - Clicked on element: [[ChromeDriver: chrome on mac (af6265648b0fba73b30e81dbc2b0b59e)] -> xpath: //a[normalize-space()='Signup / Login']]
2025-05-19 15:39:54 [main] INFO  LoggerUtils - Entered text: ppjdln@gmail.com
2025-05-19 15:39:54 [main] INFO  LoggerUtils - Entered text: Nov@1122!0091
2025-05-19 15:39:54 [main] INFO  LoggerUtils - Clicked on element: [[ChromeDriver: chrome on mac (af6265648b0fba73b30e81dbc2b0b59e)] -> xpath: //form[@action='/login']/button[text()='Login']]
2025-05-19 15:40:02 [main] INFO  LoggerUtils - Fetched text: rohit
2025-05-19 15:40:43 [main] INFO  LoggerUtils - Clicked on element: Proxy element for: DefaultElementLocator 'By.xpath: //a[normalize-space()='Delete Account']'
2025-05-19 15:41:23 [main] INFO  LoggerUtils - Fetched text: ACCOUNT DELETED!
2025-05-19 15:41:23 [main] INFO  LoggerUtils - Fetched text: Your account has been permanently deleted!
2025-05-19 15:42:11 [main] INFO  LoggerUtils - Clicked on element: Proxy element for: DefaultElementLocator 'By.xpath: //a[text()='Continue']'
2025-05-19 15:43:32 [main] INFO  LoggerUtils - Test Passed: loginWithvalidUserTest
2025-05-19 15:43:32 [main] INFO  LoggerUtils - Browser passed from testng.xml or Hooks: chrome
2025-05-19 15:43:39 [main] INFO  LoggerUtils - Navigated to application and LoginPage initialized
2025-05-19 15:43:39 [main] INFO  LoggerUtils - Test Started: registeruserTest
2025-05-19 15:43:40 [main] INFO  LoggerUtils - Clicked on element: [[ChromeDriver: chrome on mac (68b7e7a59ddae82544c27e2afa96d497)] -> xpath: //a[normalize-space()='Signup / Login']]
2025-05-19 15:43:40 [main] INFO  LoggerUtils - Fetched text: New User Signup!
2025-05-19 15:45:01 [main] INFO  LoggerUtils - Entered text: rohit
2025-05-19 15:46:21 [main] INFO  LoggerUtils - Entered text: taxikq@gmail.com
2025-05-19 15:46:21 [main] INFO  LoggerUtils - Clicked on element: [[ChromeDriver: chrome on mac (68b7e7a59ddae82544c27e2afa96d497)] -> xpath: //div[@class='signup-form']//button[@type='submit']]
2025-05-19 15:46:24 [main] INFO  LoggerUtils - Fetched attribute [value] with value: rohit
2025-05-19 15:46:24 [main] INFO  LoggerUtils - Fetched attribute [value] with value: taxikq@gmail.com
2025-05-19 15:46:24 [main] INFO  LoggerUtils - Clicked on element: [[ChromeDriver: chrome on mac (68b7e7a59ddae82544c27e2afa96d497)] -> css selector: #uniform-id_gender1]
2025-05-19 15:46:24 [main] INFO  LoggerUtils - Entered text: Nov@1122!0091
2025-05-19 15:46:24 [main] INFO  LoggerUtils - Selected value from dropdown by value: 5
2025-05-19 15:46:24 [main] INFO  LoggerUtils - Selected value from dropdown by value: 4
2025-05-19 15:46:24 [main] INFO  LoggerUtils - Selected value from dropdown by value: 2020
2025-05-19 15:46:25 [main] INFO  LoggerUtils - Entered text: rohit
2025-05-19 15:46:25 [main] INFO  LoggerUtils - Entered text: singh
2025-05-19 15:46:25 [main] INFO  LoggerUtils - Entered text: Coforge
2025-05-19 15:46:25 [main] INFO  LoggerUtils - Entered text: noida
2025-05-19 15:46:25 [main] INFO  LoggerUtils - Selected value from dropdown by value: India
2025-05-19 15:46:25 [main] INFO  LoggerUtils - Entered text: UP
2025-05-19 15:46:25 [main] INFO  LoggerUtils - Entered text: noida
2025-05-19 15:46:25 [main] INFO  LoggerUtils - Entered text: 541234
2025-05-19 15:46:25 [main] INFO  LoggerUtils - Entered text: 7643551111
2025-05-19 15:46:26 [main] INFO  LoggerUtils - Clicked element using JavaScript.
2025-05-19 15:46:26 [main] INFO  LoggerUtils - Fetched text: ACCOUNT CREATED!
2025-05-19 15:46:26 [main] INFO  LoggerUtils - Fetched text: Congratulations! Your new account has been successfully created!
2025-05-19 15:46:32 [main] INFO  LoggerUtils - Clicked element using JavaScript.
2025-05-19 15:46:32 [main] INFO  LoggerUtils - Fetched text: rohit
2025-05-19 15:47:13 [main] INFO  LoggerUtils - Clicked on element: Proxy element for: DefaultElementLocator 'By.xpath: //a[normalize-space()='Delete Account']'
2025-05-19 15:47:53 [main] INFO  LoggerUtils - Fetched text: ACCOUNT DELETED!
2025-05-19 15:47:53 [main] INFO  LoggerUtils - Fetched text: Your account has been permanently deleted!
2025-05-19 15:48:42 [main] INFO  LoggerUtils - Clicked on element: Proxy element for: DefaultElementLocator 'By.xpath: //a[text()='Continue']'
2025-05-19 15:50:02 [main] INFO  LoggerUtils - Test Passed: registeruserTest
2025-05-19 15:50:02 [main] INFO  LoggerUtils - Test Started: ValidateAbletoSearchProducts
2025-05-19 15:50:08 [main] INFO  LoggerUtils - Test Passed: ValidateAbletoSearchProducts
2025-05-19 15:50:08 [main] INFO  LoggerUtils - Test Started: getBookingId
2025-05-19 15:50:09 [main] ERROR LoggerUtils - Test Failed: getBookingId
2025-05-19 15:50:09 [main] ERROR LoggerUtils - Exception: 
java.lang.AssertionError: 1 expectation failed.
Expected content-type "JSON" doesn't match actual content-type "text/html; charset=utf-8".

	at java.base/jdk.internal.reflect.NativeConstructorAccessorImpl.newInstance0(Native Method) ~[?:?]
	at java.base/jdk.internal.reflect.NativeConstructorAccessorImpl.newInstance(NativeConstructorAccessorImpl.java:77) ~[?:?]
	at java.base/jdk.internal.reflect.DelegatingConstructorAccessorImpl.newInstance(DelegatingConstructorAccessorImpl.java:45) ~[?:?]
	at java.base/java.lang.reflect.Constructor.newInstanceWithCaller(Constructor.java:499) ~[?:?]
	at java.base/java.lang.reflect.Constructor.newInstance(Constructor.java:480) ~[?:?]
	at org.codehaus.groovy.reflection.CachedConstructor.invoke(CachedConstructor.java:73) ~[groovy-4.0.6.jar:4.0.6]
	at org.codehaus.groovy.runtime.callsite.ConstructorSite$ConstructorSiteNoUnwrapNoCoerce.callConstructor(ConstructorSite.java:108) ~[groovy-4.0.6.jar:4.0.6]
	at org.codehaus.groovy.runtime.callsite.CallSiteArray.defaultCallConstructor(CallSiteArray.java:57) ~[groovy-4.0.6.jar:4.0.6]
	at org.codehaus.groovy.runtime.callsite.AbstractCallSite.callConstructor(AbstractCallSite.java:263) ~[groovy-4.0.6.jar:4.0.6]
	at org.codehaus.groovy.runtime.callsite.AbstractCallSite.callConstructor(AbstractCallSite.java:277) ~[groovy-4.0.6.jar:4.0.6]
	at io.restassured.internal.ResponseSpecificationImpl$HamcrestAssertionClosure.validate(ResponseSpecificationImpl.groovy:512) ~[rest-assured-5.3.0.jar:?]
	at io.restassured.internal.ResponseSpecificationImpl$HamcrestAssertionClosure$validate$1.call(Unknown Source) ~[?:?]
	at io.restassured.internal.ResponseSpecificationImpl.validate(ResponseSpecificationImpl.groovy:101) ~[rest-assured-5.3.0.jar:?]
	at io.restassured.internal.ValidatableResponseOptionsImpl.spec(ValidatableResponseOptionsImpl.java:288) ~[rest-assured-5.3.0.jar:?]
	at apitest.ApiTest.getBookingId(ApiTest.java:19) ~[test-classes/:?]
	at java.base/jdk.internal.reflect.NativeMethodAccessorImpl.invoke0(Native Method) ~[?:?]
	at java.base/jdk.internal.reflect.NativeMethodAccessorImpl.invoke(NativeMethodAccessorImpl.java:77) ~[?:?]
	at java.base/jdk.internal.reflect.DelegatingMethodAccessorImpl.invoke(DelegatingMethodAccessorImpl.java:43) ~[?:?]
	at java.base/java.lang.reflect.Method.invoke(Method.java:568) ~[?:?]
	at org.testng.internal.invokers.MethodInvocationHelper.invokeMethod(MethodInvocationHelper.java:141) ~[testng-7.10.2.jar:7.10.2]
	at org.testng.internal.invokers.TestInvoker.invokeMethod(TestInvoker.java:686) ~[testng-7.10.2.jar:7.10.2]
	at org.testng.internal.invokers.TestInvoker.invokeTestMethod(TestInvoker.java:230) ~[testng-7.10.2.jar:7.10.2]
	at org.testng.internal.invokers.MethodRunner.runInSequence(MethodRunner.java:63) ~[testng-7.10.2.jar:7.10.2]
	at org.testng.internal.invokers.TestInvoker$MethodInvocationAgent.invoke(TestInvoker.java:992) ~[testng-7.10.2.jar:7.10.2]
	at org.testng.internal.invokers.TestInvoker.invokeTestMethods(TestInvoker.java:203) ~[testng-7.10.2.jar:7.10.2]
	at org.testng.internal.invokers.TestMethodWorker.invokeTestMethods(TestMethodWorker.java:154) ~[testng-7.10.2.jar:7.10.2]
	at org.testng.internal.invokers.TestMethodWorker.run(TestMethodWorker.java:134) ~[testng-7.10.2.jar:7.10.2]
	at java.base/java.util.ArrayList.forEach(ArrayList.java:1511) [?:?]
	at org.testng.TestRunner.privateRun(TestRunner.java:739) [testng-7.10.2.jar:7.10.2]
	at org.testng.TestRunner.run(TestRunner.java:614) [testng-7.10.2.jar:7.10.2]
	at org.testng.SuiteRunner.runTest(SuiteRunner.java:421) [testng-7.10.2.jar:7.10.2]
	at org.testng.SuiteRunner.runSequentially(SuiteRunner.java:413) [testng-7.10.2.jar:7.10.2]
	at org.testng.SuiteRunner.privateRun(SuiteRunner.java:373) [testng-7.10.2.jar:7.10.2]
	at org.testng.SuiteRunner.run(SuiteRunner.java:312) [testng-7.10.2.jar:7.10.2]
	at org.testng.SuiteRunnerWorker.runSuite(SuiteRunnerWorker.java:52) [testng-7.10.2.jar:7.10.2]
	at org.testng.SuiteRunnerWorker.run(SuiteRunnerWorker.java:95) [testng-7.10.2.jar:7.10.2]
	at org.testng.TestNG.runSuitesSequentially(TestNG.java:1274) [testng-7.10.2.jar:7.10.2]
	at org.testng.TestNG.runSuitesLocally(TestNG.java:1208) [testng-7.10.2.jar:7.10.2]
	at org.testng.TestNG.runSuites(TestNG.java:1112) [testng-7.10.2.jar:7.10.2]
	at org.testng.TestNG.run(TestNG.java:1079) [testng-7.10.2.jar:7.10.2]
	at org.apache.maven.surefire.testng.TestNGExecutor.run(TestNGExecutor.java:155) [surefire-testng-3.3.0.jar:3.3.0]
	at org.apache.maven.surefire.testng.TestNGDirectoryTestSuite.executeMulti(TestNGDirectoryTestSuite.java:169) [surefire-testng-3.3.0.jar:3.3.0]
	at org.apache.maven.surefire.testng.TestNGDirectoryTestSuite.execute(TestNGDirectoryTestSuite.java:88) [surefire-testng-3.3.0.jar:3.3.0]
	at org.apache.maven.surefire.testng.TestNGProvider.invoke(TestNGProvider.java:137) [surefire-testng-3.3.0.jar:3.3.0]
	at org.apache.maven.surefire.booter.ForkedBooter.runSuitesInProcess(ForkedBooter.java:385) [surefire-booter-3.3.0.jar:3.3.0]
	at org.apache.maven.surefire.booter.ForkedBooter.execute(ForkedBooter.java:162) [surefire-booter-3.3.0.jar:3.3.0]
	at org.apache.maven.surefire.booter.ForkedBooter.run(ForkedBooter.java:507) [surefire-booter-3.3.0.jar:3.3.0]
	at org.apache.maven.surefire.booter.ForkedBooter.main(ForkedBooter.java:495) [surefire-booter-3.3.0.jar:3.3.0]
2025-05-19 15:50:09 [main] ERROR LoggerUtils - Test Failed: getBookingId
2025-05-19 15:50:09 [main] ERROR LoggerUtils - Exception: 
java.lang.IllegalStateException: WebDriver not initialized for current thread!
	at driver.DriverManager.getDriver(DriverManager.java:97) ~[classes/:?]
	at utlity.SeleniumCommonUtils.captureScreenshot(SeleniumCommonUtils.java:100) ~[classes/:?]
	at listeners.SeleniumListener.onTestFailure(SeleniumListener.java:43) ~[classes/:?]
	at org.testng.internal.TestListenerHelper.runTestListeners(TestListenerHelper.java:115) ~[testng-7.10.2.jar:7.10.2]
	at org.testng.internal.invokers.TestInvoker.runTestResultListener(TestInvoker.java:285) ~[testng-7.10.2.jar:7.10.2]
	at org.testng.internal.invokers.TestInvoker.invokeMethod(TestInvoker.java:774) ~[testng-7.10.2.jar:7.10.2]
	at org.testng.internal.invokers.TestInvoker.invokeTestMethod(TestInvoker.java:230) ~[testng-7.10.2.jar:7.10.2]
	at org.testng.internal.invokers.MethodRunner.runInSequence(MethodRunner.java:63) ~[testng-7.10.2.jar:7.10.2]
	at org.testng.internal.invokers.TestInvoker$MethodInvocationAgent.invoke(TestInvoker.java:992) ~[testng-7.10.2.jar:7.10.2]
	at org.testng.internal.invokers.TestInvoker.invokeTestMethods(TestInvoker.java:203) ~[testng-7.10.2.jar:7.10.2]
	at org.testng.internal.invokers.TestMethodWorker.invokeTestMethods(TestMethodWorker.java:154) ~[testng-7.10.2.jar:7.10.2]
	at org.testng.internal.invokers.TestMethodWorker.run(TestMethodWorker.java:134) ~[testng-7.10.2.jar:7.10.2]
	at java.base/java.util.ArrayList.forEach(ArrayList.java:1511) [?:?]
	at org.testng.TestRunner.privateRun(TestRunner.java:739) [testng-7.10.2.jar:7.10.2]
	at org.testng.TestRunner.run(TestRunner.java:614) [testng-7.10.2.jar:7.10.2]
	at org.testng.SuiteRunner.runTest(SuiteRunner.java:421) [testng-7.10.2.jar:7.10.2]
	at org.testng.SuiteRunner.runSequentially(SuiteRunner.java:413) [testng-7.10.2.jar:7.10.2]
	at org.testng.SuiteRunner.privateRun(SuiteRunner.java:373) [testng-7.10.2.jar:7.10.2]
	at org.testng.SuiteRunner.run(SuiteRunner.java:312) [testng-7.10.2.jar:7.10.2]
	at org.testng.SuiteRunnerWorker.runSuite(SuiteRunnerWorker.java:52) [testng-7.10.2.jar:7.10.2]
	at org.testng.SuiteRunnerWorker.run(SuiteRunnerWorker.java:95) [testng-7.10.2.jar:7.10.2]
	at org.testng.TestNG.runSuitesSequentially(TestNG.java:1274) [testng-7.10.2.jar:7.10.2]
	at org.testng.TestNG.runSuitesLocally(TestNG.java:1208) [testng-7.10.2.jar:7.10.2]
	at org.testng.TestNG.runSuites(TestNG.java:1112) [testng-7.10.2.jar:7.10.2]
	at org.testng.TestNG.run(TestNG.java:1079) [testng-7.10.2.jar:7.10.2]
	at org.apache.maven.surefire.testng.TestNGExecutor.run(TestNGExecutor.java:155) [surefire-testng-3.3.0.jar:3.3.0]
	at org.apache.maven.surefire.testng.TestNGDirectoryTestSuite.executeMulti(TestNGDirectoryTestSuite.java:169) [surefire-testng-3.3.0.jar:3.3.0]
	at org.apache.maven.surefire.testng.TestNGDirectoryTestSuite.execute(TestNGDirectoryTestSuite.java:88) [surefire-testng-3.3.0.jar:3.3.0]
	at org.apache.maven.surefire.testng.TestNGProvider.invoke(TestNGProvider.java:137) [surefire-testng-3.3.0.jar:3.3.0]
	at org.apache.maven.surefire.booter.ForkedBooter.runSuitesInProcess(ForkedBooter.java:385) [surefire-booter-3.3.0.jar:3.3.0]
	at org.apache.maven.surefire.booter.ForkedBooter.execute(ForkedBooter.java:162) [surefire-booter-3.3.0.jar:3.3.0]
	at org.apache.maven.surefire.booter.ForkedBooter.run(ForkedBooter.java:507) [surefire-booter-3.3.0.jar:3.3.0]
	at org.apache.maven.surefire.booter.ForkedBooter.main(ForkedBooter.java:495) [surefire-booter-3.3.0.jar:3.3.0]
2025-05-19 15:50:09 [main] INFO  LoggerUtils - Test Suite Finished: Surefire test
2025-05-19 23:27:38 [main] INFO  LoggerUtils - Test Suite Started: Surefire test
2025-05-19 23:27:38 [main] INFO  LoggerUtils - Browser passed from testng.xml or Hooks: chrome
2025-05-19 23:27:47 [main] INFO  LoggerUtils - Navigated to application and LoginPage initialized
2025-05-19 23:27:47 [main] INFO  LoggerUtils - Test Started: loginToApplication
2025-05-19 23:28:27 [main] ERROR LoggerUtils - Failed to click element: no such element: Unable to locate element: {"method":"xpath","selector":"//a[@data-title='Login']"}
  (Session info: chrome=136.0.7103.114)
For documentation on this error, please visit: https://www.selenium.dev/documentation/webdriver/troubleshooting/errors#no-such-element-exception
Build info: version: '4.29.0', revision: '5fc1ec94cb'
System info: os.name: 'Mac OS X', os.arch: 'aarch64', os.version: '15.4.1', java.version: '17.0.12'
Driver info: org.openqa.selenium.chrome.ChromeDriver
Command: [e02ffa4dde653db33d8ea387305fe983, findElement {value=//a[@data-title='Login'], using=xpath}]
Capabilities {acceptInsecureCerts: false, browserName: chrome, browserVersion: 136.0.7103.114, chrome: {chromedriverVersion: 136.0.7103.94 (fa0be0b33deb..., userDataDir: /var/folders/f3/7d9mby7j7yj...}, fedcm:accounts: true, goog:chromeOptions: {debuggerAddress: localhost:62264}, networkConnectionEnabled: false, pageLoadStrategy: normal, platformName: mac, proxy: Proxy(), se:cdp: ws://localhost:62264/devtoo..., se:cdpVersion: 136.0.7103.114, setWindowRect: true, strictFileInteractability: false, timeouts: {implicit: 0, pageLoad: 300000, script: 30000}, unhandledPromptBehavior: dismiss and notify, webauthn:extension:credBlob: true, webauthn:extension:largeBlob: true, webauthn:extension:minPinLength: true, webauthn:extension:prf: true, webauthn:virtualAuthenticators: true}
Session ID: e02ffa4dde653db33d8ea387305fe983
2025-05-19 23:29:07 [main] ERROR LoggerUtils - Test Failed: loginToApplication
2025-05-19 23:29:07 [main] ERROR LoggerUtils - Exception: 
org.openqa.selenium.NoSuchElementException: no such element: Unable to locate element: {"method":"xpath","selector":"//a[@data-title='Login']"}
  (Session info: chrome=136.0.7103.114)
For documentation on this error, please visit: https://www.selenium.dev/documentation/webdriver/troubleshooting/errors#no-such-element-exception
Build info: version: '4.29.0', revision: '5fc1ec94cb'
System info: os.name: 'Mac OS X', os.arch: 'aarch64', os.version: '15.4.1', java.version: '17.0.12'
Driver info: org.openqa.selenium.chrome.ChromeDriver
Command: [e02ffa4dde653db33d8ea387305fe983, findElement {value=//a[@data-title='Login'], using=xpath}]
Capabilities {acceptInsecureCerts: false, browserName: chrome, browserVersion: 136.0.7103.114, chrome: {chromedriverVersion: 136.0.7103.94 (fa0be0b33deb..., userDataDir: /var/folders/f3/7d9mby7j7yj...}, fedcm:accounts: true, goog:chromeOptions: {debuggerAddress: localhost:62264}, networkConnectionEnabled: false, pageLoadStrategy: normal, platformName: mac, proxy: Proxy(), se:cdp: ws://localhost:62264/devtoo..., se:cdpVersion: 136.0.7103.114, setWindowRect: true, strictFileInteractability: false, timeouts: {implicit: 0, pageLoad: 300000, script: 30000}, unhandledPromptBehavior: dismiss and notify, webauthn:extension:credBlob: true, webauthn:extension:largeBlob: true, webauthn:extension:minPinLength: true, webauthn:extension:prf: true, webauthn:virtualAuthenticators: true}
Session ID: e02ffa4dde653db33d8ea387305fe983
	at java.base/jdk.internal.reflect.NativeConstructorAccessorImpl.newInstance0(Native Method) ~[?:?]
	at java.base/jdk.internal.reflect.NativeConstructorAccessorImpl.newInstance(NativeConstructorAccessorImpl.java:77) ~[?:?]
	at java.base/jdk.internal.reflect.DelegatingConstructorAccessorImpl.newInstance(DelegatingConstructorAccessorImpl.java:45) ~[?:?]
	at java.base/java.lang.reflect.Constructor.newInstanceWithCaller(Constructor.java:499) ~[?:?]
	at java.base/java.lang.reflect.Constructor.newInstance(Constructor.java:480) ~[?:?]
	at org.openqa.selenium.remote.ErrorCodec.decode(ErrorCodec.java:167) ~[selenium-remote-driver-4.29.0.jar:?]
	at org.openqa.selenium.remote.codec.w3c.W3CHttpResponseCodec.decode(W3CHttpResponseCodec.java:138) ~[selenium-remote-driver-4.29.0.jar:?]
	at org.openqa.selenium.remote.codec.w3c.W3CHttpResponseCodec.decode(W3CHttpResponseCodec.java:50) ~[selenium-remote-driver-4.29.0.jar:?]
	at org.openqa.selenium.remote.HttpCommandExecutor.execute(HttpCommandExecutor.java:215) ~[selenium-remote-driver-4.29.0.jar:?]
	at org.openqa.selenium.remote.service.DriverCommandExecutor.invokeExecute(DriverCommandExecutor.java:216) ~[selenium-remote-driver-4.29.0.jar:?]
	at org.openqa.selenium.remote.service.DriverCommandExecutor.execute(DriverCommandExecutor.java:174) ~[selenium-remote-driver-4.29.0.jar:?]
	at org.openqa.selenium.remote.RemoteWebDriver.execute(RemoteWebDriver.java:545) ~[selenium-remote-driver-4.29.0.jar:?]
	at org.openqa.selenium.remote.ElementLocation$ElementFinder$2.findElement(ElementLocation.java:165) ~[selenium-remote-driver-4.29.0.jar:?]
	at org.openqa.selenium.remote.ElementLocation.findElement(ElementLocation.java:59) ~[selenium-remote-driver-4.29.0.jar:?]
	at org.openqa.selenium.remote.RemoteWebDriver.findElement(RemoteWebDriver.java:368) ~[selenium-remote-driver-4.29.0.jar:?]
	at org.openqa.selenium.remote.RemoteWebDriver.findElement(RemoteWebDriver.java:362) ~[selenium-remote-driver-4.29.0.jar:?]
	at org.openqa.selenium.support.pagefactory.DefaultElementLocator.findElement(DefaultElementLocator.java:68) ~[selenium-support-4.29.0.jar:?]
	at org.openqa.selenium.support.pagefactory.internal.LocatingElementHandler.invoke(LocatingElementHandler.java:38) ~[selenium-support-4.29.0.jar:?]
	at jdk.proxy2/jdk.proxy2.$Proxy30.click(Unknown Source) ~[?:?]
	at utlity.SeleniumCommonUtils.clickElement(SeleniumCommonUtils.java:37) ~[classes/:?]
	at pages.LoginPage.loginToApplication(LoginPage.java:37) ~[classes/:?]
	at ui.testcases.DemoTest.loginToApplication(DemoTest.java:19) ~[test-classes/:?]
	at java.base/jdk.internal.reflect.NativeMethodAccessorImpl.invoke0(Native Method) ~[?:?]
	at java.base/jdk.internal.reflect.NativeMethodAccessorImpl.invoke(NativeMethodAccessorImpl.java:77) ~[?:?]
	at java.base/jdk.internal.reflect.DelegatingMethodAccessorImpl.invoke(DelegatingMethodAccessorImpl.java:43) ~[?:?]
	at java.base/java.lang.reflect.Method.invoke(Method.java:568) ~[?:?]
	at org.testng.internal.invokers.MethodInvocationHelper.invokeMethod(MethodInvocationHelper.java:141) ~[testng-7.10.2.jar:7.10.2]
	at org.testng.internal.invokers.TestInvoker.invokeMethod(TestInvoker.java:686) ~[testng-7.10.2.jar:7.10.2]
	at org.testng.internal.invokers.TestInvoker.invokeTestMethod(TestInvoker.java:230) ~[testng-7.10.2.jar:7.10.2]
	at org.testng.internal.invokers.MethodRunner.runInSequence(MethodRunner.java:63) ~[testng-7.10.2.jar:7.10.2]
	at org.testng.internal.invokers.TestInvoker$MethodInvocationAgent.invoke(TestInvoker.java:992) ~[testng-7.10.2.jar:7.10.2]
	at org.testng.internal.invokers.TestInvoker.invokeTestMethods(TestInvoker.java:203) ~[testng-7.10.2.jar:7.10.2]
	at org.testng.internal.invokers.TestMethodWorker.invokeTestMethods(TestMethodWorker.java:154) ~[testng-7.10.2.jar:7.10.2]
	at org.testng.internal.invokers.TestMethodWorker.run(TestMethodWorker.java:134) ~[testng-7.10.2.jar:7.10.2]
	at java.base/java.util.ArrayList.forEach(ArrayList.java:1511) [?:?]
	at org.testng.TestRunner.privateRun(TestRunner.java:739) [testng-7.10.2.jar:7.10.2]
	at org.testng.TestRunner.run(TestRunner.java:614) [testng-7.10.2.jar:7.10.2]
	at org.testng.SuiteRunner.runTest(SuiteRunner.java:421) [testng-7.10.2.jar:7.10.2]
	at org.testng.SuiteRunner.runSequentially(SuiteRunner.java:413) [testng-7.10.2.jar:7.10.2]
	at org.testng.SuiteRunner.privateRun(SuiteRunner.java:373) [testng-7.10.2.jar:7.10.2]
	at org.testng.SuiteRunner.run(SuiteRunner.java:312) [testng-7.10.2.jar:7.10.2]
	at org.testng.SuiteRunnerWorker.runSuite(SuiteRunnerWorker.java:52) [testng-7.10.2.jar:7.10.2]
	at org.testng.SuiteRunnerWorker.run(SuiteRunnerWorker.java:95) [testng-7.10.2.jar:7.10.2]
	at org.testng.TestNG.runSuitesSequentially(TestNG.java:1274) [testng-7.10.2.jar:7.10.2]
	at org.testng.TestNG.runSuitesLocally(TestNG.java:1208) [testng-7.10.2.jar:7.10.2]
	at org.testng.TestNG.runSuites(TestNG.java:1112) [testng-7.10.2.jar:7.10.2]
	at org.testng.TestNG.run(TestNG.java:1079) [testng-7.10.2.jar:7.10.2]
	at org.apache.maven.surefire.testng.TestNGExecutor.run(TestNGExecutor.java:155) [surefire-testng-3.3.0.jar:3.3.0]
	at org.apache.maven.surefire.testng.TestNGDirectoryTestSuite.executeMulti(TestNGDirectoryTestSuite.java:169) [surefire-testng-3.3.0.jar:3.3.0]
	at org.apache.maven.surefire.testng.TestNGDirectoryTestSuite.execute(TestNGDirectoryTestSuite.java:88) [surefire-testng-3.3.0.jar:3.3.0]
	at org.apache.maven.surefire.testng.TestNGProvider.invoke(TestNGProvider.java:137) [surefire-testng-3.3.0.jar:3.3.0]
	at org.apache.maven.surefire.booter.ForkedBooter.runSuitesInProcess(ForkedBooter.java:385) [surefire-booter-3.3.0.jar:3.3.0]
	at org.apache.maven.surefire.booter.ForkedBooter.execute(ForkedBooter.java:162) [surefire-booter-3.3.0.jar:3.3.0]
	at org.apache.maven.surefire.booter.ForkedBooter.run(ForkedBooter.java:507) [surefire-booter-3.3.0.jar:3.3.0]
	at org.apache.maven.surefire.booter.ForkedBooter.main(ForkedBooter.java:495) [surefire-booter-3.3.0.jar:3.3.0]
2025-05-19 23:29:07 [main] INFO  LoggerUtils - Screenshot saved at: ./screenshots/loginToApplication_20250519_232907.png
2025-05-19 23:29:07 [main] INFO  LoggerUtils - Browser passed from testng.xml or Hooks: chrome
2025-05-19 23:29:14 [main] INFO  LoggerUtils - Navigated to application and LoginPage initialized
2025-05-19 23:29:14 [main] INFO  LoggerUtils - Test Started: loginWithvalidUserTest
2025-05-19 23:29:15 [main] INFO  LoggerUtils - Clicked on element: [[ChromeDriver: chrome on mac (730a552ca5c65d6eb7d37ebf23642e55)] -> xpath: //a[normalize-space()='Signup / Login']]
2025-05-19 23:29:15 [main] INFO  LoggerUtils - Fetched text: New User Signup!
2025-05-19 23:30:35 [main] INFO  LoggerUtils - Entered text: rohit
2025-05-19 23:31:55 [main] INFO  LoggerUtils - Entered text: aiycmf@gmail.com
2025-05-19 23:31:55 [main] INFO  LoggerUtils - Clicked on element: [[ChromeDriver: chrome on mac (730a552ca5c65d6eb7d37ebf23642e55)] -> xpath: //div[@class='signup-form']//button[@type='submit']]
2025-05-19 23:31:59 [main] INFO  LoggerUtils - Fetched attribute [value] with value: rohit
2025-05-19 23:31:59 [main] INFO  LoggerUtils - Fetched attribute [value] with value: aiycmf@gmail.com
2025-05-19 23:31:59 [main] INFO  LoggerUtils - Clicked on element: [[ChromeDriver: chrome on mac (730a552ca5c65d6eb7d37ebf23642e55)] -> css selector: #uniform-id_gender1]
2025-05-19 23:31:59 [main] INFO  LoggerUtils - Entered text: Nov@1122!0091
2025-05-19 23:31:59 [main] INFO  LoggerUtils - Selected value from dropdown by value: 5
2025-05-19 23:31:59 [main] INFO  LoggerUtils - Selected value from dropdown by value: 4
2025-05-19 23:31:59 [main] INFO  LoggerUtils - Selected value from dropdown by value: 2020
2025-05-19 23:31:59 [main] INFO  LoggerUtils - Entered text: rohit
2025-05-19 23:31:59 [main] INFO  LoggerUtils - Entered text: singh
2025-05-19 23:31:59 [main] INFO  LoggerUtils - Entered text: Coforge
2025-05-19 23:31:59 [main] INFO  LoggerUtils - Entered text: noida
2025-05-19 23:31:59 [main] INFO  LoggerUtils - Selected value from dropdown by value: India
2025-05-19 23:31:59 [main] INFO  LoggerUtils - Entered text: UP
2025-05-19 23:31:59 [main] INFO  LoggerUtils - Entered text: noida
2025-05-19 23:31:59 [main] INFO  LoggerUtils - Entered text: 541234
2025-05-19 23:31:59 [main] INFO  LoggerUtils - Entered text: 7643551111
2025-05-19 23:32:01 [main] INFO  LoggerUtils - Clicked element using JavaScript.
2025-05-19 23:32:01 [main] INFO  LoggerUtils - Fetched text: ACCOUNT CREATED!
2025-05-19 23:32:01 [main] INFO  LoggerUtils - Fetched text: Congratulations! Your new account has been successfully created!
2025-05-19 23:32:07 [main] INFO  LoggerUtils - Clicked element using JavaScript.
2025-05-19 23:32:07 [main] INFO  LoggerUtils - Fetched text: rohit
2025-05-19 23:32:49 [main] INFO  LoggerUtils - Clicked on element: Proxy element for: DefaultElementLocator 'By.xpath: //a[normalize-space()='Logout']'
2025-05-19 23:33:32 [main] INFO  LoggerUtils - Clicked on element: [[ChromeDriver: chrome on mac (730a552ca5c65d6eb7d37ebf23642e55)] -> xpath: //a[normalize-space()='Signup / Login']]
2025-05-19 23:33:33 [main] INFO  LoggerUtils - Entered text: aiycmf@gmail.com
2025-05-19 23:33:33 [main] INFO  LoggerUtils - Entered text: Nov@1122!0091
2025-05-19 23:33:33 [main] INFO  LoggerUtils - Clicked on element: [[ChromeDriver: chrome on mac (730a552ca5c65d6eb7d37ebf23642e55)] -> xpath: //form[@action='/login']/button[text()='Login']]
2025-05-19 23:33:40 [main] INFO  LoggerUtils - Fetched text: rohit
2025-05-19 23:34:21 [main] INFO  LoggerUtils - Clicked on element: Proxy element for: DefaultElementLocator 'By.xpath: //a[normalize-space()='Delete Account']'
2025-05-19 23:35:01 [main] INFO  LoggerUtils - Fetched text: ACCOUNT DELETED!
2025-05-19 23:35:01 [main] INFO  LoggerUtils - Fetched text: Your account has been permanently deleted!
2025-05-19 23:35:54 [main] INFO  LoggerUtils - Clicked on element: Proxy element for: DefaultElementLocator 'By.xpath: //a[text()='Continue']'
2025-05-19 23:37:14 [main] INFO  LoggerUtils - Test Passed: loginWithvalidUserTest
2025-05-19 23:37:14 [main] INFO  LoggerUtils - Browser passed from testng.xml or Hooks: chrome
2025-05-19 23:37:20 [main] INFO  LoggerUtils - Navigated to application and LoginPage initialized
2025-05-19 23:37:20 [main] INFO  LoggerUtils - Test Started: registeruserTest
2025-05-19 23:37:22 [main] INFO  LoggerUtils - Clicked on element: [[ChromeDriver: chrome on mac (9b0eddc537c3d4968d3435129148eeca)] -> xpath: //a[normalize-space()='Signup / Login']]
2025-05-19 23:37:22 [main] INFO  LoggerUtils - Fetched text: New User Signup!
2025-05-19 23:38:42 [main] INFO  LoggerUtils - Entered text: rohit
2025-05-19 23:40:02 [main] INFO  LoggerUtils - Entered text: cejxjp@gmail.com
2025-05-19 23:40:02 [main] INFO  LoggerUtils - Clicked on element: [[ChromeDriver: chrome on mac (9b0eddc537c3d4968d3435129148eeca)] -> xpath: //div[@class='signup-form']//button[@type='submit']]
2025-05-19 23:40:09 [main] INFO  LoggerUtils - Fetched attribute [value] with value: rohit
2025-05-19 23:40:09 [main] INFO  LoggerUtils - Fetched attribute [value] with value: cejxjp@gmail.com
2025-05-19 23:40:09 [main] INFO  LoggerUtils - Clicked on element: [[ChromeDriver: chrome on mac (9b0eddc537c3d4968d3435129148eeca)] -> css selector: #uniform-id_gender1]
2025-05-19 23:40:09 [main] INFO  LoggerUtils - Entered text: Nov@1122!0091
2025-05-19 23:40:10 [main] INFO  LoggerUtils - Selected value from dropdown by value: 5
2025-05-19 23:40:10 [main] INFO  LoggerUtils - Selected value from dropdown by value: 4
2025-05-19 23:40:10 [main] INFO  LoggerUtils - Selected value from dropdown by value: 2020
2025-05-19 23:40:10 [main] INFO  LoggerUtils - Entered text: rohit
2025-05-19 23:40:10 [main] INFO  LoggerUtils - Entered text: singh
2025-05-19 23:40:10 [main] INFO  LoggerUtils - Entered text: Coforge
2025-05-19 23:40:10 [main] INFO  LoggerUtils - Entered text: noida
2025-05-19 23:40:10 [main] INFO  LoggerUtils - Selected value from dropdown by value: India
2025-05-19 23:40:10 [main] INFO  LoggerUtils - Entered text: UP
2025-05-19 23:40:10 [main] INFO  LoggerUtils - Entered text: noida
2025-05-19 23:40:10 [main] INFO  LoggerUtils - Entered text: 541234
2025-05-19 23:40:10 [main] INFO  LoggerUtils - Entered text: 7643551111
2025-05-19 23:40:12 [main] INFO  LoggerUtils - Clicked element using JavaScript.
2025-05-19 23:40:12 [main] INFO  LoggerUtils - Fetched text: ACCOUNT CREATED!
2025-05-19 23:40:12 [main] INFO  LoggerUtils - Fetched text: Congratulations! Your new account has been successfully created!
2025-05-19 23:40:19 [main] INFO  LoggerUtils - Clicked element using JavaScript.
2025-05-19 23:40:19 [main] INFO  LoggerUtils - Fetched text: rohit
2025-05-19 23:41:00 [main] INFO  LoggerUtils - Clicked on element: Proxy element for: DefaultElementLocator 'By.xpath: //a[normalize-space()='Delete Account']'
2025-05-19 23:41:40 [main] INFO  LoggerUtils - Fetched text: ACCOUNT DELETED!
2025-05-19 23:41:40 [main] INFO  LoggerUtils - Fetched text: Your account has been permanently deleted!
2025-05-19 23:42:35 [main] INFO  LoggerUtils - Clicked on element: Proxy element for: DefaultElementLocator 'By.xpath: //a[text()='Continue']'
2025-05-19 23:43:56 [main] INFO  LoggerUtils - Test Passed: registeruserTest
2025-05-19 23:43:56 [main] INFO  LoggerUtils - Test Started: ValidateAbletoSearchProducts
2025-05-19 23:43:58 [main] INFO  LoggerUtils - Test Passed: ValidateAbletoSearchProducts
2025-05-19 23:43:58 [main] INFO  LoggerUtils - Test Started: getBookingId
2025-05-19 23:43:59 [main] ERROR LoggerUtils - Test Failed: getBookingId
2025-05-19 23:43:59 [main] ERROR LoggerUtils - Exception: 
java.lang.AssertionError: 1 expectation failed.
Expected content-type "JSON" doesn't match actual content-type "text/html; charset=utf-8".

	at java.base/jdk.internal.reflect.NativeConstructorAccessorImpl.newInstance0(Native Method) ~[?:?]
	at java.base/jdk.internal.reflect.NativeConstructorAccessorImpl.newInstance(NativeConstructorAccessorImpl.java:77) ~[?:?]
	at java.base/jdk.internal.reflect.DelegatingConstructorAccessorImpl.newInstance(DelegatingConstructorAccessorImpl.java:45) ~[?:?]
	at java.base/java.lang.reflect.Constructor.newInstanceWithCaller(Constructor.java:499) ~[?:?]
	at java.base/java.lang.reflect.Constructor.newInstance(Constructor.java:480) ~[?:?]
	at org.codehaus.groovy.reflection.CachedConstructor.invoke(CachedConstructor.java:73) ~[groovy-4.0.6.jar:4.0.6]
	at org.codehaus.groovy.runtime.callsite.ConstructorSite$ConstructorSiteNoUnwrapNoCoerce.callConstructor(ConstructorSite.java:108) ~[groovy-4.0.6.jar:4.0.6]
	at org.codehaus.groovy.runtime.callsite.CallSiteArray.defaultCallConstructor(CallSiteArray.java:57) ~[groovy-4.0.6.jar:4.0.6]
	at org.codehaus.groovy.runtime.callsite.AbstractCallSite.callConstructor(AbstractCallSite.java:263) ~[groovy-4.0.6.jar:4.0.6]
	at org.codehaus.groovy.runtime.callsite.AbstractCallSite.callConstructor(AbstractCallSite.java:277) ~[groovy-4.0.6.jar:4.0.6]
	at io.restassured.internal.ResponseSpecificationImpl$HamcrestAssertionClosure.validate(ResponseSpecificationImpl.groovy:512) ~[rest-assured-5.3.0.jar:?]
	at io.restassured.internal.ResponseSpecificationImpl$HamcrestAssertionClosure$validate$1.call(Unknown Source) ~[?:?]
	at io.restassured.internal.ResponseSpecificationImpl.validate(ResponseSpecificationImpl.groovy:101) ~[rest-assured-5.3.0.jar:?]
	at io.restassured.internal.ValidatableResponseOptionsImpl.spec(ValidatableResponseOptionsImpl.java:288) ~[rest-assured-5.3.0.jar:?]
	at apitest.ApiTest.getBookingId(ApiTest.java:19) ~[test-classes/:?]
	at java.base/jdk.internal.reflect.NativeMethodAccessorImpl.invoke0(Native Method) ~[?:?]
	at java.base/jdk.internal.reflect.NativeMethodAccessorImpl.invoke(NativeMethodAccessorImpl.java:77) ~[?:?]
	at java.base/jdk.internal.reflect.DelegatingMethodAccessorImpl.invoke(DelegatingMethodAccessorImpl.java:43) ~[?:?]
	at java.base/java.lang.reflect.Method.invoke(Method.java:568) ~[?:?]
	at org.testng.internal.invokers.MethodInvocationHelper.invokeMethod(MethodInvocationHelper.java:141) ~[testng-7.10.2.jar:7.10.2]
	at org.testng.internal.invokers.TestInvoker.invokeMethod(TestInvoker.java:686) ~[testng-7.10.2.jar:7.10.2]
	at org.testng.internal.invokers.TestInvoker.invokeTestMethod(TestInvoker.java:230) ~[testng-7.10.2.jar:7.10.2]
	at org.testng.internal.invokers.MethodRunner.runInSequence(MethodRunner.java:63) ~[testng-7.10.2.jar:7.10.2]
	at org.testng.internal.invokers.TestInvoker$MethodInvocationAgent.invoke(TestInvoker.java:992) ~[testng-7.10.2.jar:7.10.2]
	at org.testng.internal.invokers.TestInvoker.invokeTestMethods(TestInvoker.java:203) ~[testng-7.10.2.jar:7.10.2]
	at org.testng.internal.invokers.TestMethodWorker.invokeTestMethods(TestMethodWorker.java:154) ~[testng-7.10.2.jar:7.10.2]
	at org.testng.internal.invokers.TestMethodWorker.run(TestMethodWorker.java:134) ~[testng-7.10.2.jar:7.10.2]
	at java.base/java.util.ArrayList.forEach(ArrayList.java:1511) [?:?]
	at org.testng.TestRunner.privateRun(TestRunner.java:739) [testng-7.10.2.jar:7.10.2]
	at org.testng.TestRunner.run(TestRunner.java:614) [testng-7.10.2.jar:7.10.2]
	at org.testng.SuiteRunner.runTest(SuiteRunner.java:421) [testng-7.10.2.jar:7.10.2]
	at org.testng.SuiteRunner.runSequentially(SuiteRunner.java:413) [testng-7.10.2.jar:7.10.2]
	at org.testng.SuiteRunner.privateRun(SuiteRunner.java:373) [testng-7.10.2.jar:7.10.2]
	at org.testng.SuiteRunner.run(SuiteRunner.java:312) [testng-7.10.2.jar:7.10.2]
	at org.testng.SuiteRunnerWorker.runSuite(SuiteRunnerWorker.java:52) [testng-7.10.2.jar:7.10.2]
	at org.testng.SuiteRunnerWorker.run(SuiteRunnerWorker.java:95) [testng-7.10.2.jar:7.10.2]
	at org.testng.TestNG.runSuitesSequentially(TestNG.java:1274) [testng-7.10.2.jar:7.10.2]
	at org.testng.TestNG.runSuitesLocally(TestNG.java:1208) [testng-7.10.2.jar:7.10.2]
	at org.testng.TestNG.runSuites(TestNG.java:1112) [testng-7.10.2.jar:7.10.2]
	at org.testng.TestNG.run(TestNG.java:1079) [testng-7.10.2.jar:7.10.2]
	at org.apache.maven.surefire.testng.TestNGExecutor.run(TestNGExecutor.java:155) [surefire-testng-3.3.0.jar:3.3.0]
	at org.apache.maven.surefire.testng.TestNGDirectoryTestSuite.executeMulti(TestNGDirectoryTestSuite.java:169) [surefire-testng-3.3.0.jar:3.3.0]
	at org.apache.maven.surefire.testng.TestNGDirectoryTestSuite.execute(TestNGDirectoryTestSuite.java:88) [surefire-testng-3.3.0.jar:3.3.0]
	at org.apache.maven.surefire.testng.TestNGProvider.invoke(TestNGProvider.java:137) [surefire-testng-3.3.0.jar:3.3.0]
	at org.apache.maven.surefire.booter.ForkedBooter.runSuitesInProcess(ForkedBooter.java:385) [surefire-booter-3.3.0.jar:3.3.0]
	at org.apache.maven.surefire.booter.ForkedBooter.execute(ForkedBooter.java:162) [surefire-booter-3.3.0.jar:3.3.0]
	at org.apache.maven.surefire.booter.ForkedBooter.run(ForkedBooter.java:507) [surefire-booter-3.3.0.jar:3.3.0]
	at org.apache.maven.surefire.booter.ForkedBooter.main(ForkedBooter.java:495) [surefire-booter-3.3.0.jar:3.3.0]
2025-05-19 23:43:59 [main] ERROR LoggerUtils - Test Failed: getBookingId
2025-05-19 23:43:59 [main] ERROR LoggerUtils - Exception: 
java.lang.IllegalStateException: WebDriver not initialized for current thread!
	at driver.DriverManager.getDriver(DriverManager.java:97) ~[classes/:?]
	at utlity.SeleniumCommonUtils.captureScreenshot(SeleniumCommonUtils.java:100) ~[classes/:?]
	at listeners.SeleniumListener.onTestFailure(SeleniumListener.java:43) ~[classes/:?]
	at org.testng.internal.TestListenerHelper.runTestListeners(TestListenerHelper.java:115) ~[testng-7.10.2.jar:7.10.2]
	at org.testng.internal.invokers.TestInvoker.runTestResultListener(TestInvoker.java:285) ~[testng-7.10.2.jar:7.10.2]
	at org.testng.internal.invokers.TestInvoker.invokeMethod(TestInvoker.java:774) ~[testng-7.10.2.jar:7.10.2]
	at org.testng.internal.invokers.TestInvoker.invokeTestMethod(TestInvoker.java:230) ~[testng-7.10.2.jar:7.10.2]
	at org.testng.internal.invokers.MethodRunner.runInSequence(MethodRunner.java:63) ~[testng-7.10.2.jar:7.10.2]
	at org.testng.internal.invokers.TestInvoker$MethodInvocationAgent.invoke(TestInvoker.java:992) ~[testng-7.10.2.jar:7.10.2]
	at org.testng.internal.invokers.TestInvoker.invokeTestMethods(TestInvoker.java:203) ~[testng-7.10.2.jar:7.10.2]
	at org.testng.internal.invokers.TestMethodWorker.invokeTestMethods(TestMethodWorker.java:154) ~[testng-7.10.2.jar:7.10.2]
	at org.testng.internal.invokers.TestMethodWorker.run(TestMethodWorker.java:134) ~[testng-7.10.2.jar:7.10.2]
	at java.base/java.util.ArrayList.forEach(ArrayList.java:1511) [?:?]
	at org.testng.TestRunner.privateRun(TestRunner.java:739) [testng-7.10.2.jar:7.10.2]
	at org.testng.TestRunner.run(TestRunner.java:614) [testng-7.10.2.jar:7.10.2]
	at org.testng.SuiteRunner.runTest(SuiteRunner.java:421) [testng-7.10.2.jar:7.10.2]
	at org.testng.SuiteRunner.runSequentially(SuiteRunner.java:413) [testng-7.10.2.jar:7.10.2]
	at org.testng.SuiteRunner.privateRun(SuiteRunner.java:373) [testng-7.10.2.jar:7.10.2]
	at org.testng.SuiteRunner.run(SuiteRunner.java:312) [testng-7.10.2.jar:7.10.2]
	at org.testng.SuiteRunnerWorker.runSuite(SuiteRunnerWorker.java:52) [testng-7.10.2.jar:7.10.2]
	at org.testng.SuiteRunnerWorker.run(SuiteRunnerWorker.java:95) [testng-7.10.2.jar:7.10.2]
	at org.testng.TestNG.runSuitesSequentially(TestNG.java:1274) [testng-7.10.2.jar:7.10.2]
	at org.testng.TestNG.runSuitesLocally(TestNG.java:1208) [testng-7.10.2.jar:7.10.2]
	at org.testng.TestNG.runSuites(TestNG.java:1112) [testng-7.10.2.jar:7.10.2]
	at org.testng.TestNG.run(TestNG.java:1079) [testng-7.10.2.jar:7.10.2]
	at org.apache.maven.surefire.testng.TestNGExecutor.run(TestNGExecutor.java:155) [surefire-testng-3.3.0.jar:3.3.0]
	at org.apache.maven.surefire.testng.TestNGDirectoryTestSuite.executeMulti(TestNGDirectoryTestSuite.java:169) [surefire-testng-3.3.0.jar:3.3.0]
	at org.apache.maven.surefire.testng.TestNGDirectoryTestSuite.execute(TestNGDirectoryTestSuite.java:88) [surefire-testng-3.3.0.jar:3.3.0]
	at org.apache.maven.surefire.testng.TestNGProvider.invoke(TestNGProvider.java:137) [surefire-testng-3.3.0.jar:3.3.0]
	at org.apache.maven.surefire.booter.ForkedBooter.runSuitesInProcess(ForkedBooter.java:385) [surefire-booter-3.3.0.jar:3.3.0]
	at org.apache.maven.surefire.booter.ForkedBooter.execute(ForkedBooter.java:162) [surefire-booter-3.3.0.jar:3.3.0]
	at org.apache.maven.surefire.booter.ForkedBooter.run(ForkedBooter.java:507) [surefire-booter-3.3.0.jar:3.3.0]
	at org.apache.maven.surefire.booter.ForkedBooter.main(ForkedBooter.java:495) [surefire-booter-3.3.0.jar:3.3.0]
2025-05-19 23:44:00 [main] INFO  LoggerUtils - Test Suite Finished: Surefire test
2025-05-20 00:04:22 [main] INFO  LoggerUtils - Test Suite Started: Surefire test
2025-05-20 00:04:22 [main] INFO  LoggerUtils - Test Started: ValidateAbletoSearchProducts
2025-05-20 00:04:25 [main] INFO  LoggerUtils - Test Passed: ValidateAbletoSearchProducts
2025-05-20 00:04:25 [main] INFO  LoggerUtils - Test Started: getBookingId
2025-05-20 00:04:27 [main] ERROR LoggerUtils - Test Failed: getBookingId
2025-05-20 00:04:27 [main] ERROR LoggerUtils - Exception: 
java.lang.AssertionError: 1 expectation failed.
Expected content-type "JSON" doesn't match actual content-type "text/html; charset=utf-8".

	at java.base/jdk.internal.reflect.NativeConstructorAccessorImpl.newInstance0(Native Method) ~[?:?]
	at java.base/jdk.internal.reflect.NativeConstructorAccessorImpl.newInstance(NativeConstructorAccessorImpl.java:77) ~[?:?]
	at java.base/jdk.internal.reflect.DelegatingConstructorAccessorImpl.newInstance(DelegatingConstructorAccessorImpl.java:45) ~[?:?]
	at java.base/java.lang.reflect.Constructor.newInstanceWithCaller(Constructor.java:499) ~[?:?]
	at java.base/java.lang.reflect.Constructor.newInstance(Constructor.java:480) ~[?:?]
	at org.codehaus.groovy.reflection.CachedConstructor.invoke(CachedConstructor.java:73) ~[groovy-4.0.6.jar:4.0.6]
	at org.codehaus.groovy.runtime.callsite.ConstructorSite$ConstructorSiteNoUnwrapNoCoerce.callConstructor(ConstructorSite.java:108) ~[groovy-4.0.6.jar:4.0.6]
	at org.codehaus.groovy.runtime.callsite.CallSiteArray.defaultCallConstructor(CallSiteArray.java:57) ~[groovy-4.0.6.jar:4.0.6]
	at org.codehaus.groovy.runtime.callsite.AbstractCallSite.callConstructor(AbstractCallSite.java:263) ~[groovy-4.0.6.jar:4.0.6]
	at org.codehaus.groovy.runtime.callsite.AbstractCallSite.callConstructor(AbstractCallSite.java:277) ~[groovy-4.0.6.jar:4.0.6]
	at io.restassured.internal.ResponseSpecificationImpl$HamcrestAssertionClosure.validate(ResponseSpecificationImpl.groovy:512) ~[rest-assured-5.3.0.jar:?]
	at io.restassured.internal.ResponseSpecificationImpl$HamcrestAssertionClosure$validate$1.call(Unknown Source) ~[?:?]
	at io.restassured.internal.ResponseSpecificationImpl.validate(ResponseSpecificationImpl.groovy:101) ~[rest-assured-5.3.0.jar:?]
	at io.restassured.internal.ValidatableResponseOptionsImpl.spec(ValidatableResponseOptionsImpl.java:288) ~[rest-assured-5.3.0.jar:?]
	at apitest.ApiTest.getBookingId(ApiTest.java:19) ~[test-classes/:?]
	at java.base/jdk.internal.reflect.NativeMethodAccessorImpl.invoke0(Native Method) ~[?:?]
	at java.base/jdk.internal.reflect.NativeMethodAccessorImpl.invoke(NativeMethodAccessorImpl.java:77) ~[?:?]
	at java.base/jdk.internal.reflect.DelegatingMethodAccessorImpl.invoke(DelegatingMethodAccessorImpl.java:43) ~[?:?]
	at java.base/java.lang.reflect.Method.invoke(Method.java:568) ~[?:?]
	at org.testng.internal.invokers.MethodInvocationHelper.invokeMethod(MethodInvocationHelper.java:141) ~[testng-7.10.2.jar:7.10.2]
	at org.testng.internal.invokers.TestInvoker.invokeMethod(TestInvoker.java:686) ~[testng-7.10.2.jar:7.10.2]
	at org.testng.internal.invokers.TestInvoker.invokeTestMethod(TestInvoker.java:230) ~[testng-7.10.2.jar:7.10.2]
	at org.testng.internal.invokers.MethodRunner.runInSequence(MethodRunner.java:63) ~[testng-7.10.2.jar:7.10.2]
	at org.testng.internal.invokers.TestInvoker$MethodInvocationAgent.invoke(TestInvoker.java:992) ~[testng-7.10.2.jar:7.10.2]
	at org.testng.internal.invokers.TestInvoker.invokeTestMethods(TestInvoker.java:203) ~[testng-7.10.2.jar:7.10.2]
	at org.testng.internal.invokers.TestMethodWorker.invokeTestMethods(TestMethodWorker.java:154) ~[testng-7.10.2.jar:7.10.2]
	at org.testng.internal.invokers.TestMethodWorker.run(TestMethodWorker.java:134) ~[testng-7.10.2.jar:7.10.2]
	at java.base/java.util.ArrayList.forEach(ArrayList.java:1511) [?:?]
	at org.testng.TestRunner.privateRun(TestRunner.java:739) [testng-7.10.2.jar:7.10.2]
	at org.testng.TestRunner.run(TestRunner.java:614) [testng-7.10.2.jar:7.10.2]
	at org.testng.SuiteRunner.runTest(SuiteRunner.java:421) [testng-7.10.2.jar:7.10.2]
	at org.testng.SuiteRunner.runSequentially(SuiteRunner.java:413) [testng-7.10.2.jar:7.10.2]
	at org.testng.SuiteRunner.privateRun(SuiteRunner.java:373) [testng-7.10.2.jar:7.10.2]
	at org.testng.SuiteRunner.run(SuiteRunner.java:312) [testng-7.10.2.jar:7.10.2]
	at org.testng.SuiteRunnerWorker.runSuite(SuiteRunnerWorker.java:52) [testng-7.10.2.jar:7.10.2]
	at org.testng.SuiteRunnerWorker.run(SuiteRunnerWorker.java:95) [testng-7.10.2.jar:7.10.2]
	at org.testng.TestNG.runSuitesSequentially(TestNG.java:1274) [testng-7.10.2.jar:7.10.2]
	at org.testng.TestNG.runSuitesLocally(TestNG.java:1208) [testng-7.10.2.jar:7.10.2]
	at org.testng.TestNG.runSuites(TestNG.java:1112) [testng-7.10.2.jar:7.10.2]
	at org.testng.TestNG.run(TestNG.java:1079) [testng-7.10.2.jar:7.10.2]
	at org.apache.maven.surefire.testng.TestNGExecutor.run(TestNGExecutor.java:155) [surefire-testng-3.3.0.jar:3.3.0]
	at org.apache.maven.surefire.testng.TestNGDirectoryTestSuite.executeMulti(TestNGDirectoryTestSuite.java:169) [surefire-testng-3.3.0.jar:3.3.0]
	at org.apache.maven.surefire.testng.TestNGDirectoryTestSuite.execute(TestNGDirectoryTestSuite.java:88) [surefire-testng-3.3.0.jar:3.3.0]
	at org.apache.maven.surefire.testng.TestNGProvider.invoke(TestNGProvider.java:137) [surefire-testng-3.3.0.jar:3.3.0]
	at org.apache.maven.surefire.booter.ForkedBooter.runSuitesInProcess(ForkedBooter.java:385) [surefire-booter-3.3.0.jar:3.3.0]
	at org.apache.maven.surefire.booter.ForkedBooter.execute(ForkedBooter.java:162) [surefire-booter-3.3.0.jar:3.3.0]
	at org.apache.maven.surefire.booter.ForkedBooter.run(ForkedBooter.java:507) [surefire-booter-3.3.0.jar:3.3.0]
	at org.apache.maven.surefire.booter.ForkedBooter.main(ForkedBooter.java:495) [surefire-booter-3.3.0.jar:3.3.0]
2025-05-20 00:04:27 [main] ERROR LoggerUtils - Test Failed: getBookingId
2025-05-20 00:04:27 [main] ERROR LoggerUtils - Exception: 
java.lang.IllegalStateException: WebDriver not initialized for current thread!
	at driver.DriverManager.getDriver(DriverManager.java:97) ~[classes/:?]
	at utlity.SeleniumCommonUtils.captureScreenshot(SeleniumCommonUtils.java:100) ~[classes/:?]
	at listeners.SeleniumListener.onTestFailure(SeleniumListener.java:43) ~[classes/:?]
	at org.testng.internal.TestListenerHelper.runTestListeners(TestListenerHelper.java:115) ~[testng-7.10.2.jar:7.10.2]
	at org.testng.internal.invokers.TestInvoker.runTestResultListener(TestInvoker.java:285) ~[testng-7.10.2.jar:7.10.2]
	at org.testng.internal.invokers.TestInvoker.invokeMethod(TestInvoker.java:774) ~[testng-7.10.2.jar:7.10.2]
	at org.testng.internal.invokers.TestInvoker.invokeTestMethod(TestInvoker.java:230) ~[testng-7.10.2.jar:7.10.2]
	at org.testng.internal.invokers.MethodRunner.runInSequence(MethodRunner.java:63) ~[testng-7.10.2.jar:7.10.2]
	at org.testng.internal.invokers.TestInvoker$MethodInvocationAgent.invoke(TestInvoker.java:992) ~[testng-7.10.2.jar:7.10.2]
	at org.testng.internal.invokers.TestInvoker.invokeTestMethods(TestInvoker.java:203) ~[testng-7.10.2.jar:7.10.2]
	at org.testng.internal.invokers.TestMethodWorker.invokeTestMethods(TestMethodWorker.java:154) ~[testng-7.10.2.jar:7.10.2]
	at org.testng.internal.invokers.TestMethodWorker.run(TestMethodWorker.java:134) ~[testng-7.10.2.jar:7.10.2]
	at java.base/java.util.ArrayList.forEach(ArrayList.java:1511) [?:?]
	at org.testng.TestRunner.privateRun(TestRunner.java:739) [testng-7.10.2.jar:7.10.2]
	at org.testng.TestRunner.run(TestRunner.java:614) [testng-7.10.2.jar:7.10.2]
	at org.testng.SuiteRunner.runTest(SuiteRunner.java:421) [testng-7.10.2.jar:7.10.2]
	at org.testng.SuiteRunner.runSequentially(SuiteRunner.java:413) [testng-7.10.2.jar:7.10.2]
	at org.testng.SuiteRunner.privateRun(SuiteRunner.java:373) [testng-7.10.2.jar:7.10.2]
	at org.testng.SuiteRunner.run(SuiteRunner.java:312) [testng-7.10.2.jar:7.10.2]
	at org.testng.SuiteRunnerWorker.runSuite(SuiteRunnerWorker.java:52) [testng-7.10.2.jar:7.10.2]
	at org.testng.SuiteRunnerWorker.run(SuiteRunnerWorker.java:95) [testng-7.10.2.jar:7.10.2]
	at org.testng.TestNG.runSuitesSequentially(TestNG.java:1274) [testng-7.10.2.jar:7.10.2]
	at org.testng.TestNG.runSuitesLocally(TestNG.java:1208) [testng-7.10.2.jar:7.10.2]
	at org.testng.TestNG.runSuites(TestNG.java:1112) [testng-7.10.2.jar:7.10.2]
	at org.testng.TestNG.run(TestNG.java:1079) [testng-7.10.2.jar:7.10.2]
	at org.apache.maven.surefire.testng.TestNGExecutor.run(TestNGExecutor.java:155) [surefire-testng-3.3.0.jar:3.3.0]
	at org.apache.maven.surefire.testng.TestNGDirectoryTestSuite.executeMulti(TestNGDirectoryTestSuite.java:169) [surefire-testng-3.3.0.jar:3.3.0]
	at org.apache.maven.surefire.testng.TestNGDirectoryTestSuite.execute(TestNGDirectoryTestSuite.java:88) [surefire-testng-3.3.0.jar:3.3.0]
	at org.apache.maven.surefire.testng.TestNGProvider.invoke(TestNGProvider.java:137) [surefire-testng-3.3.0.jar:3.3.0]
	at org.apache.maven.surefire.booter.ForkedBooter.runSuitesInProcess(ForkedBooter.java:385) [surefire-booter-3.3.0.jar:3.3.0]
	at org.apache.maven.surefire.booter.ForkedBooter.execute(ForkedBooter.java:162) [surefire-booter-3.3.0.jar:3.3.0]
	at org.apache.maven.surefire.booter.ForkedBooter.run(ForkedBooter.java:507) [surefire-booter-3.3.0.jar:3.3.0]
	at org.apache.maven.surefire.booter.ForkedBooter.main(ForkedBooter.java:495) [surefire-booter-3.3.0.jar:3.3.0]
2025-05-20 00:04:27 [main] INFO  LoggerUtils - Test Suite Finished: Surefire test
2025-05-20 00:19:13 [main] INFO  LoggerUtils - Test Suite Started: Surefire test
2025-05-20 00:19:13 [main] INFO  LoggerUtils - Test Started: ValidateAbletoSearchProducts
2025-05-20 00:19:15 [main] INFO  LoggerUtils - Test Passed: ValidateAbletoSearchProducts
2025-05-20 00:19:15 [main] INFO  LoggerUtils - Test Started: getBookingId
2025-05-20 00:19:17 [main] INFO  LoggerUtils - Test Passed: getBookingId
2025-05-20 00:19:17 [main] INFO  LoggerUtils - Test Suite Finished: Surefire test
2025-05-20 00:20:10 [main] INFO  LoggerUtils - Test Suite Started: Surefire test
2025-05-20 00:20:10 [main] INFO  LoggerUtils - Browser passed from testng.xml or Hooks: chrome
2025-05-20 00:20:18 [main] INFO  LoggerUtils - Navigated to application and LoginPage initialized
2025-05-20 00:20:18 [main] INFO  LoggerUtils - Test Started: loginWithvalidUserTest
2025-05-20 00:20:19 [main] INFO  LoggerUtils - Clicked on element: [[ChromeDriver: chrome on mac (b382e91e256ed488f65d64d774cb1ff6)] -> xpath: //a[normalize-space()='Signup / Login']]
2025-05-20 00:20:19 [main] INFO  LoggerUtils - Fetched text: New User Signup!
2025-05-20 00:21:39 [main] INFO  LoggerUtils - Entered text: rohit
2025-05-20 00:22:19 [main] ERROR LoggerUtils - Failed to type text: invalid session id: session deleted as the browser has closed the connection
from disconnected: unable to send message to renderer
  (Session info: chrome=136.0.7103.114)
Build info: version: '4.29.0', revision: '5fc1ec94cb'
System info: os.name: 'Mac OS X', os.arch: 'aarch64', os.version: '15.4.1', java.version: '17.0.12'
Driver info: org.openqa.selenium.chrome.ChromeDriver
Command: [b382e91e256ed488f65d64d774cb1ff6, findElements {using=xpath, value=//input[@id='email']}]
Capabilities {acceptInsecureCerts: false, browserName: chrome, browserVersion: 136.0.7103.114, chrome: {chromedriverVersion: 136.0.7103.94 (fa0be0b33deb..., userDataDir: /var/folders/f3/7d9mby7j7yj...}, fedcm:accounts: true, goog:chromeOptions: {debuggerAddress: localhost:62982}, networkConnectionEnabled: false, pageLoadStrategy: normal, platformName: mac, proxy: Proxy(), se:cdp: ws://localhost:62982/devtoo..., se:cdpVersion: 136.0.7103.114, setWindowRect: true, strictFileInteractability: false, timeouts: {implicit: 0, pageLoad: 300000, script: 30000}, unhandledPromptBehavior: dismiss and notify, webauthn:extension:credBlob: true, webauthn:extension:largeBlob: true, webauthn:extension:minPinLength: true, webauthn:extension:prf: true, webauthn:virtualAuthenticators: true}
Session ID: b382e91e256ed488f65d64d774cb1ff6
2025-05-20 00:22:19 [main] ERROR LoggerUtils - Test Failed: loginWithvalidUserTest
2025-05-20 00:22:19 [main] ERROR LoggerUtils - Exception: 
org.openqa.selenium.NoSuchSessionException: invalid session id: session deleted as the browser has closed the connection
from disconnected: unable to send message to renderer
  (Session info: chrome=136.0.7103.114)
Build info: version: '4.29.0', revision: '5fc1ec94cb'
System info: os.name: 'Mac OS X', os.arch: 'aarch64', os.version: '15.4.1', java.version: '17.0.12'
Driver info: org.openqa.selenium.chrome.ChromeDriver
Command: [b382e91e256ed488f65d64d774cb1ff6, findElements {using=xpath, value=//input[@id='email']}]
Capabilities {acceptInsecureCerts: false, browserName: chrome, browserVersion: 136.0.7103.114, chrome: {chromedriverVersion: 136.0.7103.94 (fa0be0b33deb..., userDataDir: /var/folders/f3/7d9mby7j7yj...}, fedcm:accounts: true, goog:chromeOptions: {debuggerAddress: localhost:62982}, networkConnectionEnabled: false, pageLoadStrategy: normal, platformName: mac, proxy: Proxy(), se:cdp: ws://localhost:62982/devtoo..., se:cdpVersion: 136.0.7103.114, setWindowRect: true, strictFileInteractability: false, timeouts: {implicit: 0, pageLoad: 300000, script: 30000}, unhandledPromptBehavior: dismiss and notify, webauthn:extension:credBlob: true, webauthn:extension:largeBlob: true, webauthn:extension:minPinLength: true, webauthn:extension:prf: true, webauthn:virtualAuthenticators: true}
Session ID: b382e91e256ed488f65d64d774cb1ff6
	at java.base/jdk.internal.reflect.NativeConstructorAccessorImpl.newInstance0(Native Method) ~[?:?]
	at java.base/jdk.internal.reflect.NativeConstructorAccessorImpl.newInstance(NativeConstructorAccessorImpl.java:77) ~[?:?]
	at java.base/jdk.internal.reflect.DelegatingConstructorAccessorImpl.newInstance(DelegatingConstructorAccessorImpl.java:45) ~[?:?]
	at java.base/java.lang.reflect.Constructor.newInstanceWithCaller(Constructor.java:499) ~[?:?]
	at java.base/java.lang.reflect.Constructor.newInstance(Constructor.java:480) ~[?:?]
	at org.openqa.selenium.remote.ErrorCodec.decode(ErrorCodec.java:167) ~[selenium-remote-driver-4.29.0.jar:?]
	at org.openqa.selenium.remote.codec.w3c.W3CHttpResponseCodec.decode(W3CHttpResponseCodec.java:138) ~[selenium-remote-driver-4.29.0.jar:?]
	at org.openqa.selenium.remote.codec.w3c.W3CHttpResponseCodec.decode(W3CHttpResponseCodec.java:50) ~[selenium-remote-driver-4.29.0.jar:?]
	at org.openqa.selenium.remote.HttpCommandExecutor.execute(HttpCommandExecutor.java:215) ~[selenium-remote-driver-4.29.0.jar:?]
	at org.openqa.selenium.remote.service.DriverCommandExecutor.invokeExecute(DriverCommandExecutor.java:216) ~[selenium-remote-driver-4.29.0.jar:?]
	at org.openqa.selenium.remote.service.DriverCommandExecutor.execute(DriverCommandExecutor.java:174) ~[selenium-remote-driver-4.29.0.jar:?]
	at org.openqa.selenium.remote.RemoteWebDriver.execute(RemoteWebDriver.java:545) ~[selenium-remote-driver-4.29.0.jar:?]
	at org.openqa.selenium.remote.ElementLocation$ElementFinder$2.findElements(ElementLocation.java:182) ~[selenium-remote-driver-4.29.0.jar:?]
	at org.openqa.selenium.remote.ElementLocation.findElements(ElementLocation.java:103) ~[selenium-remote-driver-4.29.0.jar:?]
	at org.openqa.selenium.remote.RemoteWebDriver.findElements(RemoteWebDriver.java:381) ~[selenium-remote-driver-4.29.0.jar:?]
	at org.openqa.selenium.remote.RemoteWebDriver.findElements(RemoteWebDriver.java:375) ~[selenium-remote-driver-4.29.0.jar:?]
	at org.openqa.selenium.support.pagefactory.ByAll.findElement(ByAll.java:52) ~[selenium-support-4.29.0.jar:?]
	at org.openqa.selenium.remote.ElementLocation$ElementFinder$1.findElement(ElementLocation.java:139) ~[selenium-remote-driver-4.29.0.jar:?]
	at org.openqa.selenium.remote.ElementLocation.findElement(ElementLocation.java:59) ~[selenium-remote-driver-4.29.0.jar:?]
	at org.openqa.selenium.remote.RemoteWebDriver.findElement(RemoteWebDriver.java:368) ~[selenium-remote-driver-4.29.0.jar:?]
	at org.openqa.selenium.remote.RemoteWebDriver.findElement(RemoteWebDriver.java:362) ~[selenium-remote-driver-4.29.0.jar:?]
	at org.openqa.selenium.support.pagefactory.DefaultElementLocator.findElement(DefaultElementLocator.java:68) ~[selenium-support-4.29.0.jar:?]
	at org.openqa.selenium.support.pagefactory.internal.LocatingElementHandler.invoke(LocatingElementHandler.java:38) ~[selenium-support-4.29.0.jar:?]
	at jdk.proxy2/jdk.proxy2.$Proxy30.clear(Unknown Source) ~[?:?]
	at utlity.SeleniumCommonUtils.typeText(SeleniumCommonUtils.java:49) ~[classes/:?]
	at pages.NewUserSignUpPage.signupWithNameEmail(NewUserSignUpPage.java:134) ~[classes/:?]
	at ui.testcases.LoginWithvaliduserTest.loginWithvalidUserTest(LoginWithvaliduserTest.java:29) ~[test-classes/:?]
	at java.base/jdk.internal.reflect.NativeMethodAccessorImpl.invoke0(Native Method) ~[?:?]
	at java.base/jdk.internal.reflect.NativeMethodAccessorImpl.invoke(NativeMethodAccessorImpl.java:77) ~[?:?]
	at java.base/jdk.internal.reflect.DelegatingMethodAccessorImpl.invoke(DelegatingMethodAccessorImpl.java:43) ~[?:?]
	at java.base/java.lang.reflect.Method.invoke(Method.java:568) ~[?:?]
	at org.testng.internal.invokers.MethodInvocationHelper.invokeMethod(MethodInvocationHelper.java:141) ~[testng-7.10.2.jar:7.10.2]
	at org.testng.internal.invokers.TestInvoker.invokeMethod(TestInvoker.java:686) ~[testng-7.10.2.jar:7.10.2]
	at org.testng.internal.invokers.TestInvoker.invokeTestMethod(TestInvoker.java:230) ~[testng-7.10.2.jar:7.10.2]
	at org.testng.internal.invokers.MethodRunner.runInSequence(MethodRunner.java:63) ~[testng-7.10.2.jar:7.10.2]
	at org.testng.internal.invokers.TestInvoker$MethodInvocationAgent.invoke(TestInvoker.java:992) ~[testng-7.10.2.jar:7.10.2]
	at org.testng.internal.invokers.TestInvoker.invokeTestMethods(TestInvoker.java:203) ~[testng-7.10.2.jar:7.10.2]
	at org.testng.internal.invokers.TestMethodWorker.invokeTestMethods(TestMethodWorker.java:154) ~[testng-7.10.2.jar:7.10.2]
	at org.testng.internal.invokers.TestMethodWorker.run(TestMethodWorker.java:134) ~[testng-7.10.2.jar:7.10.2]
	at java.base/java.util.ArrayList.forEach(ArrayList.java:1511) [?:?]
	at org.testng.TestRunner.privateRun(TestRunner.java:739) [testng-7.10.2.jar:7.10.2]
	at org.testng.TestRunner.run(TestRunner.java:614) [testng-7.10.2.jar:7.10.2]
	at org.testng.SuiteRunner.runTest(SuiteRunner.java:421) [testng-7.10.2.jar:7.10.2]
	at org.testng.SuiteRunner.runSequentially(SuiteRunner.java:413) [testng-7.10.2.jar:7.10.2]
	at org.testng.SuiteRunner.privateRun(SuiteRunner.java:373) [testng-7.10.2.jar:7.10.2]
	at org.testng.SuiteRunner.run(SuiteRunner.java:312) [testng-7.10.2.jar:7.10.2]
	at org.testng.SuiteRunnerWorker.runSuite(SuiteRunnerWorker.java:52) [testng-7.10.2.jar:7.10.2]
	at org.testng.SuiteRunnerWorker.run(SuiteRunnerWorker.java:95) [testng-7.10.2.jar:7.10.2]
	at org.testng.TestNG.runSuitesSequentially(TestNG.java:1274) [testng-7.10.2.jar:7.10.2]
	at org.testng.TestNG.runSuitesLocally(TestNG.java:1208) [testng-7.10.2.jar:7.10.2]
	at org.testng.TestNG.runSuites(TestNG.java:1112) [testng-7.10.2.jar:7.10.2]
	at org.testng.TestNG.run(TestNG.java:1079) [testng-7.10.2.jar:7.10.2]
	at org.apache.maven.surefire.testng.TestNGExecutor.run(TestNGExecutor.java:155) [surefire-testng-3.3.0.jar:3.3.0]
	at org.apache.maven.surefire.testng.TestNGDirectoryTestSuite.executeMulti(TestNGDirectoryTestSuite.java:169) [surefire-testng-3.3.0.jar:3.3.0]
	at org.apache.maven.surefire.testng.TestNGDirectoryTestSuite.execute(TestNGDirectoryTestSuite.java:88) [surefire-testng-3.3.0.jar:3.3.0]
	at org.apache.maven.surefire.testng.TestNGProvider.invoke(TestNGProvider.java:137) [surefire-testng-3.3.0.jar:3.3.0]
	at org.apache.maven.surefire.booter.ForkedBooter.runSuitesInProcess(ForkedBooter.java:385) [surefire-booter-3.3.0.jar:3.3.0]
	at org.apache.maven.surefire.booter.ForkedBooter.execute(ForkedBooter.java:162) [surefire-booter-3.3.0.jar:3.3.0]
	at org.apache.maven.surefire.booter.ForkedBooter.run(ForkedBooter.java:507) [surefire-booter-3.3.0.jar:3.3.0]
	at org.apache.maven.surefire.booter.ForkedBooter.main(ForkedBooter.java:495) [surefire-booter-3.3.0.jar:3.3.0]
2025-05-20 00:22:19 [main] ERROR LoggerUtils - Test Failed: loginWithvalidUserTest
2025-05-20 00:22:19 [main] ERROR LoggerUtils - Exception: 
org.openqa.selenium.NoSuchSessionException: invalid session id
Build info: version: '4.29.0', revision: '5fc1ec94cb'
System info: os.name: 'Mac OS X', os.arch: 'aarch64', os.version: '15.4.1', java.version: '17.0.12'
Driver info: org.openqa.selenium.chrome.ChromeDriver
Command: [b382e91e256ed488f65d64d774cb1ff6, screenshot {}]
Capabilities {acceptInsecureCerts: false, browserName: chrome, browserVersion: 136.0.7103.114, chrome: {chromedriverVersion: 136.0.7103.94 (fa0be0b33deb..., userDataDir: /var/folders/f3/7d9mby7j7yj...}, fedcm:accounts: true, goog:chromeOptions: {debuggerAddress: localhost:62982}, networkConnectionEnabled: false, pageLoadStrategy: normal, platformName: mac, proxy: Proxy(), se:cdp: ws://localhost:62982/devtoo..., se:cdpVersion: 136.0.7103.114, setWindowRect: true, strictFileInteractability: false, timeouts: {implicit: 0, pageLoad: 300000, script: 30000}, unhandledPromptBehavior: dismiss and notify, webauthn:extension:credBlob: true, webauthn:extension:largeBlob: true, webauthn:extension:minPinLength: true, webauthn:extension:prf: true, webauthn:virtualAuthenticators: true}
Session ID: b382e91e256ed488f65d64d774cb1ff6
	at java.base/jdk.internal.reflect.NativeConstructorAccessorImpl.newInstance0(Native Method) ~[?:?]
	at java.base/jdk.internal.reflect.NativeConstructorAccessorImpl.newInstance(NativeConstructorAccessorImpl.java:77) ~[?:?]
	at java.base/jdk.internal.reflect.DelegatingConstructorAccessorImpl.newInstance(DelegatingConstructorAccessorImpl.java:45) ~[?:?]
	at java.base/java.lang.reflect.Constructor.newInstanceWithCaller(Constructor.java:499) ~[?:?]
	at java.base/java.lang.reflect.Constructor.newInstance(Constructor.java:480) ~[?:?]
	at org.openqa.selenium.remote.ErrorCodec.decode(ErrorCodec.java:167) ~[selenium-remote-driver-4.29.0.jar:?]
	at org.openqa.selenium.remote.codec.w3c.W3CHttpResponseCodec.decode(W3CHttpResponseCodec.java:138) ~[selenium-remote-driver-4.29.0.jar:?]
	at org.openqa.selenium.remote.codec.w3c.W3CHttpResponseCodec.decode(W3CHttpResponseCodec.java:50) ~[selenium-remote-driver-4.29.0.jar:?]
	at org.openqa.selenium.remote.HttpCommandExecutor.execute(HttpCommandExecutor.java:215) ~[selenium-remote-driver-4.29.0.jar:?]
	at org.openqa.selenium.remote.service.DriverCommandExecutor.invokeExecute(DriverCommandExecutor.java:216) ~[selenium-remote-driver-4.29.0.jar:?]
	at org.openqa.selenium.remote.service.DriverCommandExecutor.execute(DriverCommandExecutor.java:174) ~[selenium-remote-driver-4.29.0.jar:?]
	at org.openqa.selenium.remote.RemoteWebDriver.execute(RemoteWebDriver.java:545) ~[selenium-remote-driver-4.29.0.jar:?]
	at org.openqa.selenium.remote.RemoteWebDriver.execute(RemoteWebDriver.java:618) ~[selenium-remote-driver-4.29.0.jar:?]
	at org.openqa.selenium.remote.RemoteWebDriver.execute(RemoteWebDriver.java:622) ~[selenium-remote-driver-4.29.0.jar:?]
	at org.openqa.selenium.remote.RemoteWebDriver.getScreenshotAs(RemoteWebDriver.java:334) ~[selenium-remote-driver-4.29.0.jar:?]
	at utlity.SeleniumCommonUtils.captureScreenshot(SeleniumCommonUtils.java:104) ~[classes/:?]
	at listeners.SeleniumListener.onTestFailure(SeleniumListener.java:43) ~[classes/:?]
	at org.testng.internal.TestListenerHelper.runTestListeners(TestListenerHelper.java:115) ~[testng-7.10.2.jar:7.10.2]
	at org.testng.internal.invokers.TestInvoker.runTestResultListener(TestInvoker.java:285) ~[testng-7.10.2.jar:7.10.2]
	at org.testng.internal.invokers.TestInvoker.invokeMethod(TestInvoker.java:774) ~[testng-7.10.2.jar:7.10.2]
	at org.testng.internal.invokers.TestInvoker.invokeTestMethod(TestInvoker.java:230) ~[testng-7.10.2.jar:7.10.2]
	at org.testng.internal.invokers.MethodRunner.runInSequence(MethodRunner.java:63) ~[testng-7.10.2.jar:7.10.2]
	at org.testng.internal.invokers.TestInvoker$MethodInvocationAgent.invoke(TestInvoker.java:992) ~[testng-7.10.2.jar:7.10.2]
	at org.testng.internal.invokers.TestInvoker.invokeTestMethods(TestInvoker.java:203) ~[testng-7.10.2.jar:7.10.2]
	at org.testng.internal.invokers.TestMethodWorker.invokeTestMethods(TestMethodWorker.java:154) ~[testng-7.10.2.jar:7.10.2]
	at org.testng.internal.invokers.TestMethodWorker.run(TestMethodWorker.java:134) ~[testng-7.10.2.jar:7.10.2]
	at java.base/java.util.ArrayList.forEach(ArrayList.java:1511) [?:?]
	at org.testng.TestRunner.privateRun(TestRunner.java:739) [testng-7.10.2.jar:7.10.2]
	at org.testng.TestRunner.run(TestRunner.java:614) [testng-7.10.2.jar:7.10.2]
	at org.testng.SuiteRunner.runTest(SuiteRunner.java:421) [testng-7.10.2.jar:7.10.2]
	at org.testng.SuiteRunner.runSequentially(SuiteRunner.java:413) [testng-7.10.2.jar:7.10.2]
	at org.testng.SuiteRunner.privateRun(SuiteRunner.java:373) [testng-7.10.2.jar:7.10.2]
	at org.testng.SuiteRunner.run(SuiteRunner.java:312) [testng-7.10.2.jar:7.10.2]
	at org.testng.SuiteRunnerWorker.runSuite(SuiteRunnerWorker.java:52) [testng-7.10.2.jar:7.10.2]
	at org.testng.SuiteRunnerWorker.run(SuiteRunnerWorker.java:95) [testng-7.10.2.jar:7.10.2]
	at org.testng.TestNG.runSuitesSequentially(TestNG.java:1274) [testng-7.10.2.jar:7.10.2]
	at org.testng.TestNG.runSuitesLocally(TestNG.java:1208) [testng-7.10.2.jar:7.10.2]
	at org.testng.TestNG.runSuites(TestNG.java:1112) [testng-7.10.2.jar:7.10.2]
	at org.testng.TestNG.run(TestNG.java:1079) [testng-7.10.2.jar:7.10.2]
	at org.apache.maven.surefire.testng.TestNGExecutor.run(TestNGExecutor.java:155) [surefire-testng-3.3.0.jar:3.3.0]
	at org.apache.maven.surefire.testng.TestNGDirectoryTestSuite.executeMulti(TestNGDirectoryTestSuite.java:169) [surefire-testng-3.3.0.jar:3.3.0]
	at org.apache.maven.surefire.testng.TestNGDirectoryTestSuite.execute(TestNGDirectoryTestSuite.java:88) [surefire-testng-3.3.0.jar:3.3.0]
	at org.apache.maven.surefire.testng.TestNGProvider.invoke(TestNGProvider.java:137) [surefire-testng-3.3.0.jar:3.3.0]
	at org.apache.maven.surefire.booter.ForkedBooter.runSuitesInProcess(ForkedBooter.java:385) [surefire-booter-3.3.0.jar:3.3.0]
	at org.apache.maven.surefire.booter.ForkedBooter.execute(ForkedBooter.java:162) [surefire-booter-3.3.0.jar:3.3.0]
	at org.apache.maven.surefire.booter.ForkedBooter.run(ForkedBooter.java:507) [surefire-booter-3.3.0.jar:3.3.0]
	at org.apache.maven.surefire.booter.ForkedBooter.main(ForkedBooter.java:495) [surefire-booter-3.3.0.jar:3.3.0]
2025-05-20 00:22:19 [main] INFO  LoggerUtils - Test Suite Finished: Surefire test
2025-05-20 00:23:50 [main] INFO  LoggerUtils - Test Suite Started: Surefire test
2025-05-20 00:23:50 [main] INFO  LoggerUtils - Browser passed from testng.xml or Hooks: chrome
2025-05-20 00:23:59 [main] INFO  LoggerUtils - Navigated to application and LoginPage initialized
2025-05-20 00:23:59 [main] INFO  LoggerUtils - Test Started: loginWithvalidUserTest
2025-05-20 00:24:00 [main] INFO  LoggerUtils - Clicked on element: [[ChromeDriver: chrome on mac (e1ea3368264f70ad3ab3c206758e0f35)] -> xpath: //a[normalize-space()='Signup / Login']]
2025-05-20 00:24:00 [main] INFO  LoggerUtils - Fetched text: New User Signup!
2025-05-20 00:25:20 [main] INFO  LoggerUtils - Entered text: rohit
2025-05-20 00:26:41 [main] INFO  LoggerUtils - Entered text: wymrda@gmail.com
2025-05-20 00:26:41 [main] INFO  LoggerUtils - Clicked on element: [[ChromeDriver: chrome on mac (e1ea3368264f70ad3ab3c206758e0f35)] -> xpath: //div[@class='signup-form']//button[@type='submit']]
2025-05-20 00:26:44 [main] INFO  LoggerUtils - Fetched attribute [value] with value: rohit
2025-05-20 00:26:44 [main] INFO  LoggerUtils - Fetched attribute [value] with value: wymrda@gmail.com
2025-05-20 00:26:44 [main] INFO  LoggerUtils - Clicked on element: [[ChromeDriver: chrome on mac (e1ea3368264f70ad3ab3c206758e0f35)] -> css selector: #uniform-id_gender1]
2025-05-20 00:26:44 [main] INFO  LoggerUtils - Entered text: Nov@1122!0091
2025-05-20 00:26:44 [main] INFO  LoggerUtils - Selected value from dropdown by value: 5
2025-05-20 00:26:44 [main] INFO  LoggerUtils - Selected value from dropdown by value: 4
2025-05-20 00:26:45 [main] INFO  LoggerUtils - Selected value from dropdown by value: 2020
2025-05-20 00:26:45 [main] INFO  LoggerUtils - Entered text: rohit
2025-05-20 00:26:45 [main] INFO  LoggerUtils - Entered text: singh
2025-05-20 00:26:45 [main] INFO  LoggerUtils - Entered text: Coforge
2025-05-20 00:26:45 [main] INFO  LoggerUtils - Entered text: noida
2025-05-20 00:26:45 [main] INFO  LoggerUtils - Selected value from dropdown by value: India
2025-05-20 00:26:45 [main] INFO  LoggerUtils - Entered text: UP
2025-05-20 00:26:45 [main] INFO  LoggerUtils - Entered text: noida
2025-05-20 00:26:45 [main] INFO  LoggerUtils - Entered text: 541234
2025-05-20 00:26:45 [main] INFO  LoggerUtils - Entered text: 7643551111
2025-05-20 00:26:46 [main] INFO  LoggerUtils - Clicked element using JavaScript.
2025-05-20 00:26:46 [main] INFO  LoggerUtils - Fetched text: ACCOUNT CREATED!
2025-05-20 00:26:46 [main] INFO  LoggerUtils - Fetched text: Congratulations! Your new account has been successfully created!
2025-05-20 00:26:53 [main] INFO  LoggerUtils - Clicked element using JavaScript.
2025-05-20 00:26:53 [main] INFO  LoggerUtils - Fetched text: rohit
2025-05-20 00:27:34 [main] INFO  LoggerUtils - Clicked on element: Proxy element for: DefaultElementLocator 'By.xpath: //a[normalize-space()='Logout']'
2025-05-20 00:28:18 [main] INFO  LoggerUtils - Clicked on element: [[ChromeDriver: chrome on mac (e1ea3368264f70ad3ab3c206758e0f35)] -> xpath: //a[normalize-space()='Signup / Login']]
2025-05-20 00:28:18 [main] INFO  LoggerUtils - Entered text: wymrda@gmail.com
2025-05-20 00:28:18 [main] INFO  LoggerUtils - Entered text: Nov@1122!0091
2025-05-20 00:28:18 [main] INFO  LoggerUtils - Clicked on element: [[ChromeDriver: chrome on mac (e1ea3368264f70ad3ab3c206758e0f35)] -> xpath: //form[@action='/login']/button[text()='Login']]
2025-05-20 00:28:26 [main] INFO  LoggerUtils - Fetched text: rohit
2025-05-20 00:29:07 [main] INFO  LoggerUtils - Clicked on element: Proxy element for: DefaultElementLocator 'By.xpath: //a[normalize-space()='Delete Account']'
2025-05-20 00:29:47 [main] INFO  LoggerUtils - Fetched text: ACCOUNT DELETED!
2025-05-20 00:29:47 [main] INFO  LoggerUtils - Fetched text: Your account has been permanently deleted!
2025-05-20 00:30:35 [main] INFO  LoggerUtils - Clicked on element: Proxy element for: DefaultElementLocator 'By.xpath: //a[text()='Continue']'
2025-05-20 00:31:55 [main] INFO  LoggerUtils - Test Passed: loginWithvalidUserTest
2025-05-20 00:31:56 [main] INFO  LoggerUtils - Browser passed from testng.xml or Hooks: chrome
2025-05-20 00:32:04 [main] INFO  LoggerUtils - Navigated to application and LoginPage initialized
2025-05-20 00:32:04 [main] INFO  LoggerUtils - Test Started: registeruserTest
2025-05-20 00:32:05 [main] INFO  LoggerUtils - Clicked on element: [[ChromeDriver: chrome on mac (be2bfb30406be69cc1369d7259b8238d)] -> xpath: //a[normalize-space()='Signup / Login']]
2025-05-20 00:32:05 [main] INFO  LoggerUtils - Fetched text: New User Signup!
2025-05-20 00:33:26 [main] INFO  LoggerUtils - Entered text: rohit
2025-05-20 00:34:46 [main] INFO  LoggerUtils - Entered text: hiakqo@gmail.com
2025-05-20 00:34:46 [main] INFO  LoggerUtils - Clicked on element: [[ChromeDriver: chrome on mac (be2bfb30406be69cc1369d7259b8238d)] -> xpath: //div[@class='signup-form']//button[@type='submit']]
2025-05-20 00:34:48 [main] INFO  LoggerUtils - Fetched attribute [value] with value: rohit
2025-05-20 00:34:48 [main] INFO  LoggerUtils - Fetched attribute [value] with value: hiakqo@gmail.com
2025-05-20 00:34:48 [main] INFO  LoggerUtils - Clicked on element: [[ChromeDriver: chrome on mac (be2bfb30406be69cc1369d7259b8238d)] -> css selector: #uniform-id_gender1]
2025-05-20 00:34:48 [main] INFO  LoggerUtils - Entered text: Nov@1122!0091
2025-05-20 00:34:48 [main] INFO  LoggerUtils - Selected value from dropdown by value: 5
2025-05-20 00:34:48 [main] INFO  LoggerUtils - Selected value from dropdown by value: 4
2025-05-20 00:34:48 [main] INFO  LoggerUtils - Selected value from dropdown by value: 2020
2025-05-20 00:34:48 [main] INFO  LoggerUtils - Entered text: rohit
2025-05-20 00:34:48 [main] INFO  LoggerUtils - Entered text: singh
2025-05-20 00:34:48 [main] INFO  LoggerUtils - Entered text: Coforge
2025-05-20 00:34:48 [main] INFO  LoggerUtils - Entered text: noida
2025-05-20 00:34:48 [main] INFO  LoggerUtils - Selected value from dropdown by value: India
2025-05-20 00:34:48 [main] INFO  LoggerUtils - Entered text: UP
2025-05-20 00:34:48 [main] INFO  LoggerUtils - Entered text: noida
2025-05-20 00:34:48 [main] INFO  LoggerUtils - Entered text: 541234
2025-05-20 00:34:48 [main] INFO  LoggerUtils - Entered text: 7643551111
2025-05-20 00:34:50 [main] INFO  LoggerUtils - Clicked element using JavaScript.
2025-05-20 00:34:50 [main] INFO  LoggerUtils - Fetched text: ACCOUNT CREATED!
2025-05-20 00:34:50 [main] INFO  LoggerUtils - Fetched text: Congratulations! Your new account has been successfully created!
2025-05-20 00:34:56 [main] INFO  LoggerUtils - Clicked element using JavaScript.
2025-05-20 00:34:56 [main] INFO  LoggerUtils - Fetched text: rohit
2025-05-20 00:35:37 [main] INFO  LoggerUtils - Clicked on element: Proxy element for: DefaultElementLocator 'By.xpath: //a[normalize-space()='Delete Account']'
2025-05-20 00:36:17 [main] INFO  LoggerUtils - Fetched text: ACCOUNT DELETED!
2025-05-20 00:36:17 [main] INFO  LoggerUtils - Fetched text: Your account has been permanently deleted!
2025-05-20 00:37:04 [main] INFO  LoggerUtils - Clicked on element: Proxy element for: DefaultElementLocator 'By.xpath: //a[text()='Continue']'
2025-05-20 00:38:24 [main] INFO  LoggerUtils - Test Passed: registeruserTest
2025-05-20 00:38:24 [main] INFO  LoggerUtils - Test Started: ValidateAbletoSearchProducts
2025-05-20 00:38:28 [main] INFO  LoggerUtils - Test Passed: ValidateAbletoSearchProducts
2025-05-20 00:38:28 [main] INFO  LoggerUtils - Test Started: getBookingId
2025-05-20 00:38:29 [main] INFO  LoggerUtils - Test Passed: getBookingId
2025-05-20 00:38:29 [main] INFO  LoggerUtils - Test Suite Finished: Surefire test
